/Users/clwang/Research/falx/venv/lib/python3.7/site-packages/rpy2/robjects/pandas2ri.py:191: FutureWarning: from_items is deprecated. Please use DataFrame.from_dict(dict(items), ...) instead. DataFrame.from_dict(OrderedDict(items)) may be used to preserve the key order.
  res = PandasDataFrame.from_items(items)
[info] Parsing spec ...
[info] Parsing succeeded
[info] Building synthesizer ...
[info] Synthesizing programs ...
[info] # candidates before getting the correct solution: 0
[info] Solution found: [gather(@param0, ['2', '3', '4'])]
[info] Parsing spec ...
[info] Parsing succeeded
[info] Building synthesizer ...
[info] Synthesizing programs ...
[info] Solution not found!
[info] Synthesizing programs ...
====> run synthesize 013.json
# num samples per layer: 8
  Value  alpha  beta  gamma  Totals
0     A    2.0   2.0    3.0     7.0
1     B    2.0   3.0    3.0     8.0
2     C    3.0   3.0    3.0     9.0
3     D    3.0   4.0    2.0     9.0
4     E    4.0   3.0    2.0     9.0
  c_x  c_y c_color
0   A  2.0   alpha
1   A  2.0    beta
2   B  3.0    beta
3   C  3.0   alpha
4   C  3.0    beta
5   C  3.0   gamma
6   D  2.0   gamma
7   D  3.0   alpha
# candidates before getting the correct solution: 0
  Value  alpha  beta  gamma  Totals
0     A    2.0   2.0    3.0     7.0
1     B    2.0   3.0    3.0     8.0
2     C    3.0   3.0    3.0     9.0
3     D    3.0   4.0    2.0     9.0
4     E    4.0   3.0    2.0     9.0
  c_x  c_y
0   A  4.0
1   A  7.0
2   B  2.0
3   B  5.0
4   C  3.0
5   D  3.0
6   E  4.0
7   E  7.0
[error] Error in interpreting spread...
[error] Error in interpreting spread...
[error] Error in interpreting spread...
[error] Error in interpreting spread...
[error] Error in interpreting spread...
[error] Error in interpreting spread...
[error] Error in interpreting spread...
[error] Error in interpreting spread...
[error] Error in interpreting spread...
[error] Error in interpreting spread...
[error] Error in interpreting spread...
[error] Error in interpreting spread...
[error] Error in interpreting spread...
[error] Error in interpreting spread...
[error] Error in interpreting spread...
[error] Error in interpreting spread...
[error] Error in interpreting spread...
[error] Error in interpreting spread...
[error] Error in interpreting spread...
[info] # candidates before getting the correct solution: 1
[info] Solution found: [mutate(@param0, +, 3, 2), gather(mutate(@param0, +, 3, 2), ['2', '5', '6'])]
# candidates before getting the correct solution: 1
## synthesize result for task 013.json
# table_prog:
  [[gather(@param0, ['2', '3', '4'])], [mutate(@param0, +, 3, 2), gather(mutate(@param0, +, 3, 2), ['2', '5', '6'])]]
# vis_spec:
    {'layer': [{'mark': {'type': 'bar', 'opacity': 0.7}, 'encoding': {'x': {'field': 'Value', 'type': 'nominal'}, 'y': {'field': 'VALUE', 'type': 'quantitative'}, 'color': {'field': 'KEY', 'type': 'nominal'}}, 'transform': [{'filter': 'datum.layer_id == 0'}]}, {'mark': {'type': 'point', 'opacity': 0.7}, 'encoding': {'x': {'field': 'Value', 'type': 'nominal'}, 'y': {'field': 'VALUE', 'type': 'quantitative'}}, 'transform': [{'filter': 'datum.layer_id == 1'}]}], 'resolve': {}}
# time used (s): 48.3761

real	0m50.117s
user	0m49.221s
sys	0m1.151s
