/Users/clwang/Research/falx/venv/lib/python3.7/site-packages/rpy2/robjects/pandas2ri.py:191: FutureWarning: from_items is deprecated. Please use DataFrame.from_dict(dict(items), ...) instead. DataFrame.from_dict(OrderedDict(items)) may be used to preserve the key order.
  res = PandasDataFrame.from_items(items)
[info] Parsing spec ...
[info] Parsing succeeded
[info] Building synthesizer ...
[info] Synthesizing programs ...
[info] Solution not found!
[info] Synthesizing programs ...
====> run synthesize 044.json
# num samples per layer: 8
     Sepal.Length  Sepal.Width  Petal.Length  Petal.Width    Species
0            51.0         35.0          14.0          2.0     setosa
1            49.0          3.0          14.0          2.0     setosa
2            47.0         32.0          13.0          2.0     setosa
3            46.0         31.0          15.0          2.0     setosa
4             5.0         36.0          14.0          2.0     setosa
5            54.0         39.0          17.0          4.0     setosa
6            46.0         34.0          14.0          3.0     setosa
7             5.0         34.0          15.0          2.0     setosa
8            44.0         29.0          14.0          2.0     setosa
9            49.0         31.0          15.0          1.0     setosa
10           54.0         37.0          15.0          2.0     setosa
11           48.0         34.0          16.0          2.0     setosa
12           48.0          3.0          14.0          1.0     setosa
13           43.0          3.0          11.0          1.0     setosa
14           58.0          4.0          12.0          2.0     setosa
15           57.0         44.0          15.0          4.0     setosa
16           54.0         39.0          13.0          4.0     setosa
17           51.0         35.0          14.0          3.0     setosa
18           57.0         38.0          17.0          3.0     setosa
19           51.0         38.0          15.0          3.0     setosa
20           54.0         34.0          17.0          2.0     setosa
21           51.0         37.0          15.0          4.0     setosa
22           46.0         36.0           1.0          2.0     setosa
23           51.0         33.0          17.0          5.0     setosa
24           48.0         34.0          19.0          2.0     setosa
25            5.0          3.0          16.0          2.0     setosa
26            5.0         34.0          16.0          4.0     setosa
27           52.0         35.0          15.0          2.0     setosa
28           52.0         34.0          14.0          2.0     setosa
29           47.0         32.0          16.0          2.0     setosa
..            ...          ...           ...          ...        ...
120          69.0         32.0          57.0         23.0  virginica
121          56.0         28.0          49.0          2.0  virginica
122          77.0         28.0          67.0          2.0  virginica
123          63.0         27.0          49.0         18.0  virginica
124          67.0         33.0          57.0         21.0  virginica
125          72.0         32.0           6.0         18.0  virginica
126          62.0         28.0          48.0         18.0  virginica
127          61.0          3.0          49.0         18.0  virginica
128          64.0         28.0          56.0         21.0  virginica
129          72.0          3.0          58.0         16.0  virginica
130          74.0         28.0          61.0         19.0  virginica
131          79.0         38.0          64.0          2.0  virginica
132          64.0         28.0          56.0         22.0  virginica
133          63.0         28.0          51.0         15.0  virginica
134          61.0         26.0          56.0         14.0  virginica
135          77.0          3.0          61.0         23.0  virginica
136          63.0         34.0          56.0         24.0  virginica
137          64.0         31.0          55.0         18.0  virginica
138           6.0          3.0          48.0         18.0  virginica
139          69.0         31.0          54.0         21.0  virginica
140          67.0         31.0          56.0         24.0  virginica
141          69.0         31.0          51.0         23.0  virginica
142          58.0         27.0          51.0         19.0  virginica
143          68.0         32.0          59.0         23.0  virginica
144          67.0         33.0          57.0         25.0  virginica
145          67.0          3.0          52.0         23.0  virginica
146          63.0         25.0           5.0         19.0  virginica
147          65.0          3.0          52.0          2.0  virginica
148          62.0         34.0          54.0         23.0  virginica
149          59.0          3.0          51.0         18.0  virginica

[150 rows x 5 columns]
          c_x     c_y       c_color
0      setosa  1516.0   Sepal.Width
1      setosa  2143.0  Sepal.Length
2      setosa   722.0  Petal.Length
3  versicolor  1151.0   Sepal.Width
4  versicolor   600.0   Petal.Width
5   virginica  1163.0   Sepal.Width
6   virginica  3186.0  Sepal.Length
7   virginica   905.0   Petal.Width
[error] Error in interpreting spread...
[error] Error in interpreting spread...
[error] Error in interpreting spread...
[error] Error in interpreting spread...
[error] Error in interpreting spread...
[error] Error in interpreting spread...
[error] Error in interpreting spread...
[error] Error in interpreting spread...
[error] Error in interpreting spread...
[error] Error in interpreting spread...
[error] Error in interpreting spread...
[error] Error in interpreting spread...
[error] Error in interpreting spread...
[error] Error in interpreting spread...
[error] Error in interpreting spread...
[error] Error in interpreting spread...
[error] Error in interpreting spread...
[error] Error in interpreting spread...
[error] Error in interpreting spread...
[error] Error in interpreting spread...
[error] Error in interpreting spread...
[error] Error in interpreting spread...
[error] Error in interpreting spread...
[error] Error in interpreting spread...
[error] Error in interpreting spread...
[error] Error in interpreting spread...
[error] Error in interpreting spread...
[error] Error in interpreting spread...
[error] Error in interpreting spread...
[error] Error in interpreting spread...
[error] Error in interpreting spread...
[error] Error in interpreting spread...
[error] Error in interpreting spread...
[error] Error in interpreting spread...
[error] Error in interpreting spread...
[error] Error in interpreting spread...
[error] Error in interpreting spread...
[error] Error in interpreting spread...
[error] Error in interpreting spread...
[error] Error in interpreting spread...
[error] Error in interpreting spread...
[error] Error in interpreting spread...
[error] Error in interpreting spread...
[error] Error in interpreting spread...
[error] Error in interpreting spread...
[error] Error in interpreting spread...
[error] Error in interpreting spread...
[error] Error in interpreting spread...
[error] Error in interpreting spread...
[error] Error in interpreting spread...
[error] Error in interpreting spread...
[error] Error in interpreting spread...
[error] Error in interpreting spread...
[error] Error in interpreting spread...
[error] Error in interpreting spread...
[error] Error in interpreting spread...
[error] Error in interpreting spread...
[error] Error in interpreting spread...
[error] Error in interpreting spread...
[error] Error in interpreting spread...
[error] Error in interpreting spread...
[error] Error in interpreting spread...
[error] Error in interpreting spread...
[error] Error in interpreting spread...
[error] Error in interpreting spread...
[error] Error in interpreting spread...
[error] Error in interpreting spread...
[error] Error in interpreting spread...
[error] Error in interpreting spread...
[error] Error in interpreting spread...
[error] Error in interpreting spread...
[error] Error in interpreting spread...
[error] Error in interpreting spread...
[error] Error in interpreting spread...
[error] Error in interpreting spread...
[error] Error in interpreting spread...
[error] Error in interpreting spread...
[error] Error in interpreting spread...
[error] Error in interpreting spread...
[error] Error in interpreting spread...
[error] Error in interpreting spread...
[error] Error in interpreting spread...
[error] Error in interpreting spread...
[error] Error in interpreting spread...
[error] Error in interpreting spread...
[error] Error in interpreting spread...
[error] Error in interpreting spread...
[error] Error in interpreting spread...
[error] Error in interpreting spread...
[error] Error in interpreting spread...
[error] Error in interpreting spread...
[error] Error in interpreting spread...
[error] Error in interpreting spread...
[error] Error in interpreting spread...
[error] Error in interpreting spread...
[error] Error in interpreting spread...
[error] Error in interpreting spread...
[error] Error in interpreting spread...
[error] Error in interpreting spread...
[error] Error in interpreting spread...
[error] Error in interpreting spread...
[error] Error in interpreting spread...
[error] Error in interpreting spread...
[error] Error in interpreting spread...
[error] Error in interpreting spread...
[error] Error in interpreting spread...
[error] Error in interpreting spread...
[error] Error in interpreting spread...
[error] Error in interpreting spread...
[error] Error in interpreting spread...
[error] Error in interpreting spread...
[error] Error in interpreting spread...
[error] Error in interpreting spread...
[error] Error in interpreting spread...
[error] Error in interpreting spread...
[error] Error in interpreting spread...
[error] Error in interpreting spread...
[error] Error in interpreting spread...
[error] Error in interpreting spread...
[error] Error in interpreting spread...
[error] Error in interpreting spread...
[error] Error in interpreting spread...
[error] Error in interpreting spread...
[error] Error in interpreting spread...
[error] Error in interpreting spread...
[error] Error in interpreting spread...
[error] Error in interpreting spread...
[error] Error in interpreting spread...
[error] Error in interpreting spread...
[error] Error in interpreting spread...
[error] Error in interpreting spread...
[error] Error in interpreting spread...
[error] Error in interpreting spread...
[error] Error in interpreting spread...
[error] Error in interpreting spread...
[error] Error in interpreting spread...
[error] Error in interpreting spread...
[error] Error in interpreting spread...
[error] Error in interpreting spread...
[error] Error in interpreting spread...
[error] Error in interpreting spread...
[error] Error in interpreting spread...
[error] Error in interpreting spread...
[error] Error in interpreting spread...
[error] Error in interpreting spread...
[error] Error in interpreting spread...
[error] Error in interpreting spread...
[error] Error in interpreting spread...
[error] Error in interpreting spread...
[error] Error in interpreting spread...
[error] Error in interpreting spread...
[error] Error in interpreting spread...
[error] Error in interpreting spread...
[error] Error in interpreting spread...
[error] Error in interpreting spread...
[error] Error in interpreting spread...
[error] Error in interpreting spread...
[error] Error in interpreting spread...
[error] Error in interpreting spread...
[error] Error in interpreting spread...
[error] Error in interpreting spread...
[error] Error in interpreting spread...
[error] Error in interpreting spread...
[error] Error in interpreting spread...
[error] Error in interpreting spread...
[error] Error in interpreting spread...
[error] Error in interpreting spread...
[error] Error in interpreting spread...
[error] Error in interpreting spread...
[info] # candidates before getting the correct solution: 0
[info] Solution found: [gatherNeg(@param0, ['-5']), groupSum(gatherNeg(@param0, ['-5']), sum, 3, ['1', '2'])]
# candidates before getting the correct solution: 0
## synthesize result for task 044.json
# table_prog:
  [gatherNeg(@param0, ['-5']), groupSum(gatherNeg(@param0, ['-5']), sum, 3, ['1', '2'])]
# vis_spec:
    {'mark': 'bar', 'encoding': {'x': {'field': 'Species', 'type': 'nominal'}, 'y': {'field': 'COL501', 'type': 'quantitative'}, 'color': {'field': 'KEY', 'type': 'nominal'}}}
# time used (s): 10.5877

real	0m12.414s
user	0m12.357s
sys	0m0.338s
