/Users/yufeng/research/vis-pirate/venv/lib/python3.7/site-packages/rpy2/robjects/pandas2ri.py:191: FutureWarning: from_items is deprecated. Please use DataFrame.from_dict(dict(items), ...) instead. DataFrame.from_dict(OrderedDict(items)) may be used to preserve the key order.
  res = PandasDataFrame.from_items(items)
[info] Parsing spec ...
[info] Parsing succeeded
[info] Building synthesizer ...
[info] Synthesizing programs ...
[info] # candidates before getting the correct solution: 0
[info] Solution found: gatherNeg(@param0, ['-1', '-5', '-6'])
[info] Parsing spec ...
[info] Parsing succeeded
[info] Building synthesizer ...
[info] Synthesizing programs ...
[info] # candidates before getting the correct solution: 0
[info] Solution found: gather(@param0, ['5'])
====> run synthesize 005.json
# num samples per layer: 4
  Month  Sales  Cost  Profit    ROI
0   Jan   10.0   6.0     4.0  66.67
1   Feb   20.0  15.0     5.0  33.33
2   Mar   30.0  24.0     6.0  25.00
3   Apr   40.0  33.0     7.0  21.21
4   May   50.0  42.0     8.0  19.05
5   Jun   60.0  51.0     9.0  17.65
    c_x   c_y c_color
0   Apr  33.0    Cost
1   Apr  40.0   Sales
2   Apr   7.0  Profit
3   Feb  15.0    Cost
4   Feb  20.0   Sales
5   Feb   5.0  Profit
6   Jan  10.0   Sales
7   Jan   4.0  Profit
8   Jan   6.0    Cost
9   Jun  51.0    Cost
10  Jun  60.0   Sales
11  Jun   9.0  Profit
12  Mar  24.0    Cost
13  Mar  30.0   Sales
14  Mar   6.0  Profit
15  May  42.0    Cost
16  May  50.0   Sales
17  May   8.0  Profit
# candidates before getting the correct solution: 0
  Month  Sales  Cost  Profit    ROI
0   Jan   10.0   6.0     4.0  66.67
1   Feb   20.0  15.0     5.0  33.33
2   Mar   30.0  24.0     6.0  25.00
3   Apr   40.0  33.0     7.0  21.21
4   May   50.0  42.0     8.0  19.05
5   Jun   60.0  51.0     9.0  17.65
  c_color  c_x    c_y
0     ROI  Apr  21.21
1     ROI  Feb  33.33
2     ROI  Jan  66.67
3     ROI  Jun  17.65
4     ROI  Mar  25.00
5     ROI  May  19.05
# candidates before getting the correct solution: 0
## synthesize result for task 005.json
# table_prog:
  [ApplyNode(gatherNeg, [ParamNode(0), AtomNode(['-1', '-5', '-6'])]), ApplyNode(gather, [ParamNode(0), AtomNode(['5'])])]
# vis_spec:
    {'layer': [{'mark': {'type': 'bar', 'opacity': 0.7}, 'encoding': {'x': {'field': 'Month', 'type': 'nominal'}, 'y': {'field': 'VALUE', 'type': 'quantitative'}, 'color': {'field': 'KEY', 'type': 'nominal'}}, 'transform': [{'filter': 'datum.layer_id == 0'}]}, {'mark': {'type': 'line', 'opacity': 0.7}, 'encoding': {'x': {'field': 'Month', 'type': 'nominal'}, 'y': {'field': 'VALUE', 'type': 'quantitative'}, 'color': {'field': 'KEY', 'type': 'nominal'}, 'order': {'field': 'Month', 'type': 'quantitative'}}, 'transform': [{'filter': 'datum.layer_id == 1'}]}], 'resolve': {}}
# time used (s): 1.4444

real	0m3.225s
user	0m3.123s
sys	0m0.189s
