/Users/yufeng/research/vis-pirate/venv/lib/python3.7/site-packages/rpy2/robjects/pandas2ri.py:191: FutureWarning: from_items is deprecated. Please use DataFrame.from_dict(dict(items), ...) instead. DataFrame.from_dict(OrderedDict(items)) may be used to preserve the key order.
  res = PandasDataFrame.from_items(items)
[info] Parsing spec ...
[info] Parsing succeeded
[info] Building synthesizer ...
[info] Synthesizing programs ...
[info] # candidates before getting the correct solution: 0
[info] Solution found: gatherNeg(@param0, ['-1', '-6'])
====> run synthesize 006.json
# num samples per layer: 4
     Bucket  Budgeted  Actual
0  Bucket E     100.0   115.0
1  Bucket D     100.0    90.0
2  Bucket C     125.0   115.0
3  Bucket B     125.0   140.0
4  Bucket A     140.0   150.0
        c_x    c_y   c_color
0  Bucket A  140.0  Budgeted
1  Bucket A  150.0    Actual
2  Bucket B  125.0  Budgeted
3  Bucket B  140.0    Actual
4  Bucket C  115.0    Actual
5  Bucket C  125.0  Budgeted
6  Bucket D  100.0  Budgeted
7  Bucket D   90.0    Actual
8  Bucket E  100.0  Budgeted
9  Bucket E  115.0    Actual
# candidates before getting the correct solution: 0
## synthesize result for task 006.json
# table_prog:
  gatherNeg(@param0, ['-1', '-6'])
# vis_spec:
    {'mark': 'bar', 'encoding': {'x': {'field': 'Bucket', 'type': 'nominal'}, 'y': {'field': 'VALUE', 'type': 'quantitative'}, 'color': {'field': 'KEY', 'type': 'nominal'}}}
# time used (s): 0.7736

real	0m2.530s
user	0m2.453s
sys	0m0.172s
