/Users/yufeng/research/vis-pirate/venv/lib/python3.7/site-packages/rpy2/robjects/pandas2ri.py:191: FutureWarning: from_items is deprecated. Please use DataFrame.from_dict(dict(items), ...) instead. DataFrame.from_dict(OrderedDict(items)) may be used to preserve the key order.
  res = PandasDataFrame.from_items(items)
[info] Parsing spec ...
[info] Parsing succeeded
[info] Building synthesizer ...
[info] Synthesizing programs ...
[info] # candidates before getting the correct solution: 0
[info] Solution found: gatherNeg(@param0, ['-1', '-2'])
====> run synthesize 012.json
# num samples per layer: 4
    C1        C2  North_America  EMEA  APAC  LATAM
0   Q1  Targeted           56.0  66.0  48.0   48.0
1   Q1   Engaged           52.0  65.0  47.0   48.0
2   Q1   Pitched           45.0  59.0  45.0   44.0
3   Q1   Adopted           36.0  52.0  38.0   31.0
4   Q2  Targeted           50.0  56.0  39.0   43.0
5   Q2   Engaged           43.0  54.0  37.0   41.0
6   Q2   Pitched           39.0  50.0  35.0   37.0
7   Q2   Adopted           31.0  42.0  27.0   26.0
8   Q3  Targeted           70.0  91.0  87.0   95.0
9   Q3   Engaged           55.0  78.0  75.0   80.0
10  Q3   Pitched           50.0  72.0  74.0   73.0
11  Q3   Adopted           40.0  62.0  59.0   53.0
   c_color       c_column       c_x   c_y
0       Q1           APAC   Adopted  38.0
1       Q1           APAC   Engaged  47.0
2       Q1           APAC   Pitched  45.0
3       Q1           APAC  Targeted  48.0
4       Q1           EMEA   Adopted  52.0
5       Q1           EMEA   Engaged  65.0
6       Q1           EMEA   Pitched  59.0
7       Q1           EMEA  Targeted  66.0
8       Q1          LATAM   Adopted  31.0
9       Q1          LATAM   Engaged  48.0
10      Q1          LATAM   Pitched  44.0
11      Q1          LATAM  Targeted  48.0
12      Q1  North_America   Adopted  36.0
13      Q1  North_America   Engaged  52.0
14      Q1  North_America   Pitched  45.0
15      Q1  North_America  Targeted  56.0
16      Q2           APAC   Adopted  27.0
17      Q2           APAC   Engaged  37.0
18      Q2           APAC   Pitched  35.0
19      Q2           APAC  Targeted  39.0
20      Q2           EMEA   Adopted  42.0
21      Q2           EMEA   Engaged  54.0
22      Q2           EMEA   Pitched  50.0
23      Q2           EMEA  Targeted  56.0
24      Q2          LATAM   Adopted  26.0
25      Q2          LATAM   Engaged  41.0
26      Q2          LATAM   Pitched  37.0
27      Q2          LATAM  Targeted  43.0
28      Q2  North_America   Adopted  31.0
29      Q2  North_America   Engaged  43.0
30      Q2  North_America   Pitched  39.0
31      Q2  North_America  Targeted  50.0
32      Q3           APAC   Adopted  59.0
33      Q3           APAC   Engaged  75.0
34      Q3           APAC   Pitched  74.0
35      Q3           APAC  Targeted  87.0
36      Q3           EMEA   Adopted  62.0
37      Q3           EMEA   Engaged  78.0
38      Q3           EMEA   Pitched  72.0
39      Q3           EMEA  Targeted  91.0
40      Q3          LATAM   Adopted  53.0
41      Q3          LATAM   Engaged  80.0
42      Q3          LATAM   Pitched  73.0
43      Q3          LATAM  Targeted  95.0
44      Q3  North_America   Adopted  40.0
45      Q3  North_America   Engaged  55.0
46      Q3  North_America   Pitched  50.0
47      Q3  North_America  Targeted  70.0
# candidates before getting the correct solution: 0
## synthesize result for task 012.json
# table_prog:
  gatherNeg(@param0, ['-1', '-2'])
# vis_spec:
    {'mark': 'line', 'encoding': {'x': {'field': 'C2', 'type': 'nominal'}, 'y': {'field': 'VALUE', 'type': 'quantitative'}, 'color': {'field': 'C1', 'type': 'nominal'}, 'column': {'field': 'KEY', 'type': 'nominal'}, 'order': {'field': 'C2', 'type': 'quantitative'}}}
# time used (s): 1.2500

real	0m3.060s
user	0m2.942s
sys	0m0.206s
