/Users/yufeng/research/vis-pirate/venv/lib/python3.7/site-packages/rpy2/robjects/pandas2ri.py:191: FutureWarning: from_items is deprecated. Please use DataFrame.from_dict(dict(items), ...) instead. DataFrame.from_dict(OrderedDict(items)) may be used to preserve the key order.
  res = PandasDataFrame.from_items(items)
[info] Parsing spec ...
[info] Parsing succeeded
[info] Building synthesizer ...
[info] Synthesizing programs ...
====> run synthesize 026.json
# num samples per layer: 4
     data_ora      site      type  value
0       06_00    e90e50  computer   22.0
1       06_00    e90e50    mobile    8.0
2       06_00  e90e50fx  computer   17.0
3       06_00  e90e50fx    mobile    5.0
4       06_01    e90e50  computer    8.0
5       06_01    e90e50    mobile    7.0
6       06_01  e90e50fx  computer   22.0
7       06_01  e90e50fx    mobile    6.0
8       06_02    e90e50  computer   18.0
9       06_02    e90e50    mobile    5.0
10      06_02  e90e50fx  computer   17.0
11      06_02  e90e50fx    mobile   11.0
12      06_03    e90e50  computer   19.0
13      06_03    e90e50    mobile   10.0
14      06_03  e90e50fx  computer   14.0
15      06_03  e90e50fx    mobile    7.0
16      06_04    e90e50  computer    8.0
17      06_04    e90e50    mobile   12.0
18      06_04  e90e50fx  computer   22.0
19      06_04  e90e50fx    mobile    7.0
20      06_05    e90e50  computer   19.0
21      06_05    e90e50    mobile   10.0
22      06_05  e90e50fx  computer    8.0
23      06_05  e90e50fx    mobile    6.0
24      06_06    e90e50  computer   19.0
25      06_06    e90e50    mobile    8.0
26      06_06  e90e50fx  computer   12.0
27      06_06  e90e50fx    mobile    8.0
28      06_07    e90e50  computer    8.0
29      06_07    e90e50    mobile    8.0
...       ...       ...       ...    ...
1956    30_09    e90e50  computer   11.0
1957    30_09    e90e50    mobile    0.0
1958    30_09  e90e50fx  computer   12.0
1959    30_09  e90e50fx    mobile    0.0
1960    30_10    e90e50  computer    4.0
1961    30_10    e90e50    mobile    0.0
1962    30_10  e90e50fx  computer   12.0
1963    30_10  e90e50fx    mobile    6.0
1964    30_11    e90e50  computer    0.0
1965    30_11    e90e50    mobile    6.0
1966    30_11  e90e50fx  computer   11.0
1967    30_11  e90e50fx    mobile    4.0
1968    30_12    e90e50  computer    0.0
1969    30_12    e90e50    mobile    5.0
1970    30_12  e90e50fx  computer    4.0
1971    30_12  e90e50fx    mobile    4.0
1972    30_13    e90e50  computer    8.0
1973    30_13    e90e50    mobile    6.0
1974    30_13  e90e50fx  computer    4.0
1975    30_13  e90e50fx    mobile    0.0
1976    30_14    e90e50  computer    0.0
1977    30_14    e90e50    mobile    6.0
1978    30_14  e90e50fx  computer    0.0
1979    30_14  e90e50fx    mobile    5.0
1980    30_15    e90e50  computer    9.0
1981    30_15    e90e50    mobile    9.0
1982    30_15  e90e50fx  computer    9.0
1983    30_15  e90e50fx    mobile    8.0
1984    30_16    e90e50  computer   21.0
1985    30_16    e90e50    mobile   14.0

[1986 rows x 4 columns]
    c_x c_y  c_color
0    06  00    155.0
1    06  01    149.0
2    06  02    156.0
3    06  03    149.0
4    06  04    139.0
5    06  05    140.0
6    06  06    157.0
7    06  07    156.0
8    06  08    135.0
9    06  09    144.0
10   06  10    135.0
11   06  11    135.0
12   06  12    144.0
13   06  13    135.0
14   06  14    153.0
15   06  15    320.0
16   06  16    275.0
17   06  17    345.0
18   06  18    285.0
19   06  19    293.0
20   06  20    277.0
21   06  21    153.0
22   06  22    148.0
23   06  23    129.0
24   13  00     43.0
25   13  01     39.0
26   13  02     43.0
27   13  03     40.0
28   13  04     64.0
29   13  05     37.0
..   ..  ..      ...
419  29  11     19.0
420  29  12     23.0
421  29  13     14.0
422  29  14     28.0
423  29  15     52.0
424  29  16     45.0
425  29  17     44.0
426  29  18     49.0
427  29  19     43.0
428  29  20     48.0
429  29  21     22.0
430  29  22     29.0
431  29  23     24.0
432  30  00     23.0
433  30  01      9.0
434  30  02     18.0
435  30  03     12.0
436  30  04     16.0
437  30  05     27.0
438  30  06     24.0
439  30  07     24.0
440  30  08     25.0
441  30  09     23.0
442  30  10     22.0
443  30  11     21.0
444  30  12     13.0
445  30  13     18.0
446  30  14     11.0
447  30  15     35.0
448  30  16     35.0

[449 rows x 3 columns]
[error] Error in interpreting spread...
[error] Error in interpreting spread...
[error] Error in interpreting spread...
[error] Error in interpreting spread...
[error] Error in interpreting spread...
[error] Error in interpreting spread...
[info] Solution not found!
[info] Synthesizing programs ...

real	5m0.060s
user	4m53.680s
sys	0m2.118s
