/Users/yufeng/research/vis-pirate/venv/lib/python3.7/site-packages/rpy2/robjects/pandas2ri.py:191: FutureWarning: from_items is deprecated. Please use DataFrame.from_dict(dict(items), ...) instead. DataFrame.from_dict(OrderedDict(items)) may be used to preserve the key order.
  res = PandasDataFrame.from_items(items)
[info] Parsing spec ...
[info] Parsing succeeded
[info] Building synthesizer ...
[info] Synthesizing programs ...
[info] # candidates before getting the correct solution: 0
[info] Solution found: gatherNeg(@param0, ['-1'])
====> run synthesize 027.json
# num samples per layer: 4
         Period     00     01     02  ...       08      09     10     11
0        Actual  120.0  150.0  240.0  ...    250.0  1100.0  500.0  950.0
1  Interval = 2    0.0  135.0  195.0  ...    560.0   675.0  800.0  725.0
2  Interval = 4    0.0    0.0    0.0  ...    405.0   585.0  680.0  700.0
3  Interval = 6    0.0    0.0    0.0  ...    395.0   488.0  536.0  631.0

[4 rows x 13 columns]
         c_color c_x     c_y
0         Actual  00   120.0
1         Actual  01   150.0
2         Actual  02   240.0
3         Actual  03   540.0
4         Actual  04   210.0
5         Actual  05   380.0
6         Actual  06   120.0
7         Actual  07   870.0
8         Actual  08   250.0
9         Actual  09  1100.0
10        Actual  10   500.0
11        Actual  11   950.0
12  Interval = 2  00     0.0
13  Interval = 2  01   135.0
14  Interval = 2  02   195.0
15  Interval = 2  03   390.0
16  Interval = 2  04   375.0
17  Interval = 2  05   295.0
18  Interval = 2  06   250.0
19  Interval = 2  07   495.0
20  Interval = 2  08   560.0
21  Interval = 2  09   675.0
22  Interval = 2  10   800.0
23  Interval = 2  11   725.0
24  Interval = 4  00     0.0
25  Interval = 4  01     0.0
26  Interval = 4  02     0.0
27  Interval = 4  03   262.5
28  Interval = 4  04   285.0
29  Interval = 4  05   342.5
30  Interval = 4  06   312.5
31  Interval = 4  07   395.0
32  Interval = 4  08   405.0
33  Interval = 4  09   585.0
34  Interval = 4  10   680.0
35  Interval = 4  11   700.0
36  Interval = 6  00     0.0
37  Interval = 6  01     0.0
38  Interval = 6  02     0.0
39  Interval = 6  03     0.0
40  Interval = 6  04     0.0
41  Interval = 6  05   273.0
42  Interval = 6  06   273.0
43  Interval = 6  07   393.0
44  Interval = 6  08   395.0
45  Interval = 6  09   488.0
46  Interval = 6  10   536.0
47  Interval = 6  11   631.0
# candidates before getting the correct solution: 0
## synthesize result for task 027.json
# table_prog:
  gatherNeg(@param0, ['-1'])
# vis_spec:
    {'mark': 'line', 'encoding': {'x': {'field': 'KEY', 'type': 'nominal'}, 'y': {'field': 'VALUE', 'type': 'quantitative'}, 'color': {'field': 'Period', 'type': 'nominal'}, 'order': {'field': 'KEY', 'type': 'quantitative'}}}
# time used (s): 2.0083

real	0m4.424s
user	0m3.593s
sys	0m0.337s
