/Users/yufeng/research/vis-pirate/venv/lib/python3.7/site-packages/rpy2/robjects/pandas2ri.py:191: FutureWarning: from_items is deprecated. Please use DataFrame.from_dict(dict(items), ...) instead. DataFrame.from_dict(OrderedDict(items)) may be used to preserve the key order.
  res = PandasDataFrame.from_items(items)
[info] Parsing spec ...
[info] Parsing succeeded
[info] Building synthesizer ...
[info] Synthesizing programs ...
[info] Solution not found!
[info] Synthesizing programs ...
====> run synthesize 034.json
# num samples per layer: 4
   Timeline          ...           Upper Confidence Bound
0    Jul-15          ...                                 
1    Aug-15          ...                                 
2    Sep-15          ...                                 
3    Oct-15          ...                                 
4    Nov-15          ...                                 
5    Dec-15          ...                                 
6    Jan-16          ...                                 
7    Feb-16          ...                                 
8    Mar-16          ...                                 
9    Apr-16          ...                                 
10   May-16          ...                                 
11   Jun-16          ...                             1097
12   Jul-16          ...                          3793.83
13   Aug-16          ...                          3801.32
14   Sep-16          ...                          3808.99

[15 rows x 5 columns]
                   c_color     c_x          c_y
0                 Forecast  Aug-16   924.495604
1                 Forecast  Jul-16   939.924605
2                 Forecast  Jun-16  1097.000000
3                 Forecast  Sep-16   909.066603
4   Lower Confidence Bound  Aug-16 -1952.330000
5   Lower Confidence Bound  Jul-16 -1913.980000
6   Lower Confidence Bound  Jun-16  1097.000000
7   Lower Confidence Bound  Sep-16 -1990.860000
8   Upper Confidence Bound  Aug-16  3801.320000
9   Upper Confidence Bound  Jul-16  3793.830000
10  Upper Confidence Bound  Jun-16  1097.000000
11  Upper Confidence Bound  Sep-16  3808.990000
12                  Values  Apr-16  1466.000000
13                  Values  Aug-15   500.000000
14                  Values  Dec-15   300.000000
15                  Values  Feb-16   742.000000
16                  Values  Jan-16   265.000000
17                  Values  Jul-15   436.000000
18                  Values  Jun-16  1097.000000
19                  Values  Mar-16  1955.000000
20                  Values  May-16   584.000000
21                  Values  Nov-15  1674.000000
22                  Values  Oct-15  5124.000000
23                  Values  Sep-15   805.000000
[error] Error in interpreting spread...
[error] Error in interpreting spread...
[error] Error in interpreting spread...
[error] Error in interpreting spread...
[error] Error in interpreting spread...
[error] Error in interpreting spread...
[error] Error in interpreting spread...
[error] Error in interpreting spread...
[error] Error in interpreting spread...
[error] Error in interpreting spread...
[error] Error in interpreting spread...
[error] Error in interpreting spread...
[error] Error in interpreting spread...
[error] Error in interpreting spread...
[error] Error in interpreting spread...
[error] Error in interpreting spread...
[error] Error in interpreting spread...
[error] Error in interpreting spread...
[error] Error in interpreting spread...
[error] Error in interpreting spread...
[error] Error in interpreting spread...
[error] Error in interpreting spread...
[error] Error in interpreting spread...
[error] Error in interpreting spread...
[error] Error in interpreting spread...
[error] Error in interpreting spread...
[error] Error in interpreting spread...
[error] Error in interpreting spread...
[error] Error in interpreting spread...
[error] Error in interpreting spread...
[error] Error in interpreting spread...
[error] Error in interpreting spread...
[error] Error in interpreting spread...
[error] Error in interpreting spread...
[error] Error in interpreting spread...
[error] Error in interpreting spread...
[error] Error in interpreting spread...
[error] Error in interpreting spread...
[error] Error in interpreting spread...
[error] Error in interpreting spread...
[error] Error in interpreting spread...
[error] Error in interpreting spread...
[error] Error in interpreting spread...
[error] Error in interpreting spread...
[error] Error in interpreting spread...
[error] Error in interpreting spread...
[error] Error in interpreting spread...
[error] Error in interpreting spread...
[error] Error in interpreting spread...
[error] Error in interpreting spread...
[error] Error in interpreting spread...
[error] Error in interpreting spread...
[error] Error in interpreting spread...
[error] Error in interpreting spread...
[info] Solution not found!
## synthesize result for task 034.json

real	4m12.468s
user	3m51.499s
sys	0m6.463s
