/Users/yufeng/research/vis-pirate/venv/lib/python3.7/site-packages/rpy2/robjects/pandas2ri.py:191: FutureWarning: from_items is deprecated. Please use DataFrame.from_dict(dict(items), ...) instead. DataFrame.from_dict(OrderedDict(items)) may be used to preserve the key order.
  res = PandasDataFrame.from_items(items)
[info] Parsing spec ...
[info] Parsing succeeded
[info] Building synthesizer ...
[info] Synthesizing programs ...
[info] # candidates before getting the correct solution: 0
[info] Solution found: gather(@param0, ['1'])
[info] Parsing spec ...
[info] Parsing succeeded
[info] Building synthesizer ...
[info] Synthesizing programs ...
[info] # candidates before getting the correct solution: 0
[info] Solution found: gatherNeg(@param0, ['-1', '-2'])
====> run synthesize 035.json
# num samples per layer: 4
  DATA  Value  Lower  Upper
0    A  100.0   80.0  116.0
1    B  120.0  103.0  138.0
2    C  140.0  106.0  157.0
3    D   80.0   75.0   85.0
4    E   90.0   85.0  102.0
  c_x    c_y
0   A  100.0
1   B  120.0
2   C  140.0
3   D   80.0
4   E   90.0
# candidates before getting the correct solution: 0
  DATA  Value  Lower  Upper
0    A  100.0   80.0  116.0
1    B  120.0  103.0  138.0
2    C  140.0  106.0  157.0
3    D   80.0   75.0   85.0
4    E   90.0   85.0  102.0
  c_x    c_y c_color
0   A  116.0   Upper
1   A   80.0   Lower
2   B  103.0   Lower
3   B  138.0   Upper
4   C  106.0   Lower
5   C  157.0   Upper
6   D   75.0   Lower
7   D   85.0   Upper
8   E  102.0   Upper
9   E   85.0   Lower
# candidates before getting the correct solution: 0
## synthesize result for task 035.json
# table_prog:
  [ApplyNode(gather, [ParamNode(0), AtomNode(['1'])]), ApplyNode(gatherNeg, [ParamNode(0), AtomNode(['-1', '-2'])])]
# vis_spec:
    {'layer': [{'mark': {'type': 'bar', 'opacity': 0.7}, 'encoding': {'x': {'field': 'VALUE', 'type': 'nominal', 'sort': None}, 'y': {'field': 'Value', 'type': 'quantitative'}}, 'transform': [{'filter': 'datum.layer_id == 0'}]}, {'mark': {'type': 'point', 'opacity': 0.7}, 'encoding': {'x': {'field': 'DATA', 'type': 'nominal'}, 'y': {'field': 'VALUE', 'type': 'quantitative'}, 'color': {'field': 'KEY', 'type': 'nominal'}}, 'transform': [{'filter': 'datum.layer_id == 1'}]}], 'resolve': {}}
# time used (s): 1.2810

real	0m3.839s
user	0m3.226s
sys	0m0.328s
