/Users/yufeng/research/vis-pirate/venv/lib/python3.7/site-packages/rpy2/robjects/pandas2ri.py:191: FutureWarning: from_items is deprecated. Please use DataFrame.from_dict(dict(items), ...) instead. DataFrame.from_dict(OrderedDict(items)) may be used to preserve the key order.
  res = PandasDataFrame.from_items(items)
[info] Parsing spec ...
[info] Parsing succeeded
[info] Building synthesizer ...
[info] Synthesizing programs ...
[info] # candidates before getting the correct solution: 0
[info] Solution found: gatherNeg(@param0, ['-1', '-6'])
====> run synthesize 038.json
# num samples per layer: 4
     x  group1  group2  group3  group4
0  1.0    56.0    63.0    51.0    53.0
1  2.0    23.0    34.0    46.0    52.0
2  3.0    96.0    45.0    63.0    74.0
3  4.0    24.0    36.0    33.0    95.0
4  5.0    75.0    47.0    33.0    46.0
5  6.0    67.0    43.0    34.0    78.0
6  7.0    42.0    51.0    83.0    55.0
7  8.0    45.0    94.0    40.0    41.0
   c_color  c_x   c_y
0   group1  1.0  56.0
1   group1  2.0  23.0
2   group1  3.0  96.0
3   group1  4.0  24.0
4   group1  5.0  75.0
5   group1  6.0  67.0
6   group1  7.0  42.0
7   group1  8.0  45.0
8   group2  1.0  63.0
9   group2  2.0  34.0
10  group2  3.0  45.0
11  group2  4.0  36.0
12  group2  5.0  47.0
13  group2  6.0  43.0
14  group2  7.0  51.0
15  group2  8.0  94.0
16  group3  1.0  51.0
17  group3  2.0  46.0
18  group3  3.0  63.0
19  group3  4.0  33.0
20  group3  5.0  33.0
21  group3  6.0  34.0
22  group3  7.0  83.0
23  group3  8.0  40.0
24  group4  1.0  53.0
25  group4  2.0  52.0
26  group4  3.0  74.0
27  group4  4.0  95.0
28  group4  5.0  46.0
29  group4  6.0  78.0
30  group4  7.0  55.0
31  group4  8.0  41.0
# candidates before getting the correct solution: 0
## synthesize result for task 038.json
# table_prog:
  gatherNeg(@param0, ['-1', '-6'])
# vis_spec:
    {'mark': {'type': 'area', 'opacity': 0.8}, 'encoding': {'x': {'field': 'x', 'type': 'quantitative'}, 'y': {'field': 'VALUE', 'type': 'quantitative', 'stack': None}, 'color': {'field': 'KEY', 'type': 'nominal'}}}
# time used (s): 0.7575

real	0m2.595s
user	0m2.496s
sys	0m0.189s
