/Users/yufeng/research/vis-pirate/venv/lib/python3.7/site-packages/rpy2/robjects/pandas2ri.py:191: FutureWarning: from_items is deprecated. Please use DataFrame.from_dict(dict(items), ...) instead. DataFrame.from_dict(OrderedDict(items)) may be used to preserve the key order.
  res = PandasDataFrame.from_items(items)
[info] Parsing spec ...
[info] Parsing succeeded
[info] Building synthesizer ...
[info] Synthesizing programs ...
[info] # candidates before getting the correct solution: 0
[info] Solution found: gatherNeg(@param0, ['-1'])
====> run synthesize 041.json
# num samples per layer: 4
     Year  Crustaceans       ...            Herring  Scorpion.fishes
0  1950.0   58578630.0       ...         87161396.0       15250015.0
1  1951.0   59194582.0       ...         51215349.0       15454659.0
2  1952.0   47562941.0       ...         13962479.0       12541484.0
3  1953.0   68432658.0       ...         13229061.0        9524564.0
4  1954.0   64395489.0       ...         25285539.0        9890656.0
5  1955.0   76111004.0       ...         18910756.0        8446391.0

[6 rows x 6 columns]
            c_color     c_x         c_y
0               Cod  1950.0   2716706.0
1               Cod  1951.0   3861166.0
2               Cod  1952.0   4396174.0
3               Cod  1953.0   3901176.0
4               Cod  1954.0   4412721.0
5               Cod  1955.0   4774045.0
6       Crustaceans  1950.0  58578630.0
7       Crustaceans  1951.0  59194582.0
8       Crustaceans  1952.0  47562941.0
9       Crustaceans  1953.0  68432658.0
10      Crustaceans  1954.0  64395489.0
11      Crustaceans  1955.0  76111004.0
12          Herring  1950.0  87161396.0
13          Herring  1951.0  51215349.0
14          Herring  1952.0  13962479.0
15          Herring  1953.0  13229061.0
16          Herring  1954.0  25285539.0
17          Herring  1955.0  18910756.0
18  Scorpion.fishes  1950.0  15250015.0
19  Scorpion.fishes  1951.0  15454659.0
20  Scorpion.fishes  1952.0  12541484.0
21  Scorpion.fishes  1953.0   9524564.0
22  Scorpion.fishes  1954.0   9890656.0
23  Scorpion.fishes  1955.0   8446391.0
24             Tuna  1950.0  69690537.0
25             Tuna  1951.0  34829755.0
26             Tuna  1952.0  31061481.0
27             Tuna  1953.0  23225423.0
28             Tuna  1954.0  20798126.0
29             Tuna  1955.0  13992697.0
# candidates before getting the correct solution: 0
## synthesize result for task 041.json
# table_prog:
  gatherNeg(@param0, ['-1'])
# vis_spec:
    {'mark': 'line', 'encoding': {'x': {'field': 'Year', 'type': 'quantitative'}, 'y': {'field': 'VALUE', 'type': 'quantitative'}, 'color': {'field': 'KEY', 'type': 'nominal'}, 'order': {'field': 'Year', 'type': 'quantitative'}}}
# time used (s): 1.4928

real	0m3.535s
user	0m3.233s
sys	0m0.241s
