/Users/yufeng/research/vis-pirate/venv/lib/python3.7/site-packages/rpy2/robjects/pandas2ri.py:191: FutureWarning: from_items is deprecated. Please use DataFrame.from_dict(dict(items), ...) instead. DataFrame.from_dict(OrderedDict(items)) may be used to preserve the key order.
  res = PandasDataFrame.from_items(items)
[info] Parsing spec ...
[info] Parsing succeeded
[info] Building synthesizer ...
[info] Synthesizing programs ...
[info] # candidates before getting the correct solution: 0
[info] Solution found: gatherNeg(@param0, ['-1', '-6'])
====> run synthesize 045.json
# num samples per layer: 4
              X1   B1   B2   B3   B4
0      Diversity  5.1  3.5  1.4  7.1
1   Endangerment  4.9  3.0  1.4  4.7
2  Marketability  4.7  3.2  1.3  3.2
3          Total  4.6  3.1  1.5  5.1
              c_x  c_y c_color
0       Diversity  1.4      B3
1       Diversity  3.5      B2
2       Diversity  5.1      B1
3       Diversity  7.1      B4
4    Endangerment  1.4      B3
5    Endangerment  3.0      B2
6    Endangerment  4.7      B4
7    Endangerment  4.9      B1
8   Marketability  1.3      B3
9   Marketability  3.2      B2
10  Marketability  3.2      B4
11  Marketability  4.7      B1
12          Total  1.5      B3
13          Total  3.1      B2
14          Total  4.6      B1
15          Total  5.1      B4
# candidates before getting the correct solution: 0
## synthesize result for task 045.json
# table_prog:
  gatherNeg(@param0, ['-1', '-6'])
# vis_spec:
    {'mark': 'bar', 'encoding': {'x': {'field': 'X1', 'type': 'nominal'}, 'y': {'field': 'VALUE', 'type': 'quantitative'}, 'color': {'field': 'KEY', 'type': 'nominal'}}}
# time used (s): 0.7302

real	0m3.384s
user	0m2.745s
sys	0m0.351s
