/Users/yufeng/research/vis-pirate/venv/lib/python3.7/site-packages/rpy2/robjects/pandas2ri.py:191: FutureWarning: from_items is deprecated. Please use DataFrame.from_dict(dict(items), ...) instead. DataFrame.from_dict(OrderedDict(items)) may be used to preserve the key order.
  res = PandasDataFrame.from_items(items)
[info] Parsing spec ...
[info] Parsing succeeded
[info] Building synthesizer ...
[info] Synthesizing programs ...
[info] Solution not found!
[info] Synthesizing programs ...
====> run synthesize 049.json
# num samples per layer: 4
                   scenario  value
0    measured_raw21_nodrain   55.0
1    measured_raw22_nodrain   60.0
2   simulated_raw21_nodrain   54.0
3      measured_raw21_drain   55.0
4      measured_raw22_drain   60.0
5    measured_adj21_nodrain   23.0
6   simulated_raw22_nodrain   59.0
7     simulated_raw21_drain   54.5
8     simulated_raw22_drain   60.2
9      measured_adj21_drain   23.0
10   measured_adj22_nodrain   27.0
11  simulated_adj21_nodrain   22.0
12     measured_adj22_drain   27.0
13    simulated_adj21_drain   23.4
14  simulated_adj22_nodrain   27.5
15    simulated_adj22_drain   27.2
16     measured_0.5_nodrain   40.0
17     measured_0.8_nodrain   55.0
18       measured_0.5_drain   40.0
19       measured_0.8_drain   55.0
20    simulated_0.5_nodrain   41.0
21    simulated_0.8_nodrain   56.0
22      simulated_0.5_drain   39.9
23      simulated_0.8_drain   55.3
     c_x   c_y c_color c_column
0   23.0  22.0   adj21  nodrain
1   23.0  23.4   adj21    drain
2   27.0  27.2   adj22    drain
3   27.0  27.5   adj22  nodrain
4   40.0  39.9     0.5    drain
5   40.0  41.0     0.5  nodrain
6   55.0  54.0   raw21  nodrain
7   55.0  54.5   raw21    drain
8   55.0  55.3     0.8    drain
9   55.0  56.0     0.8  nodrain
10  60.0  59.0   raw22  nodrain
11  60.0  60.2   raw22    drain
[error] Error in interpreting spread...
[error] Error in interpreting spread...
[error] Error in interpreting spread...
[error] Error in interpreting spread...
[error] Error in interpreting spread...
[error] Error in interpreting spread...
[error] Error in interpreting spread...
[error] Error in interpreting spread...
[error] Error in interpreting spread...
[error] Error in interpreting spread...
[error] Error in interpreting spread...
[error] Error in interpreting spread...
[error] Error in interpreting spread...
[error] Error in interpreting spread...
[error] Error in interpreting spread...
[error] Error in interpreting spread...
[error] Error in interpreting spread...
[error] Error in interpreting spread...
[error] Error in interpreting spread...
[error] Error in interpreting spread...
[error] Error in interpreting spread...
[error] Error in interpreting spread...
[error] Error in interpreting spread...
[error] Error in interpreting spread...
[error] Error in interpreting spread...
[error] Error in interpreting spread...
[error] Error in interpreting spread...
[error] Error in interpreting spread...
[error] Error in interpreting spread...
[error] Error in interpreting spread...
[error] Error in interpreting spread...
[error] Error in interpreting spread...
[error] Error in interpreting spread...
[error] Error in interpreting spread...
[error] Error in interpreting spread...
[error] Error in interpreting spread...
[error] Error in interpreting spread...
[error] Error in interpreting spread...
[info] # candidates before getting the correct solution: 0
[info] Solution found: spread(separate(@param0, 1), 1, 4)
# candidates before getting the correct solution: 0
## synthesize result for task 049.json
# table_prog:
  spread(separate(@param0, 1), 1, 4)
# vis_spec:
    {'mark': 'point', 'encoding': {'x': {'field': 'measured', 'type': 'quantitative'}, 'y': {'field': 'simulated', 'type': 'quantitative'}, 'color': {'field': 'COL5548', 'type': 'nominal'}, 'column': {'field': 'COL5549', 'type': 'nominal'}}}
# time used (s): 91.6300

real	1m34.022s
user	1m31.798s
sys	0m1.849s
