/Users/yufeng/research/vis-pirate/venv/lib/python3.7/site-packages/rpy2/robjects/pandas2ri.py:191: FutureWarning: from_items is deprecated. Please use DataFrame.from_dict(dict(items), ...) instead. DataFrame.from_dict(OrderedDict(items)) may be used to preserve the key order.
  res = PandasDataFrame.from_items(items)
[info] Parsing spec ...
[info] Parsing succeeded
[info] Building synthesizer ...
[info] Synthesizing programs ...
[info] # candidates before getting the correct solution: 0
[info] Solution found: gatherNeg(@param0, ['-1', '-6'])
[info] Parsing spec ...
[info] Parsing succeeded
[info] Building synthesizer ...
[info] Synthesizing programs ...
[info] # candidates before getting the correct solution: 0
[info] Solution found: gatherNeg(@param0, ['-1', '-2', '-4'])
====> run synthesize 052.json
# num samples per layer: 4
       Label  bar 0  bar 1  bar 2  bar 3
0    Label_1  100.0   77.0   21.0   20.0
1    Label_2  114.0   94.0   38.0   17.0
2    Label_3  151.0   79.0   31.0   26.0
3    Label_4  175.0   87.0   30.0   16.0
4    Label_5  178.0   51.0   20.0   29.0
5    Label_6  187.0   54.0   26.0   19.0
6    Label_7  113.0   74.0   25.0   15.0
7    Label_8  140.0  100.0   34.0   26.0
8    Label_9  119.0   84.0   24.0   25.0
9   Label_10  113.0   92.0   30.0   21.0
10  Label_11  179.0   61.0   20.0   23.0
11  Label_12  143.0   74.0   26.0   28.0
         c_x    c_y c_color
0    Label_1  100.0   bar 0
1    Label_1   20.0   bar 3
2    Label_1   21.0   bar 2
3    Label_1   77.0   bar 1
4   Label_10  113.0   bar 0
5   Label_10   21.0   bar 3
6   Label_10   30.0   bar 2
7   Label_10   92.0   bar 1
8   Label_11  179.0   bar 0
9   Label_11   20.0   bar 2
10  Label_11   23.0   bar 3
11  Label_11   61.0   bar 1
12  Label_12  143.0   bar 0
13  Label_12   26.0   bar 2
14  Label_12   28.0   bar 3
15  Label_12   74.0   bar 1
16   Label_2  114.0   bar 0
17   Label_2   17.0   bar 3
18   Label_2   38.0   bar 2
19   Label_2   94.0   bar 1
20   Label_3  151.0   bar 0
21   Label_3   26.0   bar 3
22   Label_3   31.0   bar 2
23   Label_3   79.0   bar 1
24   Label_4   16.0   bar 3
25   Label_4  175.0   bar 0
26   Label_4   30.0   bar 2
27   Label_4   87.0   bar 1
28   Label_5  178.0   bar 0
29   Label_5   20.0   bar 2
30   Label_5   29.0   bar 3
31   Label_5   51.0   bar 1
32   Label_6  187.0   bar 0
33   Label_6   19.0   bar 3
34   Label_6   26.0   bar 2
35   Label_6   54.0   bar 1
36   Label_7  113.0   bar 0
37   Label_7   15.0   bar 3
38   Label_7   25.0   bar 2
39   Label_7   74.0   bar 1
40   Label_8  100.0   bar 1
41   Label_8  140.0   bar 0
42   Label_8   26.0   bar 3
43   Label_8   34.0   bar 2
44   Label_9  119.0   bar 0
45   Label_9   24.0   bar 2
46   Label_9   25.0   bar 3
47   Label_9   84.0   bar 1
# candidates before getting the correct solution: 0
       Label  bar 0  bar 1  bar 2  bar 3
0    Label_1  100.0   77.0   21.0   20.0
1    Label_2  114.0   94.0   38.0   17.0
2    Label_3  151.0   79.0   31.0   26.0
3    Label_4  175.0   87.0   30.0   16.0
4    Label_5  178.0   51.0   20.0   29.0
5    Label_6  187.0   54.0   26.0   19.0
6    Label_7  113.0   74.0   25.0   15.0
7    Label_8  140.0  100.0   34.0   26.0
8    Label_9  119.0   84.0   24.0   25.0
9   Label_10  113.0   92.0   30.0   21.0
10  Label_11  179.0   61.0   20.0   23.0
11  Label_12  143.0   74.0   26.0   28.0
   c_color       c_x    c_y
0    bar 1   Label_1   77.0
1    bar 1  Label_10   92.0
2    bar 1  Label_11   61.0
3    bar 1  Label_12   74.0
4    bar 1   Label_2   94.0
5    bar 1   Label_3   79.0
6    bar 1   Label_4   87.0
7    bar 1   Label_5   51.0
8    bar 1   Label_6   54.0
9    bar 1   Label_7   74.0
10   bar 1   Label_8  100.0
11   bar 1   Label_9   84.0
12   bar 3   Label_1   20.0
13   bar 3  Label_10   21.0
14   bar 3  Label_11   23.0
15   bar 3  Label_12   28.0
16   bar 3   Label_2   17.0
17   bar 3   Label_3   26.0
18   bar 3   Label_4   16.0
19   bar 3   Label_5   29.0
20   bar 3   Label_6   19.0
21   bar 3   Label_7   15.0
22   bar 3   Label_8   26.0
23   bar 3   Label_9   25.0
# candidates before getting the correct solution: 0
## synthesize result for task 052.json
# table_prog:
  [ApplyNode(gatherNeg, [ParamNode(0), AtomNode(['-1', '-6'])]), ApplyNode(gatherNeg, [ParamNode(0), AtomNode(['-1', '-2', '-4'])])]
# vis_spec:
    {'layer': [{'mark': {'type': 'bar', 'opacity': 0.7}, 'encoding': {'x': {'field': 'Label', 'type': 'nominal'}, 'y': {'field': 'VALUE', 'type': 'quantitative'}, 'color': {'field': 'KEY', 'type': 'nominal'}}, 'transform': [{'filter': 'datum.layer_id == 0'}]}, {'mark': {'type': 'line', 'opacity': 0.7}, 'encoding': {'x': {'field': 'Label', 'type': 'nominal'}, 'y': {'field': 'VALUE', 'type': 'quantitative'}, 'color': {'field': 'KEY', 'type': 'nominal'}, 'order': {'field': 'Label', 'type': 'quantitative'}}, 'transform': [{'filter': 'datum.layer_id == 1'}]}], 'resolve': {}}
# time used (s): 1.7785

real	0m3.687s
user	0m3.487s
sys	0m0.212s
