/Users/yufeng/research/vis-pirate/venv/lib/python3.7/site-packages/rpy2/robjects/pandas2ri.py:191: FutureWarning: from_items is deprecated. Please use DataFrame.from_dict(dict(items), ...) instead. DataFrame.from_dict(OrderedDict(items)) may be used to preserve the key order.
  res = PandasDataFrame.from_items(items)
[info] Parsing spec ...
[info] Parsing succeeded
[info] Building synthesizer ...
[info] Synthesizing programs ...
[info] # candidates before getting the correct solution: 0
[info] Solution found: gatherNeg(@param0, ['-1', '-2'])
====> run synthesize 056.json
# num samples per layer: 4
    time grp        02        03    ...           08       09       10        11
0    1.0   A   36034.0   45632.0    ...      16498.0  16272.0  20612.0   23549.0
1    1.0   B   63763.0   66505.0    ...      26604.0  24485.0    713.0     856.0
2    1.0   C   51432.0   60360.0    ...      41201.0  14546.0  18114.0   32854.0
3    1.0   D   65100.0   36685.0    ...      38417.0  74756.0  57872.0   42906.0
4    1.0   E   61444.0  107551.0    ...      43709.0  28193.0  25684.0   33385.0
5    1.0   F   71012.0   53360.0    ...      33217.0    770.0  27985.0   26218.0
6    5.0   A  266610.0  323952.0    ...      69943.0  72238.0  73618.0   88509.0
7    5.0   B  389787.0  344944.0    ...      80638.0  78418.0   1770.0   62103.0
8    5.0   C   47659.0   69601.0    ...      37444.0   9161.0  11953.0   23377.0
9    5.0   D   63156.0   51268.0    ...      31701.0  48618.0  33347.0   29738.0
10   5.0   E   84593.0  130665.0    ...      46781.0  26466.0  25824.0   33504.0
11   5.0   F   84331.0   59704.0    ...      31152.0   1078.0  25860.0   26642.0
12  12.0   A  514204.0  541017.0    ...      69223.0  67369.0  70949.0  104893.0
13  12.0   B  685995.0  578627.0    ...     102067.0  89824.0   1520.0  100707.0
14  12.0   C  325569.0  424918.0    ...      47771.0  37838.0  46044.0   53324.0
15  12.0   D  394893.0  336442.0    ...      70210.0  93295.0  66312.0   63296.0
16  12.0   E   88586.0  156380.0    ...      44783.0  20890.0  20971.0   24867.0
17  12.0   F  119206.0   80952.0    ...      22790.0    998.0  20217.0   21114.0

[18 rows x 12 columns]
    c_x c_y   c_color  c_column
0     A  02  266610.0       5.0
1     A  02   36034.0       1.0
2     A  02  514204.0      12.0
3     A  03  323952.0       5.0
4     A  03   45632.0       1.0
5     A  03  541017.0      12.0
6     A  04  424683.0       5.0
7     A  04   59025.0       1.0
8     A  04  729858.0      12.0
9     A  05  393380.0       5.0
10    A  05  677483.0      12.0
11    A  05   74767.0       1.0
12    A  06  100610.0      12.0
13    A  06   50846.0       1.0
14    A  06   62613.0       5.0
15    A  07   22457.0      12.0
16    A  07   24448.0       5.0
17    A  07   26688.0       1.0
18    A  08   16498.0       1.0
19    A  08   69223.0      12.0
20    A  08   69943.0       5.0
21    A  09   16272.0       1.0
22    A  09   67369.0      12.0
23    A  09   72238.0       5.0
24    A  10   20612.0       1.0
25    A  10   70949.0      12.0
26    A  10   73618.0       5.0
27    A  11  104893.0      12.0
28    A  11   23549.0       1.0
29    A  11   88509.0       5.0
..   ..  ..       ...       ...
150   F  02  119206.0      12.0
151   F  02   71012.0       1.0
152   F  02   84331.0       5.0
153   F  03   53360.0       1.0
154   F  03   59704.0       5.0
155   F  03   80952.0      12.0
156   F  04  112676.0      12.0
157   F  04   66601.0       1.0
158   F  04   81739.0       5.0
159   F  05  116890.0       5.0
160   F  05  160272.0      12.0
161   F  05   89265.0       1.0
162   F  06  112949.0      12.0
163   F  06   62308.0       1.0
164   F  06   68345.0       5.0
165   F  07   24284.0      12.0
166   F  07   25325.0       5.0
167   F  07   31109.0       1.0
168   F  08   22790.0      12.0
169   F  08   31152.0       5.0
170   F  08   33217.0       1.0
171   F  09    1078.0       5.0
172   F  09     770.0       1.0
173   F  09     998.0      12.0
174   F  10   20217.0      12.0
175   F  10   25860.0       5.0
176   F  10   27985.0       1.0
177   F  11   21114.0      12.0
178   F  11   26218.0       1.0
179   F  11   26642.0       5.0

[180 rows x 4 columns]
# candidates before getting the correct solution: 0
## synthesize result for task 056.json
# table_prog:
  gatherNeg(@param0, ['-1', '-2'])
# vis_spec:
    {'mark': 'point', 'encoding': {'x': {'field': 'grp', 'type': 'nominal'}, 'y': {'field': 'KEY', 'type': 'nominal'}, 'color': {'field': 'VALUE', 'type': 'nominal'}, 'column': {'field': 'time', 'type': 'nominal'}}}
# time used (s): 1.3513

real	0m4.015s
user	0m3.358s
sys	0m0.362s
