/Users/clwang/Research/falx/venv/lib/python3.7/site-packages/rpy2/robjects/pandas2ri.py:191: FutureWarning: from_items is deprecated. Please use DataFrame.from_dict(dict(items), ...) instead. DataFrame.from_dict(OrderedDict(items)) may be used to preserve the key order.
  res = PandasDataFrame.from_items(items)
[info] Parsing spec ...
[info] Parsing succeeded
[info] Building synthesizer ...
[info] Synthesizing programs ...
[info] # candidates before getting the correct solution: 1
[info] Solution found: [gatherNeg(@param0, ['-1'])]
====> run synthesize 010.json
# num samples per layer: 1
      Class  Fall  Spring
0  Literacy  34.0    69.0
1  Language  63.0    77.0
2      Math  67.0    75.0
3   Science  92.0    98.0
4      Arts  96.0   100.0
    c_x   c_y c_color
0  67.0  Math    Fall
# candidates before getting the correct solution: 1
## synthesize result for task 010.json
# table_prog:
  [gatherNeg(@param0, ['-1'])]
# vis_spec:
    {'mark': 'point', 'encoding': {'x': {'field': 'VALUE', 'type': 'quantitative'}, 'y': {'field': 'Class', 'type': 'nominal'}, 'color': {'field': 'KEY', 'type': 'nominal'}}}
# time used (s): 0.7312

real	0m2.295s
user	0m2.384s
sys	0m0.197s
