/Users/clwang/Research/falx/venv/lib/python3.7/site-packages/rpy2/robjects/pandas2ri.py:191: FutureWarning: from_items is deprecated. Please use DataFrame.from_dict(dict(items), ...) instead. DataFrame.from_dict(OrderedDict(items)) may be used to preserve the key order.
  res = PandasDataFrame.from_items(items)
[info] Parsing spec ...
[info] Parsing succeeded
[info] Building synthesizer ...
[info] Synthesizing programs ...
[info] Solution not found!
[info] Synthesizing programs ...
====> run synthesize 018.json
# num samples per layer: 1
   2012  2013  2014  2015               Item
0  20.0  12.0  13.0  12.0  Desktop Computers
1  34.0  45.0  40.0  39.0            Laptops
2  12.0  10.0  17.0  15.0           Monitors
3  78.0  13.0  90.0  14.0           Printers
    c_x   c_y  c_color
0  2012  34.0  Laptops
[error] Error in interpreting spread...
[error] Error in interpreting spread...
[error] Error in interpreting spread...
[error] Error in interpreting spread...
[error] Error in interpreting spread...
[error] Error in interpreting spread...
[error] Error in interpreting spread...
[error] Error in interpreting spread...
[error] Error in interpreting spread...
[error] Error in interpreting spread...
[error] Error in interpreting spread...
[error] Error in interpreting spread...
[error] Error in interpreting spread...
[error] Error in interpreting spread...
[error] Error in interpreting spread...
[info] Solution not found!
[info] Parsing spec ...
[info] Parsing succeeded
[info] Building synthesizer ...
[info] Synthesizing programs ...
[info] Solution not found!
[info] Synthesizing programs ...
   2012  2013  2014  2015               Item
0  20.0  12.0  13.0  12.0  Desktop Computers
1  34.0  45.0  40.0  39.0            Laptops
2  12.0  10.0  17.0  15.0           Monitors
3  78.0  13.0  90.0  14.0           Printers
    c_color   c_x   c_y
0  Printers  2015  14.0
[error] Error in interpreting spread...
[error] Error in interpreting spread...
[error] Error in interpreting spread...
[error] Error in interpreting spread...
[error] Error in interpreting spread...
[error] Error in interpreting spread...
[error] Error in interpreting spread...
[error] Error in interpreting spread...
[error] Error in interpreting spread...
[error] Error in interpreting spread...
[error] Error in interpreting spread...
[error] Error in interpreting spread...
[error] Error in interpreting spread...
[error] Error in interpreting spread...
[error] Error in interpreting spread...
[info] Solution not found!
[info] Parsing spec ...
[info] Parsing succeeded
[info] Building synthesizer ...
[info] Synthesizing programs ...
[info] Solution not found!
[info] Synthesizing programs ...
   2012  2013  2014  2015               Item
0  20.0  12.0  13.0  12.0  Desktop Computers
1  34.0  45.0  40.0  39.0            Laptops
2  12.0  10.0  17.0  15.0           Monitors
3  78.0  13.0  90.0  14.0           Printers
    c_x   c_y  c_y2            c_color
0  2014  40.0  53.0  Desktop Computers
[error] Error in interpreting spread...
[error] Error in interpreting spread...
[error] Error in interpreting spread...
[error] Error in interpreting spread...
[error] Error in interpreting spread...
[error] Error in interpreting spread...
[error] Error in interpreting spread...
[error] Error in interpreting spread...
[error] Error in interpreting spread...
[error] Error in interpreting spread...
[error] Error in interpreting spread...
[error] Error in interpreting spread...
[error] Error in interpreting spread...
[error] Error in interpreting spread...
[error] Error in interpreting spread...
[info] Solution not found!
[info] Parsing spec ...
[info] Parsing succeeded
[info] Building synthesizer ...
[info] Synthesizing programs ...
[info] Solution not found!
[info] Synthesizing programs ...
   2012  2013  2014  2015               Item
0  20.0  12.0  13.0  12.0  Desktop Computers
1  34.0  45.0  40.0  39.0            Laptops
2  12.0  10.0  17.0  15.0           Monitors
3  78.0  13.0  90.0  14.0           Printers
    c_color   c_x   c_y
0  Monitors  2014  17.0
[error] Error in interpreting spread...
[error] Error in interpreting spread...
[error] Error in interpreting spread...
[error] Error in interpreting spread...
[error] Error in interpreting spread...
[error] Error in interpreting spread...
[error] Error in interpreting spread...
[error] Error in interpreting spread...
[error] Error in interpreting spread...
[error] Error in interpreting spread...
[error] Error in interpreting spread...
[error] Error in interpreting spread...
[error] Error in interpreting spread...
[error] Error in interpreting spread...
[error] Error in interpreting spread...
[info] Solution not found!
## synthesize result for task 018.json

real	9m8.069s
user	8m58.046s
sys	0m9.973s
