/Users/clwang/Research/falx/venv/lib/python3.7/site-packages/rpy2/robjects/pandas2ri.py:191: FutureWarning: from_items is deprecated. Please use DataFrame.from_dict(dict(items), ...) instead. DataFrame.from_dict(OrderedDict(items)) may be used to preserve the key order.
  res = PandasDataFrame.from_items(items)
[info] Parsing spec ...
[info] Parsing succeeded
[info] Building synthesizer ...
[info] Synthesizing programs ...
[info] # candidates before getting the correct solution: 23
[info] Solution found: [gatherNeg(@param0, ['-1'])]
====> run synthesize 038.json
# num samples per layer: 1
     x  group1  group2  group3  group4
0  1.0    56.0    63.0    51.0    53.0
1  2.0    23.0    34.0    46.0    52.0
2  3.0    96.0    45.0    63.0    74.0
3  4.0    24.0    36.0    33.0    95.0
4  5.0    75.0    47.0    33.0    46.0
5  6.0    67.0    43.0    34.0    78.0
6  7.0    42.0    51.0    83.0    55.0
7  8.0    45.0    94.0    40.0    41.0
  c_color  c_x   c_y
0  group4  2.0  52.0
# candidates before getting the correct solution: 23
## synthesize result for task 038.json
# table_prog:
  [gatherNeg(@param0, ['-1'])]
# vis_spec:
    {'mark': {'type': 'area', 'opacity': 0.8}, 'encoding': {'x': {'field': 'x', 'type': 'quantitative'}, 'y': {'field': 'VALUE', 'type': 'quantitative', 'stack': None}, 'color': {'field': 'KEY', 'type': 'nominal'}}}
# time used (s): 0.9872

real	0m2.506s
user	0m2.594s
sys	0m0.194s
