/Users/clwang/Research/falx/venv/lib/python3.7/site-packages/rpy2/robjects/pandas2ri.py:191: FutureWarning: from_items is deprecated. Please use DataFrame.from_dict(dict(items), ...) instead. DataFrame.from_dict(OrderedDict(items)) may be used to preserve the key order.
  res = PandasDataFrame.from_items(items)
[info] Parsing spec ...
[info] Parsing succeeded
[info] Building synthesizer ...
[info] Synthesizing programs ...
[info] # candidates before getting the correct solution: 0
[info] Solution found: [mutate(@param0, +, 3, 2)]
[info] Parsing spec ...
[info] Parsing succeeded
[info] Building synthesizer ...
[info] Synthesizing programs ...
[info] # candidates before getting the correct solution: 0
[info] Solution found: [cumsum(@param0, 2)]
====> run synthesize 054.json
# num samples per layer: 1
           x      h  h_bar
0    Label_1  102.0   76.0
1    Label_2  124.0   90.0
2    Label_3  126.0   76.0
3    Label_4  139.0   65.0
4    Label_5  177.0   65.0
5    Label_6  188.0   84.0
6    Label_7  155.0   58.0
7    Label_8  138.0   50.0
8    Label_9  128.0   92.0
9   Label_10  102.0   91.0
10  Label_11  115.0   65.0
11  Label_12  144.0   79.0
        c_x    c_y   c_y2
0  Label_10  102.0  193.0
# candidates before getting the correct solution: 0
           x      h  h_bar
0    Label_1  102.0   76.0
1    Label_2  124.0   90.0
2    Label_3  126.0   76.0
3    Label_4  139.0   65.0
4    Label_5  177.0   65.0
5    Label_6  188.0   84.0
6    Label_7  155.0   58.0
7    Label_8  138.0   50.0
8    Label_9  128.0   92.0
9   Label_10  102.0   91.0
10  Label_11  115.0   65.0
11  Label_12  144.0   79.0
       c_x    c_y
0  Label_7  155.0
# candidates before getting the correct solution: 0
## synthesize result for task 054.json
# table_prog:
  [[mutate(@param0, +, 3, 2)], [cumsum(@param0, 2)]]
# vis_spec:
    {'layer': [{'mark': {'type': 'bar', 'opacity': 0.7}, 'encoding': {'x': {'field': 'x', 'type': 'nominal', 'sort': None}, 'y': {'field': 'h', 'type': 'quantitative'}, 'y2': {'field': 'mutate_a'}}, 'transform': [{'filter': 'datum.layer_id == 0'}]}, {'mark': {'type': 'line', 'opacity': 0.7}, 'encoding': {'x': {'field': 'x', 'type': 'nominal'}, 'y': {'field': 'h', 'type': 'quantitative'}, 'order': {'field': 'x', 'type': 'quantitative'}}, 'transform': [{'filter': 'datum.layer_id == 1'}]}], 'resolve': {}}
# time used (s): 0.8076

real	0m2.394s
user	0m2.486s
sys	0m0.194s
