/Users/yufeng/research/vis-pirate/venv/lib/python3.7/site-packages/rpy2/robjects/pandas2ri.py:191: FutureWarning: from_items is deprecated. Please use DataFrame.from_dict(dict(items), ...) instead. DataFrame.from_dict(OrderedDict(items)) may be used to preserve the key order.
  res = PandasDataFrame.from_items(items)
[info] Parsing spec ...
[info] Parsing succeeded
[info] Building synthesizer ...
[info] Synthesizing programs ...
[info] # candidates before getting the correct solution: 0
[info] Solution found: [groupSum(@param0, mean, 1, ['2'])]
[info] Parsing spec ...
[info] Parsing succeeded
[info] Building synthesizer ...
[info] Synthesizing programs ...
[info] Solution not found!
[info] Synthesizing programs ...
[info] # candidates before getting the correct solution: 0
[info] Solution found: [cumsum(@param0, 1), mutate(cumsum(@param0, 1), -, 3, 1)]
====> run synthesize 003.json
# num samples per layer: 6
    Net Cash Flow  Month
0         80000.0  Start
1         -5003.0    Apr
2        -16700.0    May
3         48802.0    Jun
4        -11198.0    Jul
5        -35260.0    Aug
6         18220.0    Sep
7        -23840.0    Oct
8         43250.0    Nov
9        -18280.0    Dec
10        26670.0    Jan
11        15000.0    Feb
12        24750.0    Mar
   c_x      c_y  c_color
0  Feb  15000.0  15000.0
1  Jan  26670.0  26670.0
2  Jun  48802.0  48802.0
3  Nov  43250.0  43250.0
4  Oct -23840.0 -23840.0
5  Sep  18220.0  18220.0
# candidates before getting the correct solution: 0
===> the program is not consistent with the trace
 [groupSum(@param0, mean, 1, ['2'])]
===> continue...
    Net Cash Flow  Month
0         80000.0  Start
1         -5003.0    Apr
2        -16700.0    May
3         48802.0    Jun
4        -11198.0    Jul
5        -35260.0    Aug
6         18220.0    Sep
7        -23840.0    Oct
8         43250.0    Nov
9        -18280.0    Dec
10        26670.0    Jan
11        15000.0    Feb
12        24750.0    Mar
     c_x       c_y      c_y2  c_color
0    Dec   98271.0   79991.0 -18280.0
1    Jul  107099.0   95901.0 -11198.0
2    Mar  121661.0  146411.0  24750.0
3    Nov   55021.0   98271.0  43250.0
4    Oct   78861.0   55021.0 -23840.0
5  Start       0.0   80000.0  80000.0
# candidates before getting the correct solution: 0
## synthesize result for task 003.json
# table_prog:
  [cumsum(@param0, 1), mutate(cumsum(@param0, 1), -, 3, 1)]
# vis_spec:
    {'mark': {'type': 'bar', 'opacity': 0.8}, 'encoding': {'x': {'field': 'Month', 'type': 'nominal', 'sort': None}, 'y': {'field': 'mutate_a', 'type': 'quantitative', 'stack': None}, 'y2': {'field': 'cumsum'}, 'color': {'field': 'Net Cash Flow', 'type': 'nominal'}}}
# time used (s): 6.9921

real	0m8.898s
user	0m8.295s
sys	0m0.407s
