/Users/yufeng/research/vis-pirate/venv/lib/python3.7/site-packages/rpy2/robjects/pandas2ri.py:191: FutureWarning: from_items is deprecated. Please use DataFrame.from_dict(dict(items), ...) instead. DataFrame.from_dict(OrderedDict(items)) may be used to preserve the key order.
  res = PandasDataFrame.from_items(items)
[info] Parsing spec ...
[info] Parsing succeeded
[info] Building synthesizer ...
[info] Synthesizing programs ...
[info] Solution not found!
[info] Synthesizing programs ...
[info] Solution not found!
[info] Parsing spec ...
[info] Parsing succeeded
[info] Building synthesizer ...
[info] Synthesizing programs ...
[info] Solution not found!
[info] Synthesizing programs ...
[info] Solution not found!
[info] Parsing spec ...
[info] Parsing succeeded
[info] Building synthesizer ...
[info] Synthesizing programs ...
[info] Solution not found!
[info] Synthesizing programs ...
[info] Solution not found!
[info] Parsing spec ...
[info] Parsing succeeded
[info] Building synthesizer ...
[info] Synthesizing programs ...
[info] Solution not found!
[info] Synthesizing programs ...
[info] Solution not found!
====> run synthesize 018.json
# num samples per layer: 6
   2012  2013  2014  2015               Item
0  20.0  12.0  13.0  12.0  Desktop Computers
1  34.0  45.0  40.0  39.0            Laptops
2  12.0  10.0  17.0  15.0           Monitors
3  78.0  13.0  90.0  14.0           Printers
    c_x   c_y            c_color
0  2012  34.0            Laptops
1  2013  12.0  Desktop Computers
2  2013  45.0            Laptops
3  2014  13.0  Desktop Computers
4  2014  40.0            Laptops
5  2015  12.0  Desktop Computers
   2012  2013  2014  2015               Item
0  20.0  12.0  13.0  12.0  Desktop Computers
1  34.0  45.0  40.0  39.0            Laptops
2  12.0  10.0  17.0  15.0           Monitors
3  78.0  13.0  90.0  14.0           Printers
    c_color   c_x   c_y
0  Monitors  2013  10.0
1  Monitors  2014  17.0
2  Monitors  2015  15.0
3  Printers  2012  78.0
4  Printers  2014  90.0
5  Printers  2015  14.0
   2012  2013  2014  2015               Item
0  20.0  12.0  13.0  12.0  Desktop Computers
1  34.0  45.0  40.0  39.0            Laptops
2  12.0  10.0  17.0  15.0           Monitors
3  78.0  13.0  90.0  14.0           Printers
    c_x   c_y  c_y2            c_color
0  2012   0.0  34.0            Laptops
1  2012  34.0  54.0  Desktop Computers
2  2013  45.0  57.0  Desktop Computers
3  2014  40.0  53.0  Desktop Computers
4  2015   0.0  39.0            Laptops
5  2015  39.0  51.0  Desktop Computers
   2012  2013  2014  2015               Item
0  20.0  12.0  13.0  12.0  Desktop Computers
1  34.0  45.0  40.0  39.0            Laptops
2  12.0  10.0  17.0  15.0           Monitors
3  78.0  13.0  90.0  14.0           Printers
    c_color   c_x   c_y
0  Monitors  2013  10.0
1  Monitors  2014  17.0
2  Monitors  2015  15.0
3  Printers  2012  78.0
4  Printers  2013  13.0
5  Printers  2015  14.0
## synthesize result for task 018.json

real	5m15.002s
user	5m1.291s
sys	0m9.645s
