/Users/yufeng/research/vis-pirate/venv/lib/python3.7/site-packages/rpy2/robjects/pandas2ri.py:191: FutureWarning: from_items is deprecated. Please use DataFrame.from_dict(dict(items), ...) instead. DataFrame.from_dict(OrderedDict(items)) may be used to preserve the key order.
  res = PandasDataFrame.from_items(items)
[info] Parsing spec ...
[info] Parsing succeeded
[info] Building synthesizer ...
[info] Synthesizing programs ...
====> run synthesize 026.json
# num samples per layer: 6
     data_ora      site      type  value
0       06_00    e90e50  computer   22.0
1       06_00    e90e50    mobile    8.0
2       06_00  e90e50fx  computer   17.0
3       06_00  e90e50fx    mobile    5.0
4       06_01    e90e50  computer    8.0
5       06_01    e90e50    mobile    7.0
6       06_01  e90e50fx  computer   22.0
7       06_01  e90e50fx    mobile    6.0
8       06_02    e90e50  computer   18.0
9       06_02    e90e50    mobile    5.0
10      06_02  e90e50fx  computer   17.0
11      06_02  e90e50fx    mobile   11.0
12      06_03    e90e50  computer   19.0
13      06_03    e90e50    mobile   10.0
14      06_03  e90e50fx  computer   14.0
15      06_03  e90e50fx    mobile    7.0
16      06_04    e90e50  computer    8.0
17      06_04    e90e50    mobile   12.0
18      06_04  e90e50fx  computer   22.0
19      06_04  e90e50fx    mobile    7.0
20      06_05    e90e50  computer   19.0
21      06_05    e90e50    mobile   10.0
22      06_05  e90e50fx  computer    8.0
23      06_05  e90e50fx    mobile    6.0
24      06_06    e90e50  computer   19.0
25      06_06    e90e50    mobile    8.0
26      06_06  e90e50fx  computer   12.0
27      06_06  e90e50fx    mobile    8.0
28      06_07    e90e50  computer    8.0
29      06_07    e90e50    mobile    8.0
...       ...       ...       ...    ...
1956    30_09    e90e50  computer   11.0
1957    30_09    e90e50    mobile    0.0
1958    30_09  e90e50fx  computer   12.0
1959    30_09  e90e50fx    mobile    0.0
1960    30_10    e90e50  computer    4.0
1961    30_10    e90e50    mobile    0.0
1962    30_10  e90e50fx  computer   12.0
1963    30_10  e90e50fx    mobile    6.0
1964    30_11    e90e50  computer    0.0
1965    30_11    e90e50    mobile    6.0
1966    30_11  e90e50fx  computer   11.0
1967    30_11  e90e50fx    mobile    4.0
1968    30_12    e90e50  computer    0.0
1969    30_12    e90e50    mobile    5.0
1970    30_12  e90e50fx  computer    4.0
1971    30_12  e90e50fx    mobile    4.0
1972    30_13    e90e50  computer    8.0
1973    30_13    e90e50    mobile    6.0
1974    30_13  e90e50fx  computer    4.0
1975    30_13  e90e50fx    mobile    0.0
1976    30_14    e90e50  computer    0.0
1977    30_14    e90e50    mobile    6.0
1978    30_14  e90e50fx  computer    0.0
1979    30_14  e90e50fx    mobile    5.0
1980    30_15    e90e50  computer    9.0
1981    30_15    e90e50    mobile    9.0
1982    30_15  e90e50fx  computer    9.0
1983    30_15  e90e50fx    mobile    8.0
1984    30_16    e90e50  computer   21.0
1985    30_16    e90e50    mobile   14.0

[1986 rows x 4 columns]
  c_x c_y  c_color
0  29  11     19.0
1  29  19     43.0
2  29  20     48.0
3  16  15     65.0
4  22  07     16.0
5  15  23     21.0
[error] Error in interpreting spread...
[error] Error in interpreting spread...
[error] Error in interpreting spread...
[error] Error in interpreting spread...
[error] Error in interpreting spread...
[error] Error in interpreting spread...
[info] Solution not found!
[info] Synthesizing programs ...
[error] Error in interpreting spread...
[error] Error in interpreting spread...
[error] Error in interpreting spread...
[error] Error in interpreting spread...
[error] Error in interpreting spread...
[error] Error in interpreting spread...
[error] Error in interpreting spread...
[error] Error in interpreting spread...
[error] Error in interpreting spread...
[error] Error in interpreting spread...
[error] Error in interpreting spread...
[error] Error in interpreting spread...
[error] Error in interpreting spread...
[error] Error in interpreting spread...
[error] Error in interpreting spread...
[error] Error in interpreting spread...
[error] Error in interpreting spread...
[error] Error in interpreting spread...
[error] Error in interpreting spread...
[error] Error in interpreting spread...
[error] Error in interpreting spread...
[error] Error in interpreting spread...
[error] Error in interpreting spread...
[error] Error in interpreting spread...
[error] Error in interpreting spread...
[error] Error in interpreting spread...
[error] Error in interpreting spread...
[error] Error in interpreting spread...
[error] Error in interpreting spread...
[error] Error in interpreting spread...
[error] Error in interpreting spread...
[error] Error in interpreting spread...
[error] Error in interpreting spread...
[error] Error in interpreting spread...
[error] Error in interpreting spread...
[error] Error in interpreting spread...
[error] Error in interpreting spread...
[error] Error in interpreting spread...
[error] Error in interpreting spread...
[error] Error in interpreting spread...
[error] Error in interpreting spread...
[error] Error in interpreting spread...
[error] Error in interpreting spread...
[error] Error in interpreting spread...
[error] Error in interpreting spread...
[error] Error in interpreting spread...
[error] Error in interpreting spread...
[error] Error in interpreting spread...
[error] Error in interpreting spread...
[error] Error in interpreting spread...
[error] Error in interpreting spread...
[error] Error in interpreting spread...
[error] Error in interpreting spread...
[error] Error in interpreting spread...
[error] Error in interpreting spread...
[error] Error in interpreting spread...
[error] Error in interpreting spread...
[error] Error in interpreting spread...
[error] Error in interpreting spread...
[error] Error in interpreting spread...
[error] Error in interpreting spread...
[error] Error in interpreting spread...
[error] Error in interpreting spread...
[error] Error in interpreting spread...
[error] Error in interpreting spread...
[error] Error in interpreting spread...
[error] Error in interpreting spread...
[error] Error in interpreting spread...
[error] Error in interpreting spread...
[error] Error in interpreting spread...
[error] Error in interpreting spread...
[error] Error in interpreting spread...
[error] Error in interpreting spread...
[error] Error in interpreting spread...
[error] Error in interpreting spread...
[error] Error in interpreting spread...
[error] Error in interpreting spread...
[error] Error in interpreting spread...
[error] Error in interpreting spread...
[error] Error in interpreting spread...
[error] Error in interpreting spread...
[error] Error in interpreting spread...
[error] Error in interpreting spread...
[error] Error in interpreting spread...
[error] Error in interpreting spread...
[error] Error in interpreting spread...
[error] Error in interpreting spread...
[error] Error in interpreting spread...
[error] Error in interpreting spread...
[error] Error in interpreting spread...
[error] Error in interpreting spread...
[error] Error in interpreting spread...
[error] Error in interpreting spread...
[error] Error in interpreting spread...
[error] Error in interpreting spread...
[error] Error in interpreting spread...
[error] Error in interpreting spread...
[error] Error in interpreting spread...
[error] Error in interpreting spread...
[error] Error in interpreting spread...
[error] Error in interpreting spread...
[error] Error in interpreting spread...
[error] Error in interpreting spread...
[error] Error in interpreting spread...
[error] Error in interpreting spread...
[error] Error in interpreting spread...
[error] Error in interpreting spread...
[error] Error in interpreting spread...
[error] Error in interpreting spread...
[error] Error in interpreting spread...
[error] Error in interpreting spread...
[error] Error in interpreting spread...
[error] Error in interpreting spread...
[error] Error in interpreting spread...
[error] Error in interpreting spread...
[error] Error in interpreting spread...
[error] Error in interpreting spread...
[error] Error in interpreting spread...
[error] Error in interpreting spread...
[error] Error in interpreting spread...
[error] Error in interpreting spread...
[error] Error in interpreting spread...
[error] Error in interpreting spread...
[error] Error in interpreting spread...
[error] Error in interpreting spread...
[error] Error in interpreting spread...
[error] Error in interpreting spread...
[error] Error in interpreting spread...
[error] Error in interpreting spread...
[error] Error in interpreting spread...
[error] Error in interpreting spread...
[error] Error in interpreting spread...
[error] Error in interpreting spread...
[error] Error in interpreting spread...
[error] Error in interpreting spread...
[error] Error in interpreting spread...
[error] Error in interpreting spread...
[error] Error in interpreting spread...
[error] Error in interpreting spread...
[error] Error in interpreting spread...
[error] Error in interpreting spread...
[error] Error in interpreting spread...
[error] Error in interpreting spread...
[error] Error in interpreting spread...
[error] Error in interpreting spread...
[error] Error in interpreting spread...
[error] Error in interpreting spread...
[error] Error in interpreting spread...
[error] Error in interpreting spread...
[error] Error in interpreting spread...
[error] Error in interpreting spread...
[error] Error in interpreting spread...
[error] Error in interpreting spread...
[error] Error in interpreting spread...
[error] Error in interpreting spread...
[error] Error in interpreting spread...
[error] Error in interpreting spread...
[error] Error in interpreting spread...
[error] Error in interpreting spread...
[error] Error in interpreting spread...
[error] Error in interpreting spread...
[error] Error in interpreting spread...
[error] Error in interpreting spread...
[error] Error in interpreting spread...
[error] Error in interpreting spread...
[error] Error in interpreting spread...
[error] Error in interpreting spread...
[error] Error in interpreting spread...
[error] Error in interpreting spread...
[error] Error in interpreting spread...
[error] Error in interpreting spread...
[error] Error in interpreting spread...
[error] Error in interpreting spread...
[error] Error in interpreting spread...
[error] Error in interpreting spread...
[error] Error in interpreting spread...
[error] Error in interpreting spread...
[error] Error in interpreting spread...
[error] Error in interpreting spread...
[error] Error in interpreting spread...
[error] Error in interpreting spread...
[error] Error in interpreting spread...
[error] Error in interpreting spread...
[error] Error in interpreting spread...
[error] Error in interpreting spread...
[error] Error in interpreting spread...
[error] Error in interpreting spread...
[error] Error in interpreting spread...
[error] Error in interpreting spread...
[error] Error in interpreting spread...
[error] Error in interpreting spread...
[error] Error in interpreting spread...
[error] Error in interpreting spread...
[error] Error in interpreting spread...
[error] Error in interpreting spread...
[error] Error in interpreting spread...
[error] Error in interpreting spread...
[error] Error in interpreting spread...
[error] Error in interpreting spread...
[error] Error in interpreting spread...
[error] Error in interpreting spread...
[error] Error in interpreting spread...
[error] Error in interpreting spread...
[error] Error in interpreting spread...
[error] Error in interpreting spread...
[error] Error in interpreting spread...
[error] Error in interpreting spread...
[error] Error in interpreting spread...
[error] Error in interpreting spread...
[error] Error in interpreting spread...
[error] Error in interpreting spread...
[error] Error in interpreting spread...
[error] Error in interpreting spread...
[error] Error in interpreting spread...
[error] Error in interpreting spread...
[error] Error in interpreting spread...
[error] Error in interpreting spread...
[error] Error in interpreting spread...
[error] Error in interpreting spread...
[error] Error in interpreting spread...
[error] Error in interpreting spread...
[error] Error in interpreting spread...
[error] Error in interpreting spread...
[error] Error in interpreting spread...
[error] Error in interpreting spread...
[error] Error in interpreting spread...
[error] Error in interpreting spread...
[error] Error in interpreting spread...
[error] Error in interpreting spread...
[error] Error in interpreting spread...
[error] Error in interpreting spread...
[error] Error in interpreting spread...
[error] Error in interpreting spread...
[error] Error in interpreting spread...
[error] Error in interpreting spread...
[error] Error in interpreting spread...
[error] Error in interpreting spread...
[error] Error in interpreting spread...
[error] Error in interpreting spread...
[error] Error in interpreting spread...
[error] Error in interpreting spread...
[error] Error in interpreting spread...
[error] Error in interpreting spread...
[error] Error in interpreting spread...
[error] Error in interpreting spread...
[error] Error in interpreting spread...
[error] Error in interpreting spread...
[error] Error in interpreting spread...
[error] Error in interpreting spread...
[error] Error in interpreting spread...
[error] Error in interpreting spread...
[error] Error in interpreting spread...
[error] Error in interpreting spread...
[error] Error in interpreting spread...
[error] Error in interpreting spread...
[error] Error in interpreting spread...
[error] Error in interpreting spread...
[error] Error in interpreting spread...
[error] Error in interpreting spread...
[error] Error in interpreting spread...
[error] Error in interpreting spread...
[error] Error in interpreting spread...
[error] Error in interpreting spread...
[error] Error in interpreting spread...
[error] Error in interpreting spread...
[error] Error in interpreting spread...
[error] Error in interpreting spread...
[error] Error in interpreting spread...
[error] Error in interpreting spread...
[error] Error in interpreting spread...
[error] Error in interpreting spread...
[error] Error in interpreting spread...
[error] Error in interpreting spread...
[error] Error in interpreting spread...
[error] Error in interpreting spread...
[error] Error in interpreting spread...
[error] Error in interpreting spread...
[error] Error in interpreting spread...
[error] Error in interpreting spread...
[error] Error in interpreting spread...
[error] Error in interpreting spread...
[error] Error in interpreting spread...
[error] Error in interpreting spread...
[error] Error in interpreting spread...
[error] Error in interpreting spread...
[error] Error in interpreting spread...
[error] Error in interpreting spread...
[error] Error in interpreting spread...
[error] Error in interpreting spread...
[error] Error in interpreting spread...
[error] Error in interpreting spread...
[error] Error in interpreting spread...
[error] Error in interpreting spread...
[error] Error in interpreting spread...
[error] Error in interpreting spread...
[error] Error in interpreting spread...
[error] Error in interpreting spread...
[error] Error in interpreting spread...
[error] Error in interpreting spread...
[error] Error in interpreting spread...
[error] Error in interpreting spread...
[error] Error in interpreting spread...
[error] Error in interpreting spread...
[error] Error in interpreting spread...
[error] Error in interpreting spread...
[error] Error in interpreting spread...
[error] Error in interpreting spread...
[error] Error in interpreting spread...
[error] Error in interpreting spread...
[error] Error in interpreting spread...
[error] Error in interpreting spread...
[error] Error in interpreting spread...
[error] Error in interpreting spread...
[error] Error in interpreting spread...
[error] Error in interpreting spread...
[error] Error in interpreting spread...
[error] Error in interpreting spread...
[error] Error in interpreting spread...
[error] Error in interpreting spread...
[error] Error in interpreting spread...
[error] Error in interpreting spread...
[error] Error in interpreting spread...
[error] Error in interpreting spread...
[error] Error in interpreting spread...
[error] Error in interpreting spread...
[error] Error in interpreting spread...
[error] Error in interpreting spread...
[error] Error in interpreting spread...
[error] Error in interpreting spread...
[error] Error in interpreting spread...
[error] Error in interpreting spread...
[error] Error in interpreting spread...
[error] Error in interpreting spread...
[error] Error in interpreting spread...
[error] Error in interpreting spread...
[error] Error in interpreting spread...
[error] Error in interpreting spread...
[error] Error in interpreting spread...
[error] Error in interpreting spread...
[error] Error in interpreting spread...
[error] Error in interpreting spread...
[error] Error in interpreting spread...
[error] Error in interpreting spread...
[error] Error in interpreting spread...
[error] Error in interpreting spread...
[error] Error in interpreting spread...
[error] Error in interpreting spread...
[error] Error in interpreting spread...
[error] Error in interpreting spread...
[error] Error in interpreting spread...
[error] Error in interpreting spread...
[error] Error in interpreting spread...
[error] Error in interpreting spread...
[error] Error in interpreting spread...
[error] Error in interpreting spread...
[error] Error in interpreting spread...
[error] Error in interpreting spread...
[error] Error in interpreting spread...
[error] Error in interpreting spread...
[error] Error in interpreting spread...
[error] Error in interpreting spread...
[error] Error in interpreting spread...
[error] Error in interpreting spread...
[error] Error in interpreting spread...
[error] Error in interpreting spread...
[error] Error in interpreting spread...
[error] Error in interpreting spread...
[error] Error in interpreting spread...
[error] Error in interpreting spread...
[error] Error in interpreting spread...
[error] Error in interpreting spread...
[error] Error in interpreting spread...
[error] Error in interpreting spread...
[error] Error in interpreting spread...
[error] Error in interpreting spread...
[error] Error in interpreting spread...
[error] Error in interpreting spread...
[error] Error in interpreting spread...
[error] Error in interpreting spread...
[error] Error in interpreting spread...
[error] Error in interpreting spread...
[error] Error in interpreting spread...
[error] Error in interpreting spread...
[error] Error in interpreting spread...
[error] Error in interpreting spread...
[error] Error in interpreting spread...
[error] Error in interpreting spread...
[error] Error in interpreting spread...
[error] Error in interpreting spread...
[error] Error in interpreting spread...
[error] Error in interpreting spread...
[error] Error in interpreting spread...
[error] Error in interpreting spread...
[error] Error in interpreting spread...
[error] Error in interpreting spread...
[error] Error in interpreting spread...
[error] Error in interpreting spread...
[error] Error in interpreting spread...
[error] Error in interpreting spread...
[error] Error in interpreting spread...
[error] Error in interpreting spread...
[error] Error in interpreting spread...
[error] Error in interpreting spread...
[error] Error in interpreting spread...
[error] Error in interpreting spread...
[error] Error in interpreting spread...
[error] Error in interpreting spread...
[error] Error in interpreting spread...
[error] Error in interpreting spread...
[error] Error in interpreting spread...
[error] Error in interpreting spread...
[error] Error in interpreting spread...
[error] Error in interpreting spread...
[error] Error in interpreting spread...
[error] Error in interpreting spread...
[error] Error in interpreting spread...
[error] Error in interpreting spread...
[error] Error in interpreting spread...
[error] Error in interpreting spread...
[error] Error in interpreting spread...
[error] Error in interpreting spread...
[error] Error in interpreting spread...
[error] Error in interpreting spread...
[error] Error in interpreting spread...
[error] Error in interpreting spread...
[error] Error in interpreting spread...
[error] Error in interpreting spread...
[error] Error in interpreting spread...
[error] Error in interpreting spread...
[error] Error in interpreting spread...
[error] Error in interpreting spread...
[error] Error in interpreting spread...
[error] Error in interpreting spread...
[error] Error in interpreting spread...
[error] Error in interpreting spread...
[error] Error in interpreting spread...
[error] Error in interpreting spread...
[error] Error in interpreting spread...
[error] Error in interpreting spread...
[error] Error in interpreting spread...
[error] Error in interpreting spread...
[error] Error in interpreting spread...
[error] Error in interpreting spread...
[error] Error in interpreting spread...
[error] Error in interpreting spread...
[error] Error in interpreting spread...
[error] Error in interpreting spread...
[error] Error in interpreting spread...
[error] Error in interpreting spread...
[error] Error in interpreting spread...
[error] Error in interpreting spread...
[error] Error in interpreting spread...
[error] Error in interpreting spread...
[error] Error in interpreting spread...
[error] Error in interpreting spread...
[error] Error in interpreting spread...
[error] Error in interpreting spread...
[error] Error in interpreting spread...
[error] Error in interpreting spread...
[error] Error in interpreting spread...
[error] Error in interpreting spread...
[error] Error in interpreting spread...
[error] Error in interpreting spread...
[error] Error in interpreting spread...
[error] Error in interpreting spread...
[error] Error in interpreting spread...
[error] Error in interpreting spread...
[error] Error in interpreting spread...
[error] Error in interpreting spread...
[error] Error in interpreting spread...
[error] Error in interpreting spread...
[error] Error in interpreting spread...
[error] Error in interpreting spread...
[error] Error in interpreting spread...
[error] Error in interpreting spread...
[error] Error in interpreting spread...
[error] Error in interpreting spread...
[error] Error in interpreting spread...
[error] Error in interpreting spread...
[error] Error in interpreting spread...
[error] Error in interpreting spread...
[error] Error in interpreting spread...
[error] Error in interpreting spread...
[error] Error in interpreting spread...
[error] Error in interpreting spread...
[error] Error in interpreting spread...
[error] Error in interpreting spread...
[error] Error in interpreting spread...
[error] Error in interpreting spread...
[error] Error in interpreting spread...
[error] Error in interpreting spread...
[error] Error in interpreting spread...
[error] Error in interpreting spread...
[error] Error in interpreting spread...
[error] Error in interpreting spread...
[error] Error in interpreting spread...
[error] Error in interpreting spread...
[error] Error in interpreting spread...
[error] Error in interpreting spread...
[error] Error in interpreting spread...
[error] Error in interpreting spread...
[error] Error in interpreting spread...
[error] Error in interpreting spread...
[error] Error in interpreting spread...
[error] Error in interpreting spread...
[error] Error in interpreting spread...
[error] Error in interpreting spread...
[error] Error in interpreting spread...
[error] Error in interpreting spread...
[error] Error in interpreting spread...
[error] Error in interpreting spread...
[error] Error in interpreting spread...
[error] Error in interpreting spread...
[error] Error in interpreting spread...
[error] Error in interpreting spread...
[error] Error in interpreting spread...
[error] Error in interpreting spread...
[error] Error in interpreting spread...
[error] Error in interpreting spread...
[error] Error in interpreting spread...
[error] Error in interpreting spread...
[error] Error in interpreting spread...
[error] Error in interpreting spread...
[error] Error in interpreting spread...
[error] Error in interpreting spread...
[error] Error in interpreting spread...
[error] Error in interpreting spread...
[error] Error in interpreting spread...
[error] Error in interpreting spread...
[error] Error in interpreting spread...
[error] Error in interpreting spread...
[error] Error in interpreting spread...
[error] Error in interpreting spread...
[error] Error in interpreting spread...
[error] Error in interpreting spread...
[error] Error in interpreting spread...
[error] Error in interpreting spread...
[error] Error in interpreting spread...
[error] Error in interpreting spread...
[error] Error in interpreting spread...
[error] Error in interpreting spread...
[error] Error in interpreting spread...
[error] Error in interpreting spread...
[error] Error in interpreting spread...
[error] Error in interpreting spread...
[error] Error in interpreting spread...
[error] Error in interpreting spread...
[error] Error in interpreting spread...
[error] Error in interpreting spread...
[error] Error in interpreting spread...
[error] Error in interpreting spread...
[error] Error in interpreting spread...
[error] Error in interpreting spread...
[error] Error in interpreting spread...
[error] Error in interpreting spread...
[error] Error in interpreting spread...
[error] Error in interpreting spread...
[error] Error in interpreting spread...
[error] Error in interpreting spread...
[error] Error in interpreting spread...
[error] Error in interpreting spread...
[error] Error in interpreting spread...
[error] Error in interpreting spread...
[error] Error in interpreting spread...
[error] Error in interpreting spread...
[error] Error in interpreting spread...
[error] Error in interpreting spread...
[error] Error in interpreting spread...
[error] Error in interpreting spread...
[error] Error in interpreting spread...
[error] Error in interpreting spread...
[error] Error in interpreting spread...
[error] Error in interpreting spread...
[error] Error in interpreting spread...
[error] Error in interpreting spread...
[error] Error in interpreting spread...
[error] Error in interpreting spread...
[error] Error in interpreting spread...
[error] Error in interpreting spread...
[error] Error in interpreting spread...
[error] Error in interpreting spread...
[error] Error in interpreting spread...
[error] Error in interpreting spread...
[error] Error in interpreting spread...
[error] Error in interpreting spread...
[error] Error in interpreting spread...
[error] Error in interpreting spread...
[error] Error in interpreting spread...
[error] Error in interpreting spread...
[error] Error in interpreting spread...
[error] Error in interpreting spread...
[error] Error in interpreting spread...
[error] Error in interpreting spread...
[error] Error in interpreting spread...
[error] Error in interpreting spread...
[error] Error in interpreting spread...
[error] Error in interpreting spread...
[error] Error in interpreting spread...
[error] Error in interpreting spread...
[error] Error in interpreting spread...
[error] Error in interpreting spread...
[error] Error in interpreting spread...
[error] Error in interpreting spread...
[error] Error in interpreting spread...
[error] Error in interpreting spread...
[error] Error in interpreting spread...
[error] Error in interpreting spread...
[error] Error in interpreting spread...
[error] Error in interpreting spread...
[error] Error in interpreting spread...
[error] Error in interpreting spread...
[error] Error in interpreting spread...
[error] Error in interpreting spread...
[error] Error in interpreting spread...
[error] Error in interpreting spread...
[error] Error in interpreting spread...
[error] Error in interpreting spread...
[error] Error in interpreting spread...
[error] Error in interpreting spread...
[error] Error in interpreting spread...
[error] Error in interpreting spread...
[error] Error in interpreting spread...
[error] Error in interpreting spread...
[error] Error in interpreting spread...
[error] Error in interpreting spread...
[error] Error in interpreting spread...
[error] Error in interpreting spread...
[error] Error in interpreting spread...
[error] Error in interpreting spread...
[error] Error in interpreting spread...
[error] Error in interpreting spread...
[error] Error in interpreting spread...
[error] Error in interpreting spread...
[error] Error in interpreting spread...
[error] Error in interpreting spread...
[error] Error in interpreting spread...
[error] Error in interpreting spread...
[error] Error in interpreting spread...
[error] Error in interpreting spread...
[error] Error in interpreting spread...
[error] Error in interpreting spread...
[error] Error in interpreting spread...
[error] Error in interpreting spread...
[error] Error in interpreting spread...
[error] Error in interpreting spread...
[error] Error in interpreting spread...
[error] Error in interpreting spread...
[error] Error in interpreting spread...
[error] Error in interpreting spread...
[error] Error in interpreting spread...
[error] Error in interpreting spread...
[error] Error in interpreting spread...
[error] Error in interpreting spread...
[error] Error in interpreting spread...
[error] Error in interpreting spread...
[error] Error in interpreting spread...
[error] Error in interpreting spread...
[error] Error in interpreting spread...
[error] Error in interpreting spread...
[error] Error in interpreting spread...
[error] Error in interpreting spread...
[error] Error in interpreting spread...
[error] Error in interpreting spread...
[error] Error in interpreting spread...
[error] Error in interpreting spread...
[error] Error in interpreting spread...
[error] Error in interpreting spread...
[error] Error in interpreting spread...
[error] Error in interpreting spread...
[error] Error in interpreting spread...
[error] Error in interpreting spread...
[error] Error in interpreting spread...
[error] Error in interpreting spread...
[error] Error in interpreting spread...
[error] Error in interpreting spread...
[error] Error in interpreting spread...
[error] Error in interpreting spread...
[error] Error in interpreting spread...
[error] Error in interpreting spread...
[error] Error in interpreting spread...
[error] Error in interpreting spread...
[error] Error in interpreting spread...
[error] Error in interpreting spread...
[error] Error in interpreting spread...
[error] Error in interpreting spread...
[error] Error in interpreting spread...
[error] Error in interpreting spread...
[error] Error in interpreting spread...
[error] Error in interpreting spread...
[error] Error in interpreting spread...
[error] Error in interpreting spread...
[error] Error in interpreting spread...
[error] Error in interpreting spread...
[error] Error in interpreting spread...
[error] Error in interpreting spread...
[error] Error in interpreting spread...
[error] Error in interpreting spread...
[error] Error in interpreting spread...
[error] Error in interpreting spread...
[error] Error in interpreting spread...
[error] Error in interpreting spread...
[error] Error in interpreting spread...
[error] Error in interpreting spread...
[error] Error in interpreting spread...
[error] Error in interpreting spread...
[error] Error in interpreting spread...
[error] Error in interpreting spread...
[error] Error in interpreting spread...
[error] Error in interpreting spread...
[error] Error in interpreting spread...
[error] Error in interpreting spread...
[error] Error in interpreting spread...
[error] Error in interpreting spread...
[error] Error in interpreting spread...
[error] Error in interpreting spread...
[error] Error in interpreting spread...
[error] Error in interpreting spread...
[error] Error in interpreting spread...
[error] Error in interpreting spread...
[error] Error in interpreting spread...
[error] Error in interpreting spread...
[error] Error in interpreting spread...
[error] Error in interpreting spread...
[error] Error in interpreting spread...
[error] Error in interpreting spread...
[error] Error in interpreting spread...
[error] Error in interpreting spread...
[error] Error in interpreting spread...
[error] Error in interpreting spread...
[error] Error in interpreting spread...
[error] Error in interpreting spread...
[error] Error in interpreting spread...
[error] Error in interpreting spread...
[error] Error in interpreting spread...
[error] Error in interpreting spread...
[error] Error in interpreting spread...
[error] Error in interpreting spread...
[error] Error in interpreting spread...
[error] Error in interpreting spread...
[error] Error in interpreting spread...
[error] Error in interpreting spread...
[error] Error in interpreting spread...
[error] Error in interpreting spread...
[error] Error in interpreting spread...
[error] Error in interpreting spread...
[error] Error in interpreting spread...
[error] Error in interpreting spread...
[error] Error in interpreting spread...
[error] Error in interpreting spread...
[error] Error in interpreting spread...
[error] Error in interpreting spread...
[error] Error in interpreting spread...
[error] Error in interpreting spread...
[error] Error in interpreting spread...
[error] Error in interpreting spread...
[error] Error in interpreting spread...
[error] Error in interpreting spread...
[error] Error in interpreting spread...
[error] Error in interpreting spread...
[error] Error in interpreting spread...
[error] Error in interpreting spread...
[error] Error in interpreting spread...
[error] Error in interpreting spread...
[error] Error in interpreting spread...
[error] Error in interpreting spread...
[error] Error in interpreting spread...
[error] Error in interpreting spread...
[error] Error in interpreting spread...
[error] Error in interpreting spread...
[error] Error in interpreting spread...
[error] Error in interpreting spread...
[error] Error in interpreting spread...
[error] Error in interpreting spread...
[error] Error in interpreting spread...
[error] Error in interpreting spread...
[error] Error in interpreting spread...
[error] Error in interpreting spread...
[error] Error in interpreting spread...
[error] Error in interpreting spread...
[error] Error in interpreting spread...
[error] Error in interpreting spread...
[error] Error in interpreting spread...
[error] Error in interpreting spread...
[error] Error in interpreting spread...
[error] Error in interpreting spread...
[error] Error in interpreting spread...
[error] Error in interpreting spread...
[error] Error in interpreting spread...
[error] Error in interpreting spread...
[error] Error in interpreting spread...
[error] Error in interpreting spread...
[error] Error in interpreting spread...
[error] Error in interpreting spread...
[error] Error in interpreting spread...
[error] Error in interpreting spread...
[error] Error in interpreting spread...
[error] Error in interpreting spread...
[error] Error in interpreting spread...
[error] Error in interpreting spread...
[error] Error in interpreting spread...
[error] Error in interpreting spread...
[error] Error in interpreting spread...
[error] Error in interpreting spread...
[error] Error in interpreting spread...
[error] Error in interpreting spread...
[error] Error in interpreting spread...
[error] Error in interpreting spread...
[error] Error in interpreting spread...
[error] Error in interpreting spread...
[error] Error in interpreting spread...
[error] Error in interpreting spread...
[error] Error in interpreting spread...
[error] Error in interpreting spread...
[error] Error in interpreting spread...
[error] Error in interpreting spread...
[error] Error in interpreting spread...
[error] Error in interpreting spread...
[error] Error in interpreting spread...
[error] Error in interpreting spread...
[error] Error in interpreting spread...
[error] Error in interpreting spread...
[error] Error in interpreting spread...
[error] Error in interpreting spread...
[error] Error in interpreting spread...
[error] Error in interpreting spread...
[error] Error in interpreting spread...
[error] Error in interpreting spread...
[error] Error in interpreting spread...
[error] Error in interpreting spread...
[error] Error in interpreting spread...
[error] Error in interpreting spread...
[error] Error in interpreting spread...
[error] Error in interpreting spread...
[error] Error in interpreting spread...
[error] Error in interpreting spread...
[error] Error in interpreting spread...
[error] Error in interpreting spread...
[error] Error in interpreting spread...
[error] Error in interpreting spread...
[error] Error in interpreting spread...
[error] Error in interpreting spread...
[error] Error in interpreting spread...
[error] Error in interpreting spread...
[error] Error in interpreting spread...
[error] Error in interpreting spread...
[error] Error in interpreting spread...
[error] Error in interpreting spread...
[error] Error in interpreting spread...
[error] Error in interpreting spread...
[error] Error in interpreting spread...
[error] Error in interpreting spread...
[error] Error in interpreting spread...
[error] Error in interpreting spread...
[error] Error in interpreting spread...
[error] Error in interpreting spread...
[error] Error in interpreting spread...
[error] Error in interpreting spread...
[error] Error in interpreting spread...
[error] Error in interpreting spread...
[error] Error in interpreting spread...
[error] Error in interpreting spread...
[error] Error in interpreting spread...
[error] Error in interpreting spread...
[error] Error in interpreting spread...
[error] Error in interpreting spread...
[error] Error in interpreting spread...
[error] Error in interpreting spread...
[error] Error in interpreting spread...
[error] Error in interpreting spread...
[error] Error in interpreting spread...
[error] Error in interpreting spread...
[error] Error in interpreting spread...
[error] Error in interpreting spread...
[error] Error in interpreting spread...
[error] Error in interpreting spread...
[error] Error in interpreting spread...
[error] Error in interpreting spread...
[error] Error in interpreting spread...
[error] Error in interpreting spread...
[error] Error in interpreting spread...
[error] Error in interpreting spread...
[error] Error in interpreting spread...
[error] Error in interpreting spread...
[error] Error in interpreting spread...
[error] Error in interpreting spread...
[error] Error in interpreting spread...
[error] Error in interpreting spread...
[error] Error in interpreting spread...
[error] Error in interpreting spread...
[error] Error in interpreting spread...
[error] Error in interpreting spread...
[error] Error in interpreting spread...
[error] Error in interpreting spread...
[error] Error in interpreting spread...
[error] Error in interpreting spread...
[error] Error in interpreting spread...
[error] Error in interpreting spread...
[error] Error in interpreting spread...
[error] Error in interpreting spread...
[error] Error in interpreting spread...
[error] Error in interpreting spread...
[error] Error in interpreting spread...
[error] Error in interpreting spread...
[error] Error in interpreting spread...
[error] Error in interpreting spread...
[error] Error in interpreting spread...
[error] Error in interpreting spread...
[error] Error in interpreting spread...
[error] Error in interpreting spread...
[error] Error in interpreting spread...
[error] Error in interpreting spread...
[error] Error in interpreting spread...
[error] Error in interpreting spread...
[error] Error in interpreting spread...
[error] Error in interpreting spread...
[error] Error in interpreting spread...
[error] Error in interpreting spread...
[error] Error in interpreting spread...
[error] Error in interpreting spread...
[error] Error in interpreting spread...
[error] Error in interpreting spread...
[error] Error in interpreting spread...
[error] Error in interpreting spread...
[error] Error in interpreting spread...
[error] Error in interpreting spread...
[error] Error in interpreting spread...
[error] Error in interpreting spread...
[error] Error in interpreting spread...
[error] Error in interpreting spread...
[error] Error in interpreting spread...
[error] Error in interpreting spread...
[error] Error in interpreting spread...
[error] Error in interpreting spread...
[error] Error in interpreting spread...
[error] Error in interpreting spread...
[error] Error in interpreting spread...
[error] Error in interpreting spread...
[error] Error in interpreting spread...
[error] Error in interpreting spread...
[error] Error in interpreting spread...
[error] Error in interpreting spread...
[error] Error in interpreting spread...
[error] Error in interpreting spread...
[error] Error in interpreting spread...
[error] Error in interpreting spread...
[error] Error in interpreting spread...
[error] Error in interpreting spread...
[error] Error in interpreting spread...
[error] Error in interpreting spread...
[error] Error in interpreting spread...
[error] Error in interpreting spread...
[error] Error in interpreting spread...
[error] Error in interpreting spread...
[error] Error in interpreting spread...
[error] Error in interpreting spread...
[error] Error in interpreting spread...
[error] Error in interpreting spread...
[error] Error in interpreting spread...
[error] Error in interpreting spread...
[error] Error in interpreting spread...
[error] Error in interpreting spread...
[error] Error in interpreting spread...
[error] Error in interpreting spread...
[error] Error in interpreting spread...
[error] Error in interpreting spread...
[error] Error in interpreting spread...
[error] Error in interpreting spread...
[error] Error in interpreting spread...
[error] Error in interpreting spread...
[error] Error in interpreting spread...
[error] Error in interpreting spread...
[error] Error in interpreting spread...
[error] Error in interpreting spread...
[error] Error in interpreting spread...
[error] Error in interpreting spread...
[error] Error in interpreting spread...
[error] Error in interpreting spread...
[error] Error in interpreting spread...
[error] Error in interpreting spread...
[error] Error in interpreting spread...
[error] Error in interpreting spread...
[error] Error in interpreting spread...
[error] Error in interpreting spread...
[error] Error in interpreting spread...
[error] Error in interpreting spread...
[error] Error in interpreting spread...
[error] Error in interpreting spread...
[error] Error in interpreting spread...
[error] Error in interpreting spread...
[error] Error in interpreting spread...
[error] Error in interpreting spread...
[error] Error in interpreting spread...
[error] Error in interpreting spread...
[error] Error in interpreting spread...
[error] Error in interpreting spread...
[error] Error in interpreting spread...
[error] Error in interpreting spread...
[error] Error in interpreting spread...
[error] Error in interpreting spread...
[error] Error in interpreting spread...
[error] Error in interpreting spread...
[error] Error in interpreting spread...
[error] Error in interpreting spread...
[error] Error in interpreting spread...
[error] Error in interpreting spread...
[error] Error in interpreting spread...
[error] Error in interpreting spread...
[error] Error in interpreting spread...
[error] Error in interpreting spread...
[error] Error in interpreting spread...
[error] Error in interpreting spread...
[error] Error in interpreting spread...
[error] Error in interpreting spread...
[error] Error in interpreting spread...
[error] Error in interpreting spread...
[error] Error in interpreting spread...
[error] Error in interpreting spread...
[error] Error in interpreting spread...
[error] Error in interpreting spread...
[error] Error in interpreting spread...
[error] Error in interpreting spread...
[error] Error in interpreting spread...
[error] Error in interpreting spread...
[error] Error in interpreting spread...
[error] Error in interpreting spread...
[error] Error in interpreting spread...
[error] Error in interpreting spread...
[error] Error in interpreting spread...
[error] Error in interpreting spread...
[error] Error in interpreting spread...
[error] Error in interpreting spread...
[error] Error in interpreting spread...
[error] Error in interpreting spread...
[error] Error in interpreting spread...
[error] Error in interpreting spread...
[error] Error in interpreting spread...
[error] Error in interpreting spread...
[error] Error in interpreting spread...
[error] Error in interpreting spread...
[info] # candidates before getting the correct solution: 16
[info] Solution found: [separate(@param0, 1), groupSum(separate(@param0, 1), sum, 5, ['1', '2'])]
# candidates before getting the correct solution: 16
## synthesize result for task 026.json
# table_prog:
  [separate(@param0, 1), groupSum(separate(@param0, 1), sum, 5, ['1', '2'])]
# vis_spec:
    {'mark': 'point', 'encoding': {'x': {'field': 'COL3296', 'type': 'nominal'}, 'y': {'field': 'COL3297', 'type': 'nominal'}, 'color': {'field': 'COL3299', 'type': 'nominal'}}}
# time used (s): 227.7116

real	3m49.940s
user	3m34.982s
sys	0m3.173s
