/Users/yufeng/research/vis-pirate/venv/lib/python3.7/site-packages/rpy2/robjects/pandas2ri.py:191: FutureWarning: from_items is deprecated. Please use DataFrame.from_dict(dict(items), ...) instead. DataFrame.from_dict(OrderedDict(items)) may be used to preserve the key order.
  res = PandasDataFrame.from_items(items)
[info] Parsing spec ...
[info] Parsing succeeded
[info] Building synthesizer ...
[info] Synthesizing programs ...
[info] Solution not found!
[info] Synthesizing programs ...
[info] # candidates before getting the correct solution: 2
[info] Solution found: [gatherNeg(@param0, ['-1', '-2', '-3']), mutateCustom(gatherNeg(@param0, ['-1', '-2', '-3']), ==, 2, Archery)]
====> run synthesize 029.json
# num samples per layer: 6
    Rank                                Sport    ...     Speed  Strength
0   55.0                              Archery    ...      1.13      4.50
1   32.0                          Auto Racing    ...      1.63      3.50
2   30.0                            Badminton    ...      5.63      3.25
3    9.0                    Baseball/Softball    ...      6.50      5.75
4    4.0                           Basketball    ...      7.25      6.25
5   59.0                            Billiards    ...      0.75      1.00
6   28.0                     Bobsledding/Luge    ...      6.75      5.50
7   57.0                              Bowling    ...      1.00      2.75
8    1.0                               Boxing    ...      6.38      8.13
9   49.0                          Canoe/Kayak    ...      3.50      5.25
10  52.0                         Cheerleading    ...      2.25      3.63
11  56.0                              Curling    ...      1.50      2.63
12  20.0                    Cycling: Distance    ...      5.13      6.38
13  27.0                     Cycling: Sprints    ...      7.50      6.13
14  35.0                               Diving    ...      3.00      5.13
15  54.0                           Equestrian    ...      1.25      3.25
16  24.0                              Fencing    ...      5.13      3.75
17  17.0                         Field Hockey    ...      6.00      4.50
18  19.0                       Figure Skating    ...      5.13      5.25
19  60.0                              Fishing    ...      0.63      1.63
20   3.0                             Football    ...      7.13      8.63
21  51.0                                 Golf    ...      1.63      3.88
22   8.0                           Gymnastics    ...      5.00      6.13
23  50.0                         Horse Racing    ...      1.38      3.88
24   2.0                           Ice Hockey    ...      7.75      7.13
25  14.0                             Lacrosse    ...      7.00      5.13
26   6.0                         Martial Arts    ...      6.38      5.88
27  22.0                   Racquetball/Squash    ...      5.50      3.75
28  42.0    Rodeo: Bull/Bareback/Bronc Riding    ...      1.75      5.38
29  40.0                   Rodeo: Calf Roping    ...      4.25      5.38
30  15.0               Rodeo: Steer Wrestling    ...      3.88      7.00
31  52.0                       Roller Skating    ...      5.13      3.38
32  39.0                               Rowing    ...      4.00      7.75
33  13.0                                Rugby    ...      5.88      7.00
34  58.0                             Shooting    ...      0.88      2.50
35  37.0                        Skateboarding    ...      4.13      3.75
36  29.0                          Ski Jumping    ...      4.63      4.50
37  11.0                       Skiing: Alpine    ...      7.38      5.25
38  25.0                    Skiing: Freestyle    ...      5.13      5.13
39  30.0                       Skiing: Nordic    ...      5.13      5.75
40  10.0                               Soccer    ...      7.25      4.50
41  17.0                        Speed Skating    ...      8.88      7.25
42  23.0                              Surfing    ...      4.25      5.00
43  36.0     Swimming (all strokes): Distance    ...      5.50      5.25
44  45.0      Swimming (all strokes): Sprints    ...      7.88      5.25
45  47.0                         Table Tennis    ...      4.13      2.50
46  26.0                        Team Handball    ...      5.50      3.88
47   7.0                               Tennis    ...      6.75      5.13
48  40.0            Track and Field: Distance    ...      6.00      5.25
49  33.0           Track and Field: High Jump    ...      6.13      6.00
50  34.0  Track and Field: Long, Triple jumps    ...      6.75      5.63
51  43.0     Track and Field: Middle Distance    ...      7.75      5.13
52  16.0          Track and Field: Pole Vault    ...      6.13      6.88
53  38.0             Track and Field: Sprints    ...      9.88      5.13
54  48.0             Track and Field: Weights    ...      3.00      7.88
55  20.0                           Volleyball    ...      5.00      4.88
56  11.0                           Water Polo    ...      5.38      6.63
57  46.0                         Water Skiing    ...      3.00      5.00
58  44.0                       Weight-Lifting    ...      2.63      9.25
59   5.0                            Wrestling    ...      5.13      8.38

[60 rows x 13 columns]
    c_x                    c_y  c_size
0  7.25  Hand-Eye-Coordination       0
1  3.88    Analytical-Aptitude       0
2  1.25                  Power       0
3  5.63                Agility       0
4  6.63  Hand-Eye-Coordination       1
5  5.88               Strength       0
# candidates before getting the correct solution: 2
## synthesize result for task 029.json
# table_prog:
  [gatherNeg(@param0, ['-1', '-2', '-3']), mutateCustom(gatherNeg(@param0, ['-1', '-2', '-3']), ==, 2, Archery)]
# vis_spec:
    {'mark': 'point', 'encoding': {'x': {'field': 'VALUE', 'type': 'quantitative'}, 'y': {'field': 'KEY', 'type': 'nominal'}, 'size': {'field': 'COL39', 'type': 'quantitative'}}}
# time used (s): 5.5968

real	0m8.722s
user	0m7.797s
sys	0m0.385s
