/Users/yufeng/research/vis-pirate/venv/lib/python3.7/site-packages/rpy2/robjects/pandas2ri.py:191: FutureWarning: from_items is deprecated. Please use DataFrame.from_dict(dict(items), ...) instead. DataFrame.from_dict(OrderedDict(items)) may be used to preserve the key order.
  res = PandasDataFrame.from_items(items)
[info] Parsing spec ...
[info] Parsing succeeded
[info] Building synthesizer ...
[info] Synthesizing programs ...
[info] Solution not found!
[info] Synthesizing programs ...
[info] # candidates before getting the correct solution: 0
[info] Solution found: [gatherNeg(@param0, ['-1']), filter(gatherNeg(@param0, ['-1']), !=, 3, )]
====> run synthesize 034.json
# num samples per layer: 6
   Timeline          ...           Upper Confidence Bound
0    Jul-15          ...                                 
1    Aug-15          ...                                 
2    Sep-15          ...                                 
3    Oct-15          ...                                 
4    Nov-15          ...                                 
5    Dec-15          ...                                 
6    Jan-16          ...                                 
7    Feb-16          ...                                 
8    Mar-16          ...                                 
9    Apr-16          ...                                 
10   May-16          ...                                 
11   Jun-16          ...                             1097
12   Jul-16          ...                          3793.83
13   Aug-16          ...                          3801.32
14   Sep-16          ...                          3808.99

[15 rows x 5 columns]
                  c_color     c_x      c_y
0  Lower Confidence Bound  Jul-16 -1913.98
1  Lower Confidence Bound  Sep-16 -1990.86
2  Upper Confidence Bound  Jul-16  3793.83
3                  Values  Dec-15   300.00
4                  Values  Jul-15   436.00
5                  Values  Oct-15  5124.00
# candidates before getting the correct solution: 0
## synthesize result for task 034.json
# table_prog:
  [gatherNeg(@param0, ['-1']), filter(gatherNeg(@param0, ['-1']), !=, 3, )]
# vis_spec:
    {'mark': 'line', 'encoding': {'x': {'field': 'Timeline', 'type': 'nominal'}, 'y': {'field': 'VALUE', 'type': 'quantitative'}, 'color': {'field': 'KEY', 'type': 'nominal'}, 'order': {'field': 'Timeline', 'type': 'quantitative'}}}
# time used (s): 30.9647

real	0m32.885s
user	0m31.080s
sys	0m0.545s
