/Users/yufeng/research/vis-pirate/venv/lib/python3.7/site-packages/rpy2/robjects/pandas2ri.py:191: FutureWarning: from_items is deprecated. Please use DataFrame.from_dict(dict(items), ...) instead. DataFrame.from_dict(OrderedDict(items)) may be used to preserve the key order.
  res = PandasDataFrame.from_items(items)
[info] Parsing spec ...
[info] Parsing succeeded
[info] Building synthesizer ...
[info] Synthesizing programs ...
[info] # candidates before getting the correct solution: 2
[info] Solution found: [gatherNeg(@param0, ['-1'])]
====> run synthesize 007.json
# num samples per layer: 4
   index  Strongly Agree  Agree  Disagree  Strongly Disagree
0    0.0            50.0   35.0       8.0                7.0
1    1.0            70.0   10.0      10.0               10.0
2    2.0            45.0   30.0      15.0               10.0
    c_x  c_y            c_color
0  50.0  0.0     Strongly Agree
1  10.0  1.0           Disagree
2   7.0  0.0  Strongly Disagree
3  45.0  2.0     Strongly Agree
# candidates before getting the correct solution: 2
## synthesize result for task 007.json
# table_prog:
  [gatherNeg(@param0, ['-1'])]
# vis_spec:
    {'mark': 'bar', 'encoding': {'x': {'field': 'VALUE', 'type': 'quantitative'}, 'y': {'field': 'index', 'type': 'nominal'}, 'color': {'field': 'KEY', 'type': 'nominal'}}}
# time used (s): 1.0123

real	0m2.577s
user	0m2.484s
sys	0m0.185s
