/Users/yufeng/research/vis-pirate/venv/lib/python3.7/site-packages/rpy2/robjects/pandas2ri.py:191: FutureWarning: from_items is deprecated. Please use DataFrame.from_dict(dict(items), ...) instead. DataFrame.from_dict(OrderedDict(items)) may be used to preserve the key order.
  res = PandasDataFrame.from_items(items)
[info] Parsing spec ...
[info] Parsing succeeded
[info] Building synthesizer ...
[info] Synthesizing programs ...
[info] # candidates before getting the correct solution: 0
[info] Solution found: [gather(@param0, ['2', '3'])]
====> run synthesize 010.json
# num samples per layer: 4
      Class  Fall  Spring
0  Literacy  34.0    69.0
1  Language  63.0    77.0
2      Math  67.0    75.0
3   Science  92.0    98.0
4      Arts  96.0   100.0
    c_x       c_y c_color
0  98.0   Science  Spring
1  67.0      Math    Fall
2  69.0  Literacy  Spring
3  75.0      Math  Spring
# candidates before getting the correct solution: 0
## synthesize result for task 010.json
# table_prog:
  [gather(@param0, ['2', '3'])]
# vis_spec:
    {'mark': 'point', 'encoding': {'x': {'field': 'VALUE', 'type': 'quantitative'}, 'y': {'field': 'Class', 'type': 'nominal'}, 'color': {'field': 'KEY', 'type': 'nominal'}}}
# time used (s): 0.4692

real	0m2.018s
user	0m1.947s
sys	0m0.169s
