/Users/yufeng/research/vis-pirate/venv/lib/python3.7/site-packages/rpy2/robjects/pandas2ri.py:191: FutureWarning: from_items is deprecated. Please use DataFrame.from_dict(dict(items), ...) instead. DataFrame.from_dict(OrderedDict(items)) may be used to preserve the key order.
  res = PandasDataFrame.from_items(items)
[info] Parsing spec ...
[info] Parsing succeeded
[info] Building synthesizer ...
[info] Synthesizing programs ...
[info] # candidates before getting the correct solution: 2
[info] Solution found: [gatherNeg(@param0, ['-1', '-2'])]
====> run synthesize 011.json
# num samples per layer: 4
    C1        C2  North_America  EMEA  APAC  LATAM
0   Q1  Targeted           56.0  66.0  48.0   48.0
1   Q1   Engaged           52.0  65.0  47.0   48.0
2   Q1   Pitched           45.0  59.0  45.0   44.0
3   Q1   Adopted           36.0  52.0  38.0   31.0
4   Q2  Targeted           50.0  56.0  39.0   43.0
5   Q2   Engaged           43.0  54.0  37.0   41.0
6   Q2   Pitched           39.0  50.0  35.0   37.0
7   Q2   Adopted           31.0  42.0  27.0   26.0
8   Q3  Targeted           70.0  91.0  87.0   95.0
9   Q3   Engaged           55.0  78.0  75.0   80.0
10  Q3   Pitched           50.0  72.0  74.0   73.0
11  Q3   Adopted           40.0  62.0  59.0   53.0
        c_x   c_y c_column
0   Engaged  54.0     EMEA
1   Engaged  78.0     EMEA
2  Targeted  48.0     APAC
3   Engaged  47.0     APAC
# candidates before getting the correct solution: 2
## synthesize result for task 011.json
# table_prog:
  [gatherNeg(@param0, ['-1', '-2'])]
# vis_spec:
    {'mark': 'bar', 'encoding': {'x': {'field': 'C2', 'type': 'nominal', 'sort': None}, 'y': {'field': 'VALUE', 'type': 'quantitative'}, 'column': {'field': 'KEY', 'type': 'nominal'}}}
# time used (s): 0.4053

real	0m1.942s
user	0m1.886s
sys	0m0.159s
