/Users/yufeng/research/vis-pirate/venv/lib/python3.7/site-packages/rpy2/robjects/pandas2ri.py:191: FutureWarning: from_items is deprecated. Please use DataFrame.from_dict(dict(items), ...) instead. DataFrame.from_dict(OrderedDict(items)) may be used to preserve the key order.
  res = PandasDataFrame.from_items(items)
[info] Parsing spec ...
[info] Parsing succeeded
[info] Building synthesizer ...
[info] Synthesizing programs ...
[info] # candidates before getting the correct solution: 1
[info] Solution found: [gather(@param0, ['2', '3'])]
====> run synthesize 017.json
# num samples per layer: 4
      Year  Actual  Projected
0   2001.0  1000.0        0.0
1   2002.0  1050.0        0.0
2   2003.0  1110.0        0.0
3   2004.0  1180.0        0.0
4   2005.0  1260.0        0.0
5   2006.0  1350.0        0.0
6   2007.0  1450.0        0.0
7   2008.0  1560.0        0.0
8   2009.0  1680.0        0.0
9   2010.0  1810.0        0.0
10  2011.0  1950.0        0.0
11  2012.0  2100.0        0.0
12  2013.0  2260.0        0.0
13  2014.0  2430.0        0.0
14  2015.0  2610.0        0.0
15  2016.0  2800.0        0.0
16  2017.0  3000.0        0.0
17  2018.0  3210.0     3210.0
18  2025.0     0.0     4960.0
19  2030.0     0.0     6510.0
20  2040.0     0.0    10360.0
     c_color     c_x      c_y
0  Projected  2040.0  10360.0
1     Actual  2012.0   2100.0
2  Projected  2016.0      0.0
3  Projected  2025.0   4960.0
# candidates before getting the correct solution: 1
## synthesize result for task 017.json
# table_prog:
  [gather(@param0, ['2', '3'])]
# vis_spec:
    {'mark': 'line', 'encoding': {'x': {'field': 'Year', 'type': 'quantitative'}, 'y': {'field': 'VALUE', 'type': 'quantitative'}, 'color': {'field': 'KEY', 'type': 'nominal'}, 'order': {'field': 'Year', 'type': 'quantitative'}}}
# time used (s): 0.4886

real	0m2.034s
user	0m1.972s
sys	0m0.164s
