/Users/yufeng/research/vis-pirate/venv/lib/python3.7/site-packages/rpy2/robjects/pandas2ri.py:191: FutureWarning: from_items is deprecated. Please use DataFrame.from_dict(dict(items), ...) instead. DataFrame.from_dict(OrderedDict(items)) may be used to preserve the key order.
  res = PandasDataFrame.from_items(items)
[info] Parsing spec ...
[info] Parsing succeeded
[info] Building synthesizer ...
[info] Synthesizing programs ...
[info] Solution not found!
[info] Synthesizing programs ...
[info] Solution not found!
[info] Parsing spec ...
[info] Parsing succeeded
[info] Building synthesizer ...
[info] Synthesizing programs ...
[info] Solution not found!
[info] Synthesizing programs ...
[info] Solution not found!
====> run synthesize 047.json
# num samples per layer: 4
    label  total   ok
0  Label1    1.0  0.0
1  Label2    1.0  0.5
2  Label3    1.0  0.4
3  Label4    1.0  0.9
4  Label5    1.0  0.4
5  Label6    1.0  0.9
6  Label7    1.0  0.8
7  Label8    1.0  0.8
      c_x  c_y   c_color
0  Label1  1.0  mutate_a
1  Label6  0.9        ok
2  Label3  0.4        ok
3  Label4  0.9        ok
    label  total   ok
0  Label1    1.0  0.0
1  Label2    1.0  0.5
2  Label3    1.0  0.4
3  Label4    1.0  0.9
4  Label5    1.0  0.4
5  Label6    1.0  0.9
6  Label7    1.0  0.8
7  Label8    1.0  0.8
      c_x  c_y  c_y2   c_color
0  Label5  0.4   1.0  mutate_a
1  Label2  0.5   1.0  mutate_a
2  Label8  0.0   0.8        ok
3  Label4  0.9   1.0  mutate_a
## synthesize result for task 047.json

real	0m18.730s
user	0m18.313s
sys	0m0.481s
