/Users/yufeng/research/vis-pirate/venv/lib/python3.7/site-packages/rpy2/robjects/pandas2ri.py:191: FutureWarning: from_items is deprecated. Please use DataFrame.from_dict(dict(items), ...) instead. DataFrame.from_dict(OrderedDict(items)) may be used to preserve the key order.
  res = PandasDataFrame.from_items(items)
[info] Parsing spec ...
[info] Parsing succeeded
[info] Building synthesizer ...
[info] Synthesizing programs ...
[info] # candidates before getting the correct solution: 1
[info] Solution found: [gatherNeg(@param0, ['-1', '-2', '-3'])]
[info] Parsing spec ...
[info] Parsing succeeded
[info] Building synthesizer ...
[info] Synthesizing programs ...
[info] # candidates before getting the correct solution: 10
[info] Solution found: [gather(@param0, ['2', '3'])]
====> run synthesize 002.json
# num samples per layer: 16
     Month  East  West  Low (<50%}  Medium (50%-80%}  High (>80%)
0   Apr-15  86.4  63.0        50.0              30.0         20.0
1   May-15  45.8  58.9        50.0              30.0         20.0
2   Jun-15  44.1  81.6        50.0              30.0         20.0
3   Jul-15  77.6  86.1        50.0              30.0         20.0
4   Aug-15  80.7  95.0        50.0              30.0         20.0
5   Sep-15  83.7  78.2        50.0              30.0         20.0
6   Oct-15  78.8  98.9        50.0              30.0         20.0
7   Nov-15  76.0  88.3        50.0              30.0         20.0
8   Dec-15  79.0  75.5        50.0              30.0         20.0
9   Jan-16  77.0  72.1        50.0              30.0         20.0
10  Feb-16  67.1  93.1        50.0              30.0         20.0
11  Mar-16  45.8  95.7        50.0              30.0         20.0
       c_x   c_y           c_color
0   Oct-15  50.0        Low (<50%}
1   Sep-15  20.0       High (>80%)
2   Aug-15  30.0  Medium (50%-80%}
3   Aug-15  50.0        Low (<50%}
4   Dec-15  20.0       High (>80%)
5   Dec-15  30.0  Medium (50%-80%}
6   Dec-15  50.0        Low (<50%}
7   Feb-16  20.0       High (>80%)
8   Feb-16  30.0  Medium (50%-80%}
9   Feb-16  50.0        Low (<50%}
10  Jan-16  20.0       High (>80%)
11  Jan-16  50.0        Low (<50%}
12  May-15  20.0       High (>80%)
13  May-15  30.0  Medium (50%-80%}
14  Nov-15  20.0       High (>80%)
15  Oct-15  30.0  Medium (50%-80%}
# candidates before getting the correct solution: 1
     Month  East  West  Low (<50%}  Medium (50%-80%}  High (>80%)
0   Apr-15  86.4  63.0        50.0              30.0         20.0
1   May-15  45.8  58.9        50.0              30.0         20.0
2   Jun-15  44.1  81.6        50.0              30.0         20.0
3   Jul-15  77.6  86.1        50.0              30.0         20.0
4   Aug-15  80.7  95.0        50.0              30.0         20.0
5   Sep-15  83.7  78.2        50.0              30.0         20.0
6   Oct-15  78.8  98.9        50.0              30.0         20.0
7   Nov-15  76.0  88.3        50.0              30.0         20.0
8   Dec-15  79.0  75.5        50.0              30.0         20.0
9   Jan-16  77.0  72.1        50.0              30.0         20.0
10  Feb-16  67.1  93.1        50.0              30.0         20.0
11  Mar-16  45.8  95.7        50.0              30.0         20.0
   c_color     c_x   c_y
0     East  Apr-15  86.4
1     East  Feb-16  67.1
2     East  Jan-16  77.0
3     East  Jul-15  77.6
4     East  Mar-16  45.8
5     East  Nov-15  76.0
6     East  Oct-15  78.8
7     West  Apr-15  63.0
8     West  Dec-15  75.5
9     West  Feb-16  93.1
10    West  Jan-16  72.1
11    West  Jul-15  86.1
12    West  Jun-15  81.6
13    West  May-15  58.9
14    West  Nov-15  88.3
15    West  Oct-15  98.9
# candidates before getting the correct solution: 10
## synthesize result for task 002.json
# table_prog:
  [[gatherNeg(@param0, ['-1', '-2', '-3'])], [gather(@param0, ['2', '3'])]]
# vis_spec:
    {'layer': [{'mark': {'type': 'bar', 'opacity': 0.7}, 'encoding': {'x': {'field': 'Month', 'type': 'nominal'}, 'y': {'field': 'VALUE', 'type': 'quantitative'}, 'color': {'field': 'KEY', 'type': 'nominal'}}, 'transform': [{'filter': 'datum.layer_id == 0'}]}, {'mark': {'type': 'line', 'opacity': 0.7}, 'encoding': {'x': {'field': 'Month', 'type': 'nominal'}, 'y': {'field': 'VALUE', 'type': 'quantitative'}, 'color': {'field': 'KEY', 'type': 'nominal'}, 'order': {'field': 'Month', 'type': 'quantitative'}}, 'transform': [{'filter': 'datum.layer_id == 1'}]}], 'resolve': {}}
# time used (s): 1.5263

real	0m3.318s
user	0m3.156s
sys	0m0.229s
