/Users/yufeng/research/vis-pirate/venv/lib/python3.7/site-packages/rpy2/robjects/pandas2ri.py:191: FutureWarning: from_items is deprecated. Please use DataFrame.from_dict(dict(items), ...) instead. DataFrame.from_dict(OrderedDict(items)) may be used to preserve the key order.
  res = PandasDataFrame.from_items(items)
[info] Parsing spec ...
[info] Parsing succeeded
[info] Building synthesizer ...
[info] Synthesizing programs ...
[info] Solution not found!
[info] Synthesizing programs ...
[info] # candidates before getting the correct solution: 1
[info] Solution found: [separate(@param0, 3), separate(separate(@param0, 3), 5)]
====> run synthesize 014.json
# num samples per layer: 16
    Shift  Period Start of Shift End of Shift  Duration
0     1.0     1.0      50 / 1150   110 / 1090      60.0
1     2.0     1.0      224 / 976    272 / 928      48.0
2     3.0     1.0      379 / 821    419 / 781      40.0
3     4.0     1.0      545 / 655    601 / 599      56.0
4     5.0     1.0      759 / 441    840 / 360      81.0
5     6.0     1.0      966 / 234   1014 / 186      48.0
6     7.0     1.0     1084 / 116    1146 / 54      62.0
7     8.0     2.0       0 / 1200    60 / 1140      60.0
8     9.0     2.0     157 / 1043    245 / 955      88.0
9    10.0     2.0      558 / 642    604 / 596      46.0
10   11.0     2.0      701 / 499    767 / 433      66.0
11   12.0     2.0      830 / 370    913 / 287      83.0
12   13.0     2.0     1057 / 143    1140 / 60      83.0
13   14.0     3.0      39 / 1161    76 / 1124      37.0
14   15.0     3.0     177 / 1023    205 / 995      28.0
15   16.0     3.0      325 / 875    376 / 824      51.0
16   17.0     3.0      541 / 659    564 / 636      23.0
17   18.0     3.0      684 / 516    694 / 506      10.0
18   19.0     3.0      695 / 505    775 / 425      80.0
19   20.0     3.0      987 / 213     1200 / 0     213.0
       c_x    c_x2   c_y
0   1057.0  1140.0  13.0
1    157.0   245.0   9.0
2    177.0   205.0  15.0
3    224.0   272.0   2.0
4    325.0   376.0  16.0
5    379.0   419.0   3.0
6     39.0    76.0  14.0
7     50.0   110.0   1.0
8    541.0   564.0  17.0
9    545.0   601.0   4.0
10   558.0   604.0  10.0
11   684.0   694.0  18.0
12   695.0   775.0  19.0
13   830.0   913.0  12.0
14   966.0  1014.0   6.0
15   987.0  1200.0  20.0
# candidates before getting the correct solution: 1
## synthesize result for task 014.json
# table_prog:
  [separate(@param0, 3), separate(separate(@param0, 3), 5)]
# vis_spec:
    {'mark': 'bar', 'encoding': {'x': {'field': 'COL4486', 'type': 'quantitative'}, 'x2': {'field': 'COL4489'}, 'y': {'field': 'Shift', 'type': 'nominal', 'sort': None}}}
# time used (s): 48.0312

real	0m50.139s
user	0m48.136s
sys	0m1.505s
