/Users/yufeng/research/vis-pirate/venv/lib/python3.7/site-packages/rpy2/robjects/pandas2ri.py:191: FutureWarning: from_items is deprecated. Please use DataFrame.from_dict(dict(items), ...) instead. DataFrame.from_dict(OrderedDict(items)) may be used to preserve the key order.
  res = PandasDataFrame.from_items(items)
[info] Parsing spec ...
[info] Parsing succeeded
[info] Building synthesizer ...
[info] Synthesizing programs ...
[info] # candidates before getting the correct solution: 5
[info] Solution found: [spread(@param0, 4, 6)]
[info] Parsing spec ...
[info] Parsing succeeded
[info] Building synthesizer ...
[info] Synthesizing programs ...
[info] # candidates before getting the correct solution: 0
[info] Solution found: [mutate(@param0, +, 5, 2)]
====> run synthesize 016.json
# num samples per layer: 16
     Year    Amount  Year Label Revenue  Variance Variance %
0  2011.0  773000.0      2011.0   $773K   39000.0        +5%
1  2012.0  812000.0      2012.0   $812K -445000.0       -55%
2  2013.0  367000.0      2013.0   $367K  117000.0       +32%
3  2014.0  484000.0      2014.0   $484K  278000.0       +57%
4  2015.0  762000.0      2015.0   $762K -201000.0       -26%
5  2016.0  561000.0      2016.0   $561K  213000.0       +38%
6  2017.0  774000.0      2017.0   $774K   14500.0           
      c_x       c_y   c_color
0  2011.0   39000.0   39000.0
1  2012.0 -445000.0 -445000.0
2  2013.0  117000.0  117000.0
3  2014.0  278000.0  278000.0
4  2015.0 -201000.0 -201000.0
5  2016.0  213000.0  213000.0
6  2017.0   14500.0   14500.0
# candidates before getting the correct solution: 5
===> the program is not consistent with the trace
 [spread(@param0, 4, 6)]
===> continue...
     Year    Amount  Year Label Revenue  Variance Variance %
0  2011.0  773000.0      2011.0   $773K   39000.0        +5%
1  2012.0  812000.0      2012.0   $812K -445000.0       -55%
2  2013.0  367000.0      2013.0   $367K  117000.0       +32%
3  2014.0  484000.0      2014.0   $484K  278000.0       +57%
4  2015.0  762000.0      2015.0   $762K -201000.0       -26%
5  2016.0  561000.0      2016.0   $561K  213000.0       +38%
6  2017.0  774000.0      2017.0   $774K   14500.0           
      c_x       c_y      c_y2   c_color
0  2011.0  773000.0  812000.0   39000.0
1  2012.0  812000.0  367000.0 -445000.0
2  2013.0  367000.0  484000.0  117000.0
3  2014.0  484000.0  762000.0  278000.0
4  2015.0  762000.0  561000.0 -201000.0
5  2016.0  561000.0  774000.0  213000.0
6  2017.0  774000.0  788500.0   14500.0
# candidates before getting the correct solution: 0
## synthesize result for task 016.json
# table_prog:
  [mutate(@param0, +, 5, 2)]
# vis_spec:
    {'mark': {'type': 'bar', 'opacity': 0.8}, 'encoding': {'x': {'field': 'Year', 'type': 'nominal', 'sort': None}, 'y': {'field': 'Amount', 'type': 'quantitative', 'stack': None}, 'y2': {'field': 'mutate_a'}, 'color': {'field': 'Variance', 'type': 'nominal'}}}
# time used (s): 1.3306

real	0m3.226s
user	0m3.059s
sys	0m0.239s
