/Users/yufeng/research/vis-pirate/venv/lib/python3.7/site-packages/rpy2/robjects/pandas2ri.py:191: FutureWarning: from_items is deprecated. Please use DataFrame.from_dict(dict(items), ...) instead. DataFrame.from_dict(OrderedDict(items)) may be used to preserve the key order.
  res = PandasDataFrame.from_items(items)
[info] Parsing spec ...
[info] Parsing succeeded
[info] Building synthesizer ...
[info] Synthesizing programs ...
[info] # candidates before getting the correct solution: 0
[info] Solution found: [gatherNeg(@param0, ['-3'])]
====> run synthesize 032.json
# num samples per layer: 16
    Serie1_y  Serie2_y    id
0       63.0      98.0   0.0
1      123.0     129.0   1.0
2      213.0     164.0   2.0
3      234.0     198.0   3.0
4      322.0     296.0   4.0
5      410.0     351.0   5.0
6      473.0     411.0   6.0
7      484.0     435.0   7.0
8      529.0     448.0   8.0
9      543.0     534.0   9.0
10     592.0     602.0  10.0
11     669.0     650.0  11.0
12     670.0     658.0  12.0
13     693.0     711.0  13.0
14     736.0     772.0  14.0
15     778.0     799.0  15.0
16     786.0     882.0  16.0
17     879.0     976.0  17.0
18     968.0     990.0  18.0
     c_color   c_x    c_y
0   Serie2_y   5.0  351.0
1   Serie1_y   1.0  123.0
2   Serie1_y  12.0  670.0
3   Serie2_y   8.0  448.0
4   Serie1_y  14.0  736.0
5   Serie1_y  15.0  778.0
6   Serie1_y  16.0  786.0
7   Serie1_y  17.0  879.0
8   Serie1_y   3.0  234.0
9   Serie1_y   6.0  473.0
10  Serie1_y   7.0  484.0
11  Serie2_y  11.0  650.0
12  Serie2_y  12.0  658.0
13  Serie2_y  16.0  882.0
14  Serie2_y  17.0  976.0
15  Serie2_y   2.0  164.0
# candidates before getting the correct solution: 0
## synthesize result for task 032.json
# table_prog:
  [gatherNeg(@param0, ['-3'])]
# vis_spec:
    {'mark': 'line', 'encoding': {'x': {'field': 'id', 'type': 'quantitative'}, 'y': {'field': 'VALUE', 'type': 'quantitative'}, 'color': {'field': 'KEY', 'type': 'nominal'}, 'order': {'field': 'id', 'type': 'quantitative'}}}
# time used (s): 0.4730

real	0m2.327s
user	0m2.219s
sys	0m0.185s
