/Users/yufeng/research/vis-pirate/venv/lib/python3.7/site-packages/rpy2/robjects/pandas2ri.py:191: FutureWarning: from_items is deprecated. Please use DataFrame.from_dict(dict(items), ...) instead. DataFrame.from_dict(OrderedDict(items)) may be used to preserve the key order.
  res = PandasDataFrame.from_items(items)
[info] Parsing spec ...
[info] Parsing succeeded
[info] Building synthesizer ...
[info] Synthesizing programs ...
[info] # candidates before getting the correct solution: 0
[info] Solution found: [gatherNeg(@param0, ['-1'])]
====> run synthesize 038.json
# num samples per layer: 16
     x  group1  group2  group3  group4
0  1.0    56.0    63.0    51.0    53.0
1  2.0    23.0    34.0    46.0    52.0
2  3.0    96.0    45.0    63.0    74.0
3  4.0    24.0    36.0    33.0    95.0
4  5.0    75.0    47.0    33.0    46.0
5  6.0    67.0    43.0    34.0    78.0
6  7.0    42.0    51.0    83.0    55.0
7  8.0    45.0    94.0    40.0    41.0
   c_color  c_x   c_y
0   group1  2.0  23.0
1   group1  4.0  24.0
2   group1  6.0  67.0
3   group1  7.0  42.0
4   group2  1.0  63.0
5   group2  2.0  34.0
6   group2  4.0  36.0
7   group2  7.0  51.0
8   group3  2.0  46.0
9   group3  4.0  33.0
10  group3  5.0  33.0
11  group3  6.0  34.0
12  group3  7.0  83.0
13  group3  8.0  40.0
14  group4  2.0  52.0
15  group4  8.0  41.0
# candidates before getting the correct solution: 0
## synthesize result for task 038.json
# table_prog:
  [gatherNeg(@param0, ['-1'])]
# vis_spec:
    {'mark': {'type': 'area', 'opacity': 0.8}, 'encoding': {'x': {'field': 'x', 'type': 'quantitative'}, 'y': {'field': 'VALUE', 'type': 'quantitative', 'stack': None}, 'color': {'field': 'KEY', 'type': 'nominal'}}}
# time used (s): 1.4101

real	0m3.579s
user	0m3.221s
sys	0m0.270s
