/Users/yufeng/research/vis-pirate/venv/lib/python3.7/site-packages/rpy2/robjects/pandas2ri.py:191: FutureWarning: from_items is deprecated. Please use DataFrame.from_dict(dict(items), ...) instead. DataFrame.from_dict(OrderedDict(items)) may be used to preserve the key order.
  res = PandasDataFrame.from_items(items)
[info] Parsing spec ...
[info] Parsing succeeded
[info] Building synthesizer ...
[info] Synthesizing programs ...
[info] Solution not found!
[info] Synthesizing programs ...
====> run synthesize 049.json
# num samples per layer: 16
                   scenario  value
0    measured_raw21_nodrain   55.0
1    measured_raw22_nodrain   60.0
2   simulated_raw21_nodrain   54.0
3      measured_raw21_drain   55.0
4      measured_raw22_drain   60.0
5    measured_adj21_nodrain   23.0
6   simulated_raw22_nodrain   59.0
7     simulated_raw21_drain   54.5
8     simulated_raw22_drain   60.2
9      measured_adj21_drain   23.0
10   measured_adj22_nodrain   27.0
11  simulated_adj21_nodrain   22.0
12     measured_adj22_drain   27.0
13    simulated_adj21_drain   23.4
14  simulated_adj22_nodrain   27.5
15    simulated_adj22_drain   27.2
16     measured_0.5_nodrain   40.0
17     measured_0.8_nodrain   55.0
18       measured_0.5_drain   40.0
19       measured_0.8_drain   55.0
20    simulated_0.5_nodrain   41.0
21    simulated_0.8_nodrain   56.0
22      simulated_0.5_drain   39.9
23      simulated_0.8_drain   55.3
     c_x   c_y c_color c_column
0   23.0  22.0   adj21  nodrain
1   23.0  23.4   adj21    drain
2   27.0  27.2   adj22    drain
3   27.0  27.5   adj22  nodrain
4   40.0  39.9     0.5    drain
5   40.0  41.0     0.5  nodrain
6   55.0  54.0   raw21  nodrain
7   55.0  54.5   raw21    drain
8   55.0  55.3     0.8    drain
9   55.0  56.0     0.8  nodrain
10  60.0  59.0   raw22  nodrain
11  60.0  60.2   raw22    drain
Traceback (most recent call last):
  File "run.py", line 78, in <module>
    test_benchmarks(flags.data_dir, flags.data_id, flags.num_samples, flags.backend, flags.prune)
  File "run.py", line 59, in test_benchmarks
    result = FalxEvalInterface.synthesize(inputs=[input_data], full_trace=trace, num_samples=num_samples, extra_consts=extra_consts, backend=backend, prune=prune)
  File "/Users/yufeng/research/vis-pirate/falx/eval_interface.py", line 47, in synthesize
    candidate_progs = morpheus.synthesize(inputs, sample_output, full_sym_data, prune, extra_consts=extra_consts)
  File "/Users/yufeng/research/vis-pirate/falx/morpheus.py", line 651, in synthesize
    prog = synthesizer.synthesize()
  File "/Users/yufeng/research/vis-pirate/falx/tyrell/synthesizer/synthesizer.py", line 40, in synthesize
    res = self._decider.analyze(prog)
  File "/Users/yufeng/research/vis-pirate/falx/tyrell/decider/bidirection_pruning.py", line 553, in analyze
    return blame_finder.process_examples(self.examples, self.equal_output, self.prune)
  File "/Users/yufeng/research/vis-pirate/falx/tyrell/decider/bidirection_pruning.py", line 506, in process_examples
    all_ok = all([self.process_example(example, equal_output, prune) for example in examples])
  File "/Users/yufeng/research/vis-pirate/falx/tyrell/decider/bidirection_pruning.py", line 506, in <listcomp>
    all_ok = all([self.process_example(example, equal_output, prune) for example in examples])
  File "/Users/yufeng/research/vis-pirate/falx/tyrell/decider/bidirection_pruning.py", line 520, in process_example
    if prune.is_unsat(self._prog):
  File "/Users/yufeng/research/vis-pirate/falx/tyrell/decider/bidirection_pruning.py", line 61, in is_unsat
    err_back, tbl_in = self.backward_interp(prog)
  File "/Users/yufeng/research/vis-pirate/falx/tyrell/decider/bidirection_pruning.py", line 131, in backward_interp
    error, tbl_in = self.backward_transform(stmt, tbl)
  File "/Users/yufeng/research/vis-pirate/falx/tyrell/decider/bidirection_pruning.py", line 350, in backward_transform
    fst_row = tbl_out.iloc[0,]
  File "/Users/yufeng/research/vis-pirate/venv/lib/python3.7/site-packages/pandas/core/indexing.py", line 1472, in __getitem__
    return self._getitem_tuple(key)
  File "/Users/yufeng/research/vis-pirate/venv/lib/python3.7/site-packages/pandas/core/indexing.py", line 2013, in _getitem_tuple
    self._has_valid_tuple(tup)
  File "/Users/yufeng/research/vis-pirate/venv/lib/python3.7/site-packages/pandas/core/indexing.py", line 222, in _has_valid_tuple
    self._validate_key(k, i)
  File "/Users/yufeng/research/vis-pirate/venv/lib/python3.7/site-packages/pandas/core/indexing.py", line 1957, in _validate_key
    self._validate_integer(key, axis)
  File "/Users/yufeng/research/vis-pirate/venv/lib/python3.7/site-packages/pandas/core/indexing.py", line 2009, in _validate_integer
    raise IndexError("single positional indexer is out-of-bounds")
IndexError: single positional indexer is out-of-bounds

real	0m6.160s
user	0m5.423s
sys	0m0.317s
