/Users/yufeng/research/vis-pirate/venv/lib/python3.7/site-packages/rpy2/robjects/pandas2ri.py:191: FutureWarning: from_items is deprecated. Please use DataFrame.from_dict(dict(items), ...) instead. DataFrame.from_dict(OrderedDict(items)) may be used to preserve the key order.
  res = PandasDataFrame.from_items(items)
[info] Parsing spec ...
[info] Parsing succeeded
[info] Building synthesizer ...
[info] Synthesizing programs ...
[info] Solution not found!
[info] Synthesizing programs ...
[info] Solution not found!
====> run synthesize 059.json
# num samples per layer: 16
  ID name       ...         personsg2_10min  personsg2_30min
0  1    A       ...                    13.0             16.0
1  2    A       ...                    14.0             17.0
2  3    C       ...                    15.0             18.0

[3 rows x 8 columns]
   c_x   c_y c_column
0  1.0  10.0        1
1  2.0  11.0        2
2  3.0  12.0        3
3  4.0  13.0        1
4  5.0  14.0        2
5  6.0  15.0        3
6  7.0  16.0        1
7  8.0  17.0        2
8  9.0  18.0        3
## synthesize result for task 059.json

real	0m22.425s
user	0m21.939s
sys	0m0.565s
