/Users/clwang/Research/falx/venv/lib/python3.7/site-packages/rpy2/robjects/pandas2ri.py:191: FutureWarning: from_items is deprecated. Please use DataFrame.from_dict(dict(items), ...) instead. DataFrame.from_dict(OrderedDict(items)) may be used to preserve the key order.
  res = PandasDataFrame.from_items(items)
[info] Parsing spec ...
[info] Parsing succeeded
[info] Building synthesizer ...
[info] Synthesizing programs ...
[info] # candidates before getting the correct solution: 0
[info] Solution found: [cumsum(@param0, 2)]
[info] Parsing spec ...
[info] Parsing succeeded
[info] Building synthesizer ...
[info] Synthesizing programs ...
[info] Solution not found!
[info] Synthesizing programs ...
====> run synthesize 040.json
# num samples per layer: 4
      id  Value Win / Loss
0    0.0   10.0        Win
1    1.0    2.0       Loss
2    2.0   12.0        Win
3    3.0    4.0       Loss
4    4.0    5.0        Win
5    5.0   16.0       Loss
6    6.0    9.0        Win
7    7.0   18.0       Loss
8    8.0   12.0        Win
9    9.0    3.0       Loss
10  10.0    4.0        Win
11  11.0    4.0       Loss
12  12.0    1.0        Win
    c_x   c_y c_color
0   4.0  Loss    Loss
1   5.0   Win     Win
2  18.0  Loss    Loss
3  10.0   Win     Win
# candidates before getting the correct solution: 0
===> the program is not consistent with the trace
 [cumsum(@param0, 2)]
===> continue...
      id  Value Win / Loss
0    0.0   10.0        Win
1    1.0    2.0       Loss
2    2.0   12.0        Win
3    3.0    4.0       Loss
4    4.0    5.0        Win
5    5.0   16.0       Loss
6    6.0    9.0        Win
7    7.0   18.0       Loss
8    8.0   12.0        Win
9    9.0    3.0       Loss
10  10.0    4.0        Win
11  11.0    4.0       Loss
12  12.0    1.0        Win
    c_x  c_x2   c_y c_color
0   0.0  10.0   Win     Win
1  10.0  12.0  Loss    Loss
2  33.0  49.0  Loss    Loss
3  49.0  58.0   Win     Win
[error] Error in interpreting spread...
[error] Error in interpreting spread...
[error] Error in interpreting spread...
[error] Error in interpreting spread...
[error] Error in interpreting spread...
[error] Error in interpreting spread...
[error] Error in interpreting spread...
[error] Error in interpreting spread...
[error] Error in interpreting spread...
[error] Error in interpreting spread...
[error] Error in interpreting spread...
[error] Error in interpreting spread...
[error] Error in interpreting spread...
[error] Error in interpreting spread...
[error] Error in interpreting spread...
[error] Error in interpreting spread...
[error] Error in interpreting spread...
[error] Error in interpreting spread...
[error] Error in interpreting spread...
[error] Error in interpreting spread...
[error] Error in interpreting spread...
[error] Error in interpreting spread...
[error] Error in interpreting spread...
[error] Error in interpreting spread...
[error] Error in interpreting spread...
[error] Error in interpreting spread...
[error] Error in interpreting spread...
[error] Error in interpreting spread...
[error] Error in interpreting spread...
[error] Error in interpreting spread...
[error] Error in interpreting spread...
[error] Error in interpreting spread...
[error] Error in interpreting spread...
[error] Error in interpreting spread...
[error] Error in interpreting spread...
[error] Error in interpreting spread...
[error] Error in interpreting spread...
[error] Error in interpreting spread...
[error] Error in interpreting spread...
[error] Error in interpreting spread...
[error] Error in interpreting spread...
[error] Error in interpreting spread...
[error] Error in interpreting spread...
[error] Error in interpreting spread...
[error] Error in interpreting spread...
[error] Error in interpreting spread...
[error] Error in interpreting spread...
[error] Error in interpreting spread...
[error] Error in interpreting spread...
[error] Error in interpreting spread...
[error] Error in interpreting spread...
[error] Error in interpreting spread...
[error] Error in interpreting spread...
[error] Error in interpreting spread...
[error] Error in interpreting spread...
[error] Error in interpreting spread...
[error] Error in interpreting spread...
[error] Error in interpreting spread...
[error] Error in interpreting spread...
[error] Error in interpreting spread...
[error] Error in interpreting spread...
[error] Error in interpreting spread...
[error] Error in interpreting spread...
[error] Error in interpreting spread...
[error] Error in interpreting spread...
[error] Error in interpreting spread...
[error] Error in interpreting spread...
[error] Error in interpreting spread...
[error] Error in interpreting spread...
[error] Error in interpreting spread...
[error] Error in interpreting spread...
[info] Solution not found!
## synthesize result for task 040.json

real	9m47.418s
user	9m37.725s
sys	0m9.801s
