/Users/clwang/Research/falx/venv/lib/python3.7/site-packages/rpy2/robjects/pandas2ri.py:191: FutureWarning: from_items is deprecated. Please use DataFrame.from_dict(dict(items), ...) instead. DataFrame.from_dict(OrderedDict(items)) may be used to preserve the key order.
  res = PandasDataFrame.from_items(items)
[info] Parsing spec ...
[info] Parsing succeeded
[info] Building synthesizer ...
[info] Synthesizing programs ...
[info] # candidates before getting the correct solution: 0
[info] Solution found: [cumsum(@param0, 2)]
====> run synthesize 058.json
# num samples per layer: 4
          date       type  count   retailer
0   04/17/2018  Completed   12.0  Retailer1
1   04/17/2018     Missed   13.0  Retailer1
2   04/17/2018  Completed   10.0  Retailer2
3   04/19/2018  Completed   10.0  Retailer1
4   04/19/2018     Missed    1.0  Retailer1
5   04/20/2018  Completed    2.0  Retailer2
6   04/20/2018     Missed    1.0  Retailer1
7   04/21/2018  Completed    2.0  Retailer1
8   04/21/2018  Completed    1.0  Retailer2
9   04/21/2018     Missed    1.0  Retailer1
10  04/23/2018  Completed    2.0  Retailer1
11  04/23/2018     Missed    2.0  Retailer2
    c_x         c_y    c_color   c_column
0   2.0  04/20/2018  Completed  Retailer2
1   1.0  04/20/2018     Missed  Retailer1
2  10.0  04/17/2018  Completed  Retailer2
3   2.0  04/21/2018  Completed  Retailer1
# candidates before getting the correct solution: 0
## synthesize result for task 058.json
# table_prog:
  [cumsum(@param0, 2)]
# vis_spec:
    {'mark': 'bar', 'encoding': {'x': {'field': 'count', 'type': 'quantitative'}, 'y': {'field': 'date', 'type': 'nominal'}, 'color': {'field': 'type', 'type': 'nominal'}, 'column': {'field': 'retailer', 'type': 'nominal'}}}
# time used (s): 0.1889

real	0m1.762s
user	0m1.875s
sys	0m0.168s
