/Users/clwang/Research/falx/venv/lib/python3.7/site-packages/rpy2/robjects/pandas2ri.py:191: FutureWarning: from_items is deprecated. Please use DataFrame.from_dict(dict(items), ...) instead. DataFrame.from_dict(OrderedDict(items)) may be used to preserve the key order.
  res = PandasDataFrame.from_items(items)
[info] Parsing spec ...
[info] Parsing succeeded
[info] Building synthesizer ...
[info] Synthesizing programs ...
[info] Solution not found!
[info] Synthesizing programs ...
====> run synthesize 059.json
# num samples per layer: 4
  ID name  personsg1_0min  ...  personsg2_0min  personsg2_10min  personsg2_30min
0  1    A             1.0  ...            10.0             13.0             16.0
1  2    A             2.0  ...            11.0             14.0             17.0
2  3    C             3.0  ...            12.0             15.0             18.0

[3 rows x 8 columns]
   c_x   c_y c_column
0  2.0  11.0        2
1  4.0  13.0        1
2  6.0  15.0        3
3  8.0  17.0        2
[error] Error in interpreting spread...
[error] Error in interpreting spread...
[error] Error in interpreting spread...
[error] Error in interpreting spread...
[error] Error in interpreting spread...
[error] Error in interpreting spread...
[error] Error in interpreting spread...
[error] Error in interpreting spread...
[error] Error in interpreting spread...
[error] Error in interpreting spread...
[error] Error in interpreting spread...
[error] Error in interpreting spread...

real	10m0.056s
user	9m49.973s
sys	0m10.024s
