/Users/clwang/Research/falx/venv/lib/python3.7/site-packages/rpy2/robjects/pandas2ri.py:191: FutureWarning: from_items is deprecated. Please use DataFrame.from_dict(dict(items), ...) instead. DataFrame.from_dict(OrderedDict(items)) may be used to preserve the key order.
  res = PandasDataFrame.from_items(items)
[info] Parsing spec ...
[info] Parsing succeeded
[info] Building synthesizer ...
[info] Synthesizing programs ...
[info] Solution not found!
[info] Synthesizing programs ...
====> run synthesize 008.json
# num samples per layer: 4
         Value      Y1      Y2      Y3      Y4      Y5
0        means  0.5200  0.5700  0.6000  0.6300  0.6300
1       stddev  0.1328  0.1321  0.1303  0.1266  0.1225
2  upper range  0.6600  0.7000  0.7300  0.7500  0.7500
3  lower range  0.3900  0.4400  0.4700  0.5000  0.5100
  c_x   c_y
0  Y1  0.52
1  Y2  0.57
2  Y4  0.63
3  Y5  0.63
[error] Error in interpreting spread...
[error] Error in interpreting spread...
[error] Error in interpreting spread...
[error] Error in interpreting spread...
[error] Error in interpreting spread...
[error] Error in interpreting spread...
[error] Error in interpreting spread...
[error] Error in interpreting spread...
[error] Error in interpreting spread...
[error] Error in interpreting spread...
[error] Error in interpreting spread...
[error] Error in interpreting spread...
[error] Error in interpreting spread...
[error] Error in interpreting spread...
[error] Error in interpreting spread...
[error] Error in interpreting spread...
[error] Error in interpreting spread...
[error] Error in interpreting spread...
[error] Error in interpreting spread...
[error] Error in interpreting spread...
[error] Error in interpreting spread...
[error] Error in interpreting spread...
[error] Error in interpreting spread...
[error] Error in interpreting spread...
[info] # candidates before getting the correct solution: 55
[info] Solution found: [gatherNeg(@param0, ['-1']), spread(gatherNeg(@param0, ['-1']), 1, 3)]
[info] Parsing spec ...
[info] Parsing succeeded
[info] Building synthesizer ...
[info] Synthesizing programs ...
[info] Solution not found!
[info] Synthesizing programs ...
# candidates before getting the correct solution: 55
         Value      Y1      Y2      Y3      Y4      Y5
0        means  0.5200  0.5700  0.6000  0.6300  0.6300
1       stddev  0.1328  0.1321  0.1303  0.1266  0.1225
2  upper range  0.6600  0.7000  0.7300  0.7500  0.7500
3  lower range  0.3900  0.4400  0.4700  0.5000  0.5100
  c_x   c_y  c_y2
0  Y2  0.44  0.70
1  Y3  0.47  0.73
2  Y4  0.50  0.75
3  Y5  0.51  0.75
[error] Error in interpreting spread...
[error] Error in interpreting spread...
[error] Error in interpreting spread...
[error] Error in interpreting spread...
[error] Error in interpreting spread...
[error] Error in interpreting spread...
[error] Error in interpreting spread...
[error] Error in interpreting spread...
[error] Error in interpreting spread...
[error] Error in interpreting spread...
[error] Error in interpreting spread...
[error] Error in interpreting spread...
[error] Error in interpreting spread...
[error] Error in interpreting spread...
[error] Error in interpreting spread...
[error] Error in interpreting spread...
[error] Error in interpreting spread...
[error] Error in interpreting spread...
[error] Error in interpreting spread...
[error] Error in interpreting spread...
[error] Error in interpreting spread...
[error] Error in interpreting spread...
[info] # candidates before getting the correct solution: 62
[info] Solution found: [gatherNeg(@param0, ['-1']), spread(gatherNeg(@param0, ['-1']), 1, 3)]
# candidates before getting the correct solution: 62
## synthesize result for task 008.json
# table_prog:
  [[gatherNeg(@param0, ['-1']), spread(gatherNeg(@param0, ['-1']), 1, 3)], [gatherNeg(@param0, ['-1']), spread(gatherNeg(@param0, ['-1']), 1, 3)]]
# vis_spec:
    {'layer': [{'mark': {'type': 'line', 'opacity': 0.7}, 'encoding': {'x': {'field': 'KEY', 'type': 'nominal'}, 'y': {'field': 'means', 'type': 'quantitative'}, 'order': {'field': 'KEY', 'type': 'quantitative'}}, 'transform': [{'filter': 'datum.layer_id == 0'}]}, {'mark': {'type': 'area', 'opacity': 0.7}, 'encoding': {'x': {'field': 'KEY', 'type': 'nominal'}, 'y': {'field': 'lower range', 'type': 'quantitative'}, 'y2': {'field': 'upper range'}}, 'transform': [{'filter': 'datum.layer_id == 1'}]}], 'resolve': {}}
# time used (s): 462.0164

real	7m46.242s
user	7m34.563s
sys	0m9.475s
