/Users/clwang/Research/falx/venv/lib/python3.7/site-packages/rpy2/robjects/pandas2ri.py:191: FutureWarning: from_items is deprecated. Please use DataFrame.from_dict(dict(items), ...) instead. DataFrame.from_dict(OrderedDict(items)) may be used to preserve the key order.
  res = PandasDataFrame.from_items(items)
[info] Parsing spec ...
[info] Parsing succeeded
[info] Building synthesizer ...
[info] Synthesizing programs ...
[info] Solution not found!
[info] Synthesizing programs ...
====> run synthesize 043.json
# num samples per layer: 4
    carat        cut color clarity  depth  table    price     x     y     z
0    0.94      Ideal     G    VVS1   62.4   58.0   6488.0  6.22  6.27  3.90
1    0.30      Ideal     F    VVS1   62.5   57.0    814.0  4.26  4.29  2.67
2    1.01    Premium     G     VS2   62.4   58.0   5999.0  6.38  6.41  3.99
3    0.39      Ideal     G     VS2   62.2   53.9    787.0  4.66  4.69  2.90
4    1.05  Very Good     E     SI2   62.2   59.0   3816.0  6.44  6.51  4.03
5    1.27      Ideal     G     SI2   58.8   56.0   4936.0  7.16  7.06  4.18
6    0.56      Ideal     F     VS2   62.1   57.0   1814.0  5.29  5.28  3.28
7    0.55      Ideal     H     SI2   62.2   54.0   1057.0  5.28  5.30  3.29
8    0.75       Good     E     SI1   58.3   60.0   2923.0  5.94  5.99  3.48
9    0.30  Very Good     I     VS1   63.5   57.0    608.0  4.29  4.24  2.71
10   1.34      Ideal     F     VS2   62.5   56.0   7504.0  7.09  7.05  4.42
11   0.51       Good     F     SI1   63.6   58.0   1308.0  5.05  5.08  3.22
12   0.54      Ideal     G    VVS2   61.4   55.0   1985.0  5.22  5.30  3.23
13   0.70       Good     G     SI2   64.1   56.0   1935.0  5.64  5.59  3.60
14   0.90      Ideal     G     VS1   61.6   56.3   4531.0  6.22  6.30  3.86
15   0.50  Very Good     G    VVS2   62.8   57.0   1764.0  5.05  5.07  3.18
16   0.38      Ideal     G    VVS1   61.2   54.0    949.0  4.69  4.72  2.88
17   0.50       Good     D     SI2   63.2   56.0   1157.0  5.01  5.05  3.18
18   0.51  Very Good     H    VVS2   62.2   61.0   1577.0  5.06  5.10  3.16
19   0.26      Ideal     F    VVS2   62.5   56.0    599.0  4.10  4.12  2.57
20   0.29  Very Good     G     VS2   61.9   55.0    471.0  4.25  4.28  2.64
21   0.54  Very Good     I     SI2   62.9   57.0   1105.0  5.18  5.21  3.27
22   1.03      Ideal     E     SI2   62.0   55.0   4095.0  6.46  6.44  4.00
23   0.26      Ideal     E    VVS1   62.0   56.0    769.0  4.13  4.09  2.55
24   2.18  Very Good     E      I1   62.0   60.0  10340.0  8.25  8.33  5.14
25   0.53      Ideal     H     VS1   61.3   57.0   1607.0  5.22  5.18  3.19
26   0.30    Premium     D     VS1   61.2   59.0    914.0  4.34  4.29  2.64
27   0.57      Ideal     F     SI2   62.2   53.0   1308.0  5.34  5.40  3.34
28   0.73       Good     E      I1   56.9   60.0   1628.0  5.98  5.93  3.39
29   1.16  Very Good     F     VS2   60.2   63.0   7803.0  6.79  6.70  4.07
..    ...        ...   ...     ...    ...    ...      ...   ...   ...   ...
70   1.70      Ideal     J     SI2   62.0   53.0   7464.0  7.68  7.65  4.75
71   1.04      Ideal     G     VS1   61.1   56.0   6632.0  6.58  6.55  4.01
72   1.00  Very Good     F     SI1   62.5   56.0   4643.0  6.38  6.42  4.00
73   0.56      Ideal     D     VS2   61.5   57.0   2066.0  5.33  5.28  3.26
74   0.32      Ideal     D     VS2   62.4   57.0    758.0  4.34  4.38  2.72
75   0.32    Premium     G     VS2   62.8   58.0    720.0  4.35  4.31  2.72
76   1.56      Ideal     J     SI1   61.8   57.0   6727.0  7.44  7.39  4.58
77   1.23      Ideal     H     VS2   62.2   55.0   7260.0  6.85  6.81  4.25
78   1.02      Ideal     H    VVS2   62.1   56.0   6797.0  6.50  6.45  4.02
79   0.90      Ideal     G     SI2   61.5   57.0   3722.0  6.07  6.19  3.77
80   0.39      Ideal     D     SI2   61.6   56.0    651.0  4.69  4.72  2.90
81   3.01       Fair     I     SI2   65.8   56.0  18242.0  8.99  8.94  5.90
82   0.84      Ideal     D     SI1   61.5   54.0   3265.0  6.07  6.13  3.75
83   0.34  Very Good     G     SI1   61.5   56.0    507.0  4.45  4.52  2.76
84   2.05    Premium     E     SI2   62.5   56.0  17294.0  8.17  8.08  5.08
85   1.07  Very Good     G    VVS2   62.8   57.0   7975.0  6.46  6.56  4.09
86   1.00       Good     H     SI2   63.8   55.0   3640.0  6.28  6.24  4.00
87   1.05  Very Good     H     VS2   63.2   58.0   5292.0  6.46  6.39  4.06
88   0.38  Very Good     I     SI2   62.7   58.0    500.0  4.57  4.61  2.88
89   1.21       Good     J     SI2   61.1   60.8   4824.0  6.83  6.89  4.18
90   0.86      Ideal     I     VS2   62.1   57.0   3121.0  6.10  6.07  3.78
91   0.34      Ideal     I    VVS1   61.8   56.0    626.0  4.47  4.50  2.77
92   1.30    Premium     F     SI1   61.4   59.0   8164.0  7.01  6.97  4.29
93   1.14       Good     I     VS1   63.3   56.0   5056.0  6.60  6.68  4.20
94   0.30      Ideal     H    VVS2   62.8   57.0    776.0  4.25  4.22  2.66
95   0.30      Ideal     F     SI1   61.9   57.0    475.0  4.31  4.35  2.68
96   0.32      Ideal     E    VVS1   61.5   56.0   1140.0  4.43  4.45  2.73
97   0.31    Premium     F     VS2   60.8   60.0    625.0  4.34  4.37  2.65
98   0.25  Very Good     E    VVS2   63.4   58.0    575.0  3.97  4.01  2.53
99   0.51      Ideal     G     VS1   61.6   56.0   1662.0  5.18  5.15  3.18

[100 rows x 10 columns]
    c_x   c_y c_column
0    IF   1.0  clarity
1     G  23.0    color
2     H  15.0    color
3  VVS1   8.0  clarity
[error] Error in interpreting spread...
[error] Error in interpreting spread...
[error] Error in interpreting spread...
[error] Error in interpreting spread...
[error] Error in interpreting spread...
[error] Error in interpreting spread...
[error] Error in interpreting spread...
[error] Error in interpreting spread...
[error] Error in interpreting spread...
[error] Error in interpreting spread...

real	10m0.088s
user	9m53.063s
sys	0m7.097s
