/Users/clwang/Research/falx/venv/lib/python3.7/site-packages/rpy2/robjects/pandas2ri.py:191: FutureWarning: from_items is deprecated. Please use DataFrame.from_dict(dict(items), ...) instead. DataFrame.from_dict(OrderedDict(items)) may be used to preserve the key order.
  res = PandasDataFrame.from_items(items)
[info] Parsing spec ...
[info] Parsing succeeded
[info] Building synthesizer ...
[info] Synthesizing programs ...
[info] # candidates before getting the correct solution: 5
[info] Solution found: [spread(@param0, 4, 6)]
[info] Parsing spec ...
[info] Parsing succeeded
[info] Building synthesizer ...
[info] Synthesizing programs ...
[info] Solution not found!
[info] Synthesizing programs ...
====> run synthesize 016.json
# num samples per layer: 2
     Year    Amount  Year Label Revenue  Variance Variance %
0  2011.0  773000.0      2011.0   $773K   39000.0        +5%
1  2012.0  812000.0      2012.0   $812K -445000.0       -55%
2  2013.0  367000.0      2013.0   $367K  117000.0       +32%
3  2014.0  484000.0      2014.0   $484K  278000.0       +57%
4  2015.0  762000.0      2015.0   $762K -201000.0       -26%
5  2016.0  561000.0      2016.0   $561K  213000.0       +38%
6  2017.0  774000.0      2017.0   $774K   14500.0           
      c_x       c_y   c_color
0  2012.0 -445000.0 -445000.0
1  2013.0  117000.0  117000.0
# candidates before getting the correct solution: 5
===> the program is not consistent with the trace
 [spread(@param0, 4, 6)]
===> continue...
     Year    Amount  Year Label Revenue  Variance Variance %
0  2011.0  773000.0      2011.0   $773K   39000.0        +5%
1  2012.0  812000.0      2012.0   $812K -445000.0       -55%
2  2013.0  367000.0      2013.0   $367K  117000.0       +32%
3  2014.0  484000.0      2014.0   $484K  278000.0       +57%
4  2015.0  762000.0      2015.0   $762K -201000.0       -26%
5  2016.0  561000.0      2016.0   $561K  213000.0       +38%
6  2017.0  774000.0      2017.0   $774K   14500.0           
      c_x       c_y      c_y2   c_color
0  2012.0  812000.0  367000.0 -445000.0
1  2014.0  484000.0  762000.0  278000.0
[error] Error in interpreting spread...
[error] Error in interpreting spread...
[error] Error in interpreting spread...
[error] Error in interpreting spread...
[error] Error in interpreting spread...
[error] Error in interpreting spread...
[error] Error in interpreting spread...
[error] Error in interpreting spread...
[error] Error in interpreting spread...
[error] Error in interpreting spread...
[error] Error in interpreting spread...
[error] Error in interpreting spread...
[error] Error in interpreting spread...
[error] Error in interpreting spread...
[error] Error in interpreting spread...
[error] Error in interpreting spread...
[error] Error in interpreting spread...
[error] Error in interpreting spread...
[info] Solution not found!
## synthesize result for task 016.json

real	0m23.899s
user	0m23.412s
sys	0m0.643s
