/Users/clwang/Research/falx/venv/lib/python3.7/site-packages/rpy2/robjects/pandas2ri.py:191: FutureWarning: from_items is deprecated. Please use DataFrame.from_dict(dict(items), ...) instead. DataFrame.from_dict(OrderedDict(items)) may be used to preserve the key order.
  res = PandasDataFrame.from_items(items)
[info] Parsing spec ...
[info] Parsing succeeded
[info] Building synthesizer ...
[info] Synthesizing programs ...
[info] Solution not found!
[info] Synthesizing programs ...
====> run synthesize 028.json
# num samples per layer: 2
    Number of students
0                 22.0
1                 29.0
2                 40.0
3                 30.0
4                 48.0
5                 24.0
6                 21.0
7                 19.0
8                 24.0
9                 22.0
10                25.0
11                52.0
12                35.0
13                40.0
14                31.0
15                37.0
16                21.0
17                23.0
       c_x  c_y
0  (26,32]  3.0
1  (39,45]  2.0
[error] Error in interpreting spread...
[info] Solution not found!
## synthesize result for task 028.json

real	0m6.269s
user	0m6.298s
sys	0m0.250s
