/Users/clwang/Research/falx/venv/lib/python3.7/site-packages/rpy2/robjects/pandas2ri.py:191: FutureWarning: from_items is deprecated. Please use DataFrame.from_dict(dict(items), ...) instead. DataFrame.from_dict(OrderedDict(items)) may be used to preserve the key order.
  res = PandasDataFrame.from_items(items)
[info] Parsing spec ...
[info] Parsing succeeded
[info] Building synthesizer ...
[info] Synthesizing programs ...
[info] Solution not found!
[info] Synthesizing programs ...
CUT 3
CUT 2
[info] # candidates before getting the correct solution: 3
[info] Solution found: [gatherNeg(@param0, ['-1']), filter(gatherNeg(@param0, ['-1']), !=, 3, )]
====> run synthesize 034.json
# num samples per layer: 2
   Timeline Values     Forecast Lower Confidence Bound Upper Confidence Bound
0    Jul-15    436                                                           
1    Aug-15    500                                                           
2    Sep-15    805                                                           
3    Oct-15   5124                                                           
4    Nov-15   1674                                                           
5    Dec-15    300                                                           
6    Jan-16    265                                                           
7    Feb-16    742                                                           
8    Mar-16   1955                                                           
9    Apr-16   1466                                                           
10   May-16    584                                                           
11   Jun-16   1097         1097                   1097                   1097
12   Jul-16         939.9246053               -1913.98                3793.83
13   Aug-16         924.4956041               -1952.33                3801.32
14   Sep-16         909.0666028               -1990.86                3808.99
                  c_color     c_x      c_y
0                  Values  Oct-15  5124.00
1  Lower Confidence Bound  Sep-16 -1990.86
# candidates before getting the correct solution: 3
## synthesize result for task 034.json
# table_prog:
  [gatherNeg(@param0, ['-1']), filter(gatherNeg(@param0, ['-1']), !=, 3, )]
# vis_spec:
    {'mark': 'line', 'encoding': {'x': {'field': 'Timeline', 'type': 'nominal'}, 'y': {'field': 'VALUE', 'type': 'quantitative'}, 'color': {'field': 'KEY', 'type': 'nominal'}, 'order': {'field': 'Timeline', 'type': 'quantitative'}}}
# time used (s): 31.2392

real	0m32.814s
user	0m32.690s
sys	0m0.396s
