/Users/clwang/Research/falx/venv/lib/python3.7/site-packages/rpy2/robjects/pandas2ri.py:191: FutureWarning: from_items is deprecated. Please use DataFrame.from_dict(dict(items), ...) instead. DataFrame.from_dict(OrderedDict(items)) may be used to preserve the key order.
  res = PandasDataFrame.from_items(items)
[info] Parsing spec ...
[info] Parsing succeeded
[info] Building synthesizer ...
[info] Synthesizing programs ...
[info] Solution not found!
[info] Synthesizing programs ...
[info] Solution not found!
====> run synthesize 036.json
# num samples per layer: 2
          Date         Close   Volume
0     1-Jul-05   7210.770020  12600.0
1     4-Jul-05   7212.080078  13400.0
2    11-Jul-05   7271.540039  13200.0
3    18-Jul-05   7423.250000  12600.0
4    25-Jul-05   7635.419922  18100.0
5     1-Aug-05   7754.000000  20500.0
6     8-Aug-05   7767.490234  19500.0
7    16-Aug-05   7780.759766  11500.0
8    22-Aug-05   7680.220215  12800.0
9    29-Aug-05   7899.770020  10100.0
10    5-Sep-05   8060.009766   9800.0
11   12-Sep-05   8380.959961  11900.0
12   19-Sep-05   8222.589844  20000.0
13   26-Sep-05   8634.480469  19900.0
14    3-Oct-05   8491.559570  24400.0
15   10-Oct-05   8201.730469  21700.0
16   17-Oct-05   8068.950195  24000.0
17   24-Oct-05   7685.640137  21600.0
18   31-Oct-05   8072.750000  12800.0
19    7-Nov-05   8471.040039  18400.0
20   14-Nov-05   8686.650391  17600.0
21   21-Nov-05   8853.209961  19800.0
22   28-Nov-05   8961.610352  18600.0
23    5-Dec-05   9067.280273  15500.0
24   12-Dec-05   9284.459961  21300.0
25   19-Dec-05   9256.910156  38700.0
26   26-Dec-05   9397.929688  15800.0
27    2-Jan-06   9640.290039  16700.0
28    9-Jan-06   9374.190430  20300.0
29   16-Jan-06   9520.959961  25400.0
..         ...           ...      ...
497   5-Jan-15  27458.380860  10900.0
498  12-Jan-15  28121.890630  10800.0
499  19-Jan-15  29278.839840  12000.0
500  26-Jan-15  29182.949220  10200.0
501   2-Feb-15  28717.910160  14900.0
502   9-Feb-15  29094.929690  14300.0
503  16-Feb-15  29231.410160   8900.0
504  23-Feb-15  29220.119140  10800.0
505   2-Mar-15  29448.949220  11500.0
506   9-Mar-15  28503.300780  11600.0
507  16-Mar-15  28261.080080  11400.0
508  23-Mar-15  27458.640630  12200.0
509  30-Mar-15  28260.140630   7500.0
510   6-Apr-15  28879.380860  10200.0
511  13-Apr-15  28442.099610   8200.0
512  20-Apr-15  27437.939450  14900.0
513  27-Apr-15  27011.310550   8500.0
514   4-May-15  27105.390630  11000.0
515  11-May-15  27324.000000  11100.0
516  18-May-15  27957.500000  12200.0
517  25-May-15  27828.439450   9100.0
518   1-Jun-15  26768.490230  12300.0
519   8-Jun-15  26425.300780   9600.0
520  15-Jun-15  27316.169920  13100.0
521  22-Jun-15  27811.839840   9100.0
522  29-Jun-15  28092.789060  10300.0
523   6-Jul-15  27661.400390   9800.0
524  13-Jul-15  28463.310550   7300.0
525  20-Jul-15  28112.310550   9200.0
526  27-Jul-15  27459.230470  10600.0

[527 rows x 3 columns]
   c_color    c_column        c_x     c_y
0        0  VolumeDiff  25-May-15  3100.0
1        1      Volume   6-Jun-11  9800.0
## synthesize result for task 036.json

real	5m17.342s
user	5m6.963s
sys	0m10.560s
