/Users/clwang/Research/falx/venv/lib/python3.7/site-packages/rpy2/robjects/pandas2ri.py:191: FutureWarning: from_items is deprecated. Please use DataFrame.from_dict(dict(items), ...) instead. DataFrame.from_dict(OrderedDict(items)) may be used to preserve the key order.
  res = PandasDataFrame.from_items(items)
[info] Parsing spec ...
[info] Parsing succeeded
[info] Building synthesizer ...
[info] Synthesizing programs ...
[info] # candidates before getting the correct solution: 0
[info] Solution found: [groupSum(@param0, n, 3, ['1', '2'])]
====> run synthesize 053.json
# num samples per layer: 2
      date  classes  score
0   9/1/11   french   34.0
1   9/1/11  english   34.0
2   9/1/11   french   34.0
3   9/1/11  spanish   34.0
4   9/2/11   french   34.0
5   9/2/11  english   34.0
6   9/3/11  spanish   34.0
7   9/3/11  spanish   34.0
8   9/5/11  spanish   34.0
9   9/5/11  english   34.0
10  9/5/11   french   34.0
11  9/5/11  english   34.0
   c_x     c_y  c_color
0  1.0  9/2/11   french
1  2.0  9/3/11  spanish
# candidates before getting the correct solution: 0
## synthesize result for task 053.json
# table_prog:
  [groupSum(@param0, n, 3, ['1', '2'])]
# vis_spec:
    {'mark': 'bar', 'encoding': {'x': {'field': 'COL50', 'type': 'quantitative'}, 'y': {'field': 'date', 'type': 'nominal'}, 'color': {'field': 'classes', 'type': 'nominal'}}}
# time used (s): 1.4032

real	0m2.950s
user	0m3.034s
sys	0m0.203s
