/Users/yufeng/research/vis-pirate/venv/lib/python3.7/site-packages/rpy2/robjects/pandas2ri.py:191: FutureWarning: from_items is deprecated. Please use DataFrame.from_dict(dict(items), ...) instead. DataFrame.from_dict(OrderedDict(items)) may be used to preserve the key order.
  res = PandasDataFrame.from_items(items)
[info] Parsing spec ...
[info] Parsing succeeded
[info] Building synthesizer ...
[info] Synthesizing programs ...
[info] # candidates before getting the correct solution: 0
[info] Solution found: [gatherNeg(@param0, ['-1', '-3'])]
[info] Parsing spec ...
[info] Parsing succeeded
[info] Building synthesizer ...
[info] Synthesizing programs ...
[info] # candidates before getting the correct solution: 0
[info] Solution found: [gatherNeg(@param0, ['-1', '-3'])]
====> run synthesize 001.json
# num samples per layer: 4
    Quarter  Number of Units  Actual Profits
0  Quarter1             23.0          3358.0
1  Quarter2             27.0          3829.0
2  Quarter3             15.0          2374.0
3  Quarter4             43.0          3373.0
        c_x   c_y
0  Quarter1  23.0
1  Quarter2  27.0
2  Quarter3  15.0
3  Quarter4  43.0
# candidates before getting the correct solution: 0
    Quarter  Number of Units  Actual Profits
0  Quarter1             23.0          3358.0
1  Quarter2             27.0          3829.0
2  Quarter3             15.0          2374.0
3  Quarter4             43.0          3373.0
        c_x     c_y
0  Quarter1  3358.0
1  Quarter2  3829.0
2  Quarter3  2374.0
3  Quarter4  3373.0
# candidates before getting the correct solution: 0
## synthesize result for task 001.json
# table_prog:
  [[gatherNeg(@param0, ['-1', '-3'])], [gatherNeg(@param0, ['-1', '-3'])]]
# vis_spec:
    {'layer': [{'mark': {'type': 'line', 'opacity': 0.7}, 'encoding': {'x': {'field': 'Quarter', 'type': 'nominal'}, 'y': {'field': 'VALUE', 'type': 'quantitative'}, 'order': {'field': 'Quarter', 'type': 'quantitative'}}, 'transform': [{'filter': 'datum.layer_id == 0'}]}, {'mark': {'type': 'bar', 'opacity': 0.7}, 'encoding': {'x': {'field': 'Quarter', 'type': 'nominal', 'sort': None}, 'y': {'field': 'Actual Profits', 'type': 'quantitative'}}, 'transform': [{'filter': 'datum.layer_id == 1'}]}], 'resolve': {}}
# time used (s): 0.7302

real	0m3.154s
user	0m2.418s
sys	0m0.350s
