/Users/yufeng/research/vis-pirate/venv/lib/python3.7/site-packages/rpy2/robjects/pandas2ri.py:191: FutureWarning: from_items is deprecated. Please use DataFrame.from_dict(dict(items), ...) instead. DataFrame.from_dict(OrderedDict(items)) may be used to preserve the key order.
  res = PandasDataFrame.from_items(items)
[info] Parsing spec ...
[info] Parsing succeeded
[info] Building synthesizer ...
[info] Synthesizing programs ...
[info] # candidates before getting the correct solution: 10
[info] Solution found: [gather(@param0, ['4', '5'])]
====> run synthesize 046.json
# num samples per layer: 4
          date      pce       pop  psavert  uempmed  unemploy
0   2012-07-01  11074.8  314449.0      6.6     17.5   12657.0
1   2001-09-01   7054.8  285843.0      6.3      7.2    7142.0
2   2011-08-01  10745.6  312355.0      6.2     22.4   13806.0
3   2005-07-01   8867.9  296186.0      1.9      8.8    7406.0
4   1989-05-01   3567.5  246906.0      7.6      5.3    6375.0
5   1985-03-01   2656.8  237732.0      8.1      7.1    8339.0
6   1989-08-01   3636.8  247573.0      7.1      5.0    6511.0
7   2008-11-01   9851.2  305786.0      6.3      9.8   10538.0
8   2014-01-01  11663.9  318032.0      4.9     15.9   10280.0
9   1987-09-01   3142.9  243223.0      7.0      6.0    7102.0
10  2006-06-01   9283.8  298739.0      3.4      7.3    7001.0
11  1992-07-01   4223.0  256894.0      9.1      8.6    9850.0
12  1976-07-01   1152.1  218035.0     11.2      7.7    7490.0
13  1973-06-01    845.8  211746.0     13.2      5.0    4363.0
14  1967-09-01    516.3  199113.0     11.7      4.6    2958.0
15  1995-06-01   4999.0  266270.0      6.1      7.9    7427.0
16  1980-07-01   1751.2  227726.0     10.5      7.0    8363.0
17  1970-01-01    629.6  203849.0     11.7      4.6    3201.0
18  1967-08-01    510.5  198911.0     12.5      4.7    2945.0
19  1995-08-01   5027.1  266843.0      6.1      8.3    7484.0
20  1996-10-01   5351.5  270581.0      5.8      8.3    7031.0
21  2012-09-01  11179.6  314909.0      6.5     18.8   12106.0
22  2006-10-01   9413.3  299835.0      3.1      7.9    6727.0
23  1994-07-01   4740.8  263436.0      6.4      9.0    7946.0
24  2008-05-01  10093.3  304323.0      7.9      7.9    8395.0
25  1975-10-01   1063.2  216587.0     13.0      8.6    7897.0
26  1982-12-01   2167.4  233160.0     10.3     10.2   12051.0
27  1976-01-01   1109.5  217095.0     11.3      9.0    7534.0
28  1999-03-01   6159.7  278198.0      5.3      6.8    5783.0
29  1973-08-01    854.9  212092.0     13.6      4.9    4305.0
30  2010-11-01  10399.8  310657.0      5.3     21.0   15081.0
31  1974-03-01    903.3  213211.0     13.0      4.8    4634.0
32  1972-01-01    732.6  208917.0     12.4      6.2    5019.0
33  1999-11-01   6467.2  280471.0      4.1      6.2    5716.0
34  2012-03-01  10994.3  313705.0      6.9     19.2   12696.0
35  2000-12-01   6979.1  283696.0      3.5      6.0    5634.0
36  1977-05-01   1259.6  219859.0      9.8      7.9    6911.0
37  2004-10-01   8417.9  294230.0      3.8      9.5    8061.0
38  1986-09-01   2984.6  241068.0      6.6      7.4    8310.0
39  1976-08-01   1160.5  218233.0     11.2      7.9    7518.0
40  2001-02-01   7029.3  284137.0      4.1      6.1    6089.0
41  2013-05-01  11407.1  316395.0      5.2     17.0   11671.0
42  1982-07-01   2075.1  232188.0     12.0      8.5   10849.0
43  1982-03-01   2024.4  231470.0     11.7      7.7    9895.0
44  1987-08-01   3147.0  243012.0      6.5      6.4    7261.0
45  2001-06-01   7097.1  285062.0      3.7      6.0    6484.0
46  2007-10-01   9853.9  302807.0      2.8      8.4    7237.0
47  1981-04-01   1909.1  229403.0     10.3      7.4    7869.0
48  1984-08-01   2518.4  236549.0     11.2      7.3    8519.0
49  1974-10-01    961.0  214451.0     13.0      5.5    5523.0
   c_color         c_x   c_y
0  uempmed  2004-10-01   9.5
1  psavert  2004-10-01   3.8
2  psavert  1980-07-01  10.5
3  uempmed  1995-08-01   8.3
# candidates before getting the correct solution: 10
## synthesize result for task 046.json
# table_prog:
  [gather(@param0, ['4', '5'])]
# vis_spec:
    {'mark': 'line', 'encoding': {'x': {'field': 'date', 'type': 'nominal'}, 'y': {'field': 'VALUE', 'type': 'quantitative'}, 'color': {'field': 'KEY', 'type': 'nominal'}, 'order': {'field': 'date', 'type': 'quantitative'}}}
# time used (s): 1.2471

real	0m2.782s
user	0m2.705s
sys	0m0.179s
