/Users/yufeng/research/vis-pirate/venv/lib/python3.7/site-packages/rpy2/robjects/pandas2ri.py:191: FutureWarning: from_items is deprecated. Please use DataFrame.from_dict(dict(items), ...) instead. DataFrame.from_dict(OrderedDict(items)) may be used to preserve the key order.
  res = PandasDataFrame.from_items(items)
[info] Parsing spec ...
[info] Parsing succeeded
[info] Building synthesizer ...
[info] Synthesizing programs ...
[info] # candidates before getting the correct solution: 1
[info] Solution found: gatherNeg(@param0, ['-1', '-5'])
[info] Parsing spec ...
[info] Parsing succeeded
[info] Building synthesizer ...
[info] Synthesizing programs ...
[info] Solution not found!
[info] Synthesizing programs ...
====> run synthesize 013.json
# num samples per layer: 4
  Value  alpha  beta  gamma  Totals
0     A    2.0   2.0    3.0     7.0
1     B    2.0   3.0    3.0     8.0
2     C    3.0   3.0    3.0     9.0
3     D    3.0   4.0    2.0     9.0
4     E    4.0   3.0    2.0     9.0
  c_x  c_y c_color
0   C  3.0   gamma
1   A  2.0    beta
2   D  3.0   alpha
3   D  2.0   gamma
# candidates before getting the correct solution: 1
  Value  alpha  beta  gamma  Totals
0     A    2.0   2.0    3.0     7.0
1     B    2.0   3.0    3.0     8.0
2     C    3.0   3.0    3.0     9.0
3     D    3.0   4.0    2.0     9.0
4     E    4.0   3.0    2.0     9.0
  c_x  c_y
0   A  2.0
1   C  9.0
2   B  5.0
3   B  8.0
[error] Error in interpreting spread...
[error] Error in interpreting spread...
[error] Error in interpreting spread...
[error] Error in interpreting spread...
[error] Error in interpreting spread...
[error] Error in interpreting spread...
[error] Error in interpreting spread...
[error] Error in interpreting spread...
[error] Error in interpreting spread...
[error] Error in interpreting spread...
[error] Error in interpreting spread...
[error] Error in interpreting spread...
[error] Error in interpreting spread...
[error] Error in interpreting spread...
[error] Error in interpreting spread...
[error] Error in interpreting spread...
[error] Error in interpreting spread...
[error] Error in interpreting spread...
[error] Error in interpreting spread...
[error] Error in interpreting spread...
[error] Error in interpreting spread...
[error] Error in interpreting spread...
[error] Error in interpreting spread...
[error] Error in interpreting spread...
[error] Error in interpreting spread...
[error] Error in interpreting spread...
[error] Error in interpreting spread...
[error] Error in interpreting spread...
[error] Error in interpreting spread...
[error] Error in interpreting spread...
[error] Error in interpreting spread...
[error] Error in interpreting spread...
[error] Error in interpreting spread...
[error] Error in interpreting spread...
[error] Error in interpreting spread...
[error] Error in interpreting spread...
[error] Error in interpreting spread...
[error] Error in interpreting spread...
[error] Error in interpreting spread...
[error] Error in interpreting spread...
[error] Error in interpreting spread...
[error] Error in interpreting spread...
[error] Error in interpreting spread...
[error] Error in interpreting spread...
[error] Error in interpreting mutate...
[error] Error in interpreting mutate...
[error] Error in interpreting mutate...
[error] Error in interpreting mutate...
[error] Error in interpreting mutate...
[error] Error in interpreting mutate...
[error] Error in interpreting spread...
[error] Error in interpreting spread...
[error] Error in interpreting spread...
[error] Error in interpreting spread...
[error] Error in interpreting spread...
[error] Error in interpreting spread...
[error] Error in interpreting spread...
[error] Error in interpreting spread...
[error] Error in interpreting spread...
[error] Error in interpreting spread...
[error] Error in interpreting spread...
[error] Error in interpreting spread...
[error] Error in interpreting spread...
[error] Error in interpreting spread...
[error] Error in interpreting spread...
[error] Error in interpreting spread...
[error] Error in interpreting spread...
[error] Error in interpreting spread...
[error] Error in interpreting spread...
[error] Error in interpreting spread...
[error] Error in interpreting spread...
[error] Error in interpreting spread...
[error] Error in interpreting spread...
[error] Error in interpreting spread...
[error] Error in interpreting spread...
[error] Error in interpreting spread...
[error] Error in interpreting spread...
[error] Error in interpreting spread...
[error] Error in interpreting spread...
[error] Error in interpreting spread...
[error] Error in interpreting spread...
[error] Error in interpreting spread...
[error] Error in interpreting spread...
[error] Error in interpreting spread...
[error] Error in interpreting spread...
[error] Error in interpreting spread...
[error] Error in interpreting spread...
[error] Error in interpreting spread...
[error] Error in interpreting spread...
[error] Error in interpreting spread...
[error] Error in interpreting spread...
[error] Error in interpreting spread...
[error] Error in interpreting spread...
[error] Error in interpreting spread...
[error] Error in interpreting spread...
[error] Error in interpreting spread...
[error] Error in interpreting spread...
[error] Error in interpreting spread...
[error] Error in interpreting spread...
[error] Error in interpreting spread...
[error] Error in interpreting spread...
[error] Error in interpreting spread...
[error] Error in interpreting spread...
[error] Error in interpreting spread...
[error] Error in interpreting spread...
[error] Error in interpreting spread...
[error] Error in interpreting spread...
[error] Error in interpreting spread...
[error] Error in interpreting spread...
[error] Error in interpreting spread...
[error] Error in interpreting spread...
[error] Error in interpreting spread...
[error] Error in interpreting spread...
[error] Error in interpreting spread...
[error] Error in interpreting spread...
[error] Error in interpreting spread...
[error] Error in interpreting spread...
[error] Error in interpreting spread...
[error] Error in interpreting spread...
[error] Error in interpreting spread...
[error] Error in interpreting spread...
[error] Error in interpreting spread...
[error] Error in interpreting spread...
[error] Error in interpreting spread...
[error] Error in interpreting spread...
[error] Error in interpreting spread...
[error] Error in interpreting spread...
[error] Error in interpreting spread...
[error] Error in interpreting spread...
[error] Error in interpreting spread...
[error] Error in interpreting spread...
[error] Error in interpreting spread...
[error] Error in interpreting spread...
[error] Error in interpreting spread...
[error] Error in interpreting spread...
[error] Error in interpreting spread...
[error] Error in interpreting spread...
[error] Error in interpreting spread...
[error] Error in interpreting spread...
[error] Error in interpreting spread...
[error] Error in interpreting spread...
[error] Error in interpreting spread...
[error] Error in interpreting spread...
[error] Error in interpreting spread...
[error] Error in interpreting spread...
[error] Error in interpreting spread...
[error] Error in interpreting spread...
[error] Error in interpreting spread...
[error] Error in interpreting spread...
[error] Error in interpreting spread...
[error] Error in interpreting spread...
[error] Error in interpreting spread...
[error] Error in interpreting spread...
[error] Error in interpreting spread...
[error] Error in interpreting spread...
[error] Error in interpreting spread...
[error] Error in interpreting mutate...
[error] Error in interpreting mutate...
[error] Error in interpreting mutate...
[error] Error in interpreting mutate...
[error] Error in interpreting mutate...
[error] Error in interpreting mutate...
[error] Error in interpreting mutate...
[error] Error in interpreting mutate...
[error] Error in interpreting mutate...
[error] Error in interpreting mutate...
[error] Error in interpreting mutate...
[error] Error in interpreting mutate...
[error] Error in interpreting mutate...
[error] Error in interpreting mutate...
[error] Error in interpreting mutate...
[error] Error in interpreting mutate...
[error] Error in interpreting mutate...
[error] Error in interpreting mutate...
[error] Error in interpreting mutate...
[error] Error in interpreting mutate...
[error] Error in interpreting mutate...
[error] Error in interpreting mutate...
[error] Error in interpreting mutate...
[error] Error in interpreting mutate...
[error] Error in interpreting mutate...
[error] Error in interpreting mutate...
[error] Error in interpreting mutate...

real	10m0.059s
user	9m44.761s
sys	0m13.485s
