/Users/yufeng/research/vis-pirate/venv/lib/python3.7/site-packages/rpy2/robjects/pandas2ri.py:191: FutureWarning: from_items is deprecated. Please use DataFrame.from_dict(dict(items), ...) instead. DataFrame.from_dict(OrderedDict(items)) may be used to preserve the key order.
  res = PandasDataFrame.from_items(items)
[info] Parsing spec ...
[info] Parsing succeeded
[info] Building synthesizer ...
[info] Synthesizing programs ...
[info] # candidates before getting the correct solution: 0
[info] Solution found: mutate(@param0, +, 2, 3)
====> run synthesize 024.json
# num samples per layer: 4
            Parts   Start Date  Duration
0      Foundation  959842800.0  864000.0
1           Walls  960793200.0  604800.0
2            Roof  961484400.0  864000.0
3  Windows, Doors  962434800.0  432000.0
4        Plumbing  962953200.0  259200.0
5        Electric  962953200.0  259200.0
6        Painting  963298800.0  172800.0
7        Flooring  963471600.0  172800.0
           c_x         c_x2       c_y
0  960793200.0  961398000.0     Walls
1  961484400.0  962348400.0      Roof
2  962953200.0  963212400.0  Electric
3  963471600.0  963644400.0  Flooring
# candidates before getting the correct solution: 0
## synthesize result for task 024.json
# table_prog:
  mutate(@param0, +, 2, 3)
# vis_spec:
    {'mark': 'bar', 'encoding': {'x': {'field': 'Start Date', 'type': 'quantitative'}, 'x2': {'field': 'mutate_a'}, 'y': {'field': 'Parts', 'type': 'nominal', 'sort': None}}}
# time used (s): 0.7323

real	0m2.667s
user	0m2.451s
sys	0m0.188s
