/Users/yufeng/research/vis-pirate/venv/lib/python3.7/site-packages/rpy2/robjects/pandas2ri.py:191: FutureWarning: from_items is deprecated. Please use DataFrame.from_dict(dict(items), ...) instead. DataFrame.from_dict(OrderedDict(items)) may be used to preserve the key order.
  res = PandasDataFrame.from_items(items)
[info] Parsing spec ...
[info] Parsing succeeded
[info] Building synthesizer ...
[info] Synthesizing programs ...
[info] # candidates before getting the correct solution: 0
[info] Solution found: gatherNeg(@param0, ['-1'])
====> run synthesize 045.json
# num samples per layer: 4
              X1   B1   B2   B3   B4
0      Diversity  5.1  3.5  1.4  7.1
1   Endangerment  4.9  3.0  1.4  4.7
2  Marketability  4.7  3.2  1.3  3.2
3          Total  4.6  3.1  1.5  5.1
             c_x  c_y c_color
0      Diversity  3.5      B2
1  Marketability  4.7      B1
2   Endangerment  1.4      B3
3   Endangerment  4.9      B1
# candidates before getting the correct solution: 0
## synthesize result for task 045.json
# table_prog:
  gatherNeg(@param0, ['-1'])
# vis_spec:
    {'mark': 'bar', 'encoding': {'x': {'field': 'X1', 'type': 'nominal'}, 'y': {'field': 'VALUE', 'type': 'quantitative'}, 'color': {'field': 'KEY', 'type': 'nominal'}}}
# time used (s): 1.5416

real	0m3.299s
user	0m3.203s
sys	0m0.193s
