/Users/yufeng/research/vis-pirate/venv/lib/python3.7/site-packages/rpy2/robjects/pandas2ri.py:191: FutureWarning: from_items is deprecated. Please use DataFrame.from_dict(dict(items), ...) instead. DataFrame.from_dict(OrderedDict(items)) may be used to preserve the key order.
  res = PandasDataFrame.from_items(items)
[info] Parsing spec ...
[info] Parsing succeeded
[info] Building synthesizer ...
[info] Synthesizing programs ...
[info] Solution not found!
[info] Synthesizing programs ...
[info] # candidates before getting the correct solution: 0
[info] Solution found: gatherNeg(mutate(@param0, -, 2, 3), ['-1', '-2', '-5'])
====> run synthesize 047.json
# num samples per layer: 4
    label  total   ok
0  Label1    1.0  0.0
1  Label2    1.0  0.5
2  Label3    1.0  0.4
3  Label4    1.0  0.9
4  Label5    1.0  0.4
5  Label6    1.0  0.9
6  Label7    1.0  0.8
7  Label8    1.0  0.8
      c_x  c_y   c_color
0  Label1  1.0  mutate_a
1  Label6  0.9        ok
2  Label3  0.4        ok
3  Label4  0.9        ok
# candidates before getting the correct solution: 0
## synthesize result for task 047.json
# table_prog:
  gatherNeg(mutate(@param0, -, 2, 3), ['-1', '-2', '-5'])
# vis_spec:
    {'mark': 'bar', 'encoding': {'x': {'field': 'label', 'type': 'nominal'}, 'y': {'field': 'VALUE', 'type': 'quantitative'}, 'color': {'field': 'KEY', 'type': 'nominal'}}}
# time used (s): 69.0339

real	1m10.882s
user	1m9.175s
sys	0m1.292s
