/Users/yufeng/research/vis-pirate/venv/lib/python3.7/site-packages/rpy2/robjects/pandas2ri.py:191: FutureWarning: from_items is deprecated. Please use DataFrame.from_dict(dict(items), ...) instead. DataFrame.from_dict(OrderedDict(items)) may be used to preserve the key order.
  res = PandasDataFrame.from_items(items)
[info] Parsing spec ...
[info] Parsing succeeded
[info] Building synthesizer ...
[info] Synthesizing programs ...
[info] Solution not found!
[info] Synthesizing programs ...
[info] # candidates before getting the correct solution: 64
[info] Solution found: spread(separate(@param0, 1), 1, 4)
====> run synthesize 049.json
# num samples per layer: 4
                   scenario  value
0    measured_raw21_nodrain   55.0
1    measured_raw22_nodrain   60.0
2   simulated_raw21_nodrain   54.0
3      measured_raw21_drain   55.0
4      measured_raw22_drain   60.0
5    measured_adj21_nodrain   23.0
6   simulated_raw22_nodrain   59.0
7     simulated_raw21_drain   54.5
8     simulated_raw22_drain   60.2
9      measured_adj21_drain   23.0
10   measured_adj22_nodrain   27.0
11  simulated_adj21_nodrain   22.0
12     measured_adj22_drain   27.0
13    simulated_adj21_drain   23.4
14  simulated_adj22_nodrain   27.5
15    simulated_adj22_drain   27.2
16     measured_0.5_nodrain   40.0
17     measured_0.8_nodrain   55.0
18       measured_0.5_drain   40.0
19       measured_0.8_drain   55.0
20    simulated_0.5_nodrain   41.0
21    simulated_0.8_nodrain   56.0
22      simulated_0.5_drain   39.9
23      simulated_0.8_drain   55.3
    c_x   c_y c_color c_column
0  55.0  55.3     0.8    drain
1  23.0  23.4   adj21    drain
2  60.0  59.0   raw22  nodrain
3  55.0  54.5   raw21    drain
# candidates before getting the correct solution: 64
## synthesize result for task 049.json
# table_prog:
  spread(separate(@param0, 1), 1, 4)
# vis_spec:
    {'mark': 'point', 'encoding': {'x': {'field': 'measured', 'type': 'quantitative'}, 'y': {'field': 'simulated', 'type': 'quantitative'}, 'color': {'field': 'COL10985', 'type': 'nominal'}, 'column': {'field': 'COL10986', 'type': 'nominal'}}}
# time used (s): 216.6110

real	3m38.875s
user	3m30.963s
sys	0m4.514s
