/Users/clwang/Research/falx/venv/lib/python3.7/site-packages/rpy2/robjects/pandas2ri.py:191: FutureWarning: from_items is deprecated. Please use DataFrame.from_dict(dict(items), ...) instead. DataFrame.from_dict(OrderedDict(items)) may be used to preserve the key order.
  res = PandasDataFrame.from_items(items)
[info] Parsing spec ...
[info] Parsing succeeded
[info] Building synthesizer ...
[info] Synthesizing programs ...
[info] # candidates before getting the correct solution: 5
[info] Solution found: [gatherNeg(@param0, ['-1'])]
====> run synthesize 027.json
# num samples per layer: 3
         Period     00     01     02     03  ...     07     08      09     10     11
0        Actual  120.0  150.0  240.0  540.0  ...  870.0  250.0  1100.0  500.0  950.0
1  Interval = 2    0.0  135.0  195.0  390.0  ...  495.0  560.0   675.0  800.0  725.0
2  Interval = 4    0.0    0.0    0.0  262.5  ...  395.0  405.0   585.0  680.0  700.0
3  Interval = 6    0.0    0.0    0.0    0.0  ...  393.0  395.0   488.0  536.0  631.0

[4 rows x 13 columns]
        c_color c_x    c_y
0  Interval = 2  04  375.0
1        Actual  05  380.0
2  Interval = 6  02    0.0
# candidates before getting the correct solution: 5
## synthesize result for task 027.json
# table_prog:
  [gatherNeg(@param0, ['-1'])]
# vis_spec:
    {'mark': 'line', 'encoding': {'x': {'field': 'KEY', 'type': 'nominal'}, 'y': {'field': 'VALUE', 'type': 'quantitative'}, 'color': {'field': 'Period', 'type': 'nominal'}, 'order': {'field': 'KEY', 'type': 'quantitative'}}}
# time used (s): 0.9541

real	0m2.460s
user	0m2.559s
sys	0m0.184s
